OPENMP DISPLAY ENVIRONMENT BEGIN
  OMP_NUM_THREADS	=	192	(user-defined)
  OMP_THREAD_LIMIT	=	8192	(libKOMP default)
  OMP_STACKSIZE		=	8388608	(libKOMP default)
  OMP_MAX_ACTIVE_LEVELS	=	256	(libKOMP default)
  OMP_NESTED		=	false	(libKOMP default)
  OMP_DYNAMIC		=	false	(libKOMP default)
  OMP_PROC_BIND		=	true	(libKOMP default)
  OMP_PLACES		=	{0},{1},{2},{3},{4},{5},{6},{7},{8},{9},{10},{11},{12},{13},{14},{15},{16},{17},{18},{19},{20},{21},{22},{23},{24},{25},{26},{27},{28},{29},{30},{31},{32},{33},{34},{35},{36},{37},{38},{39},{40},{41},{42},{43},{44},{45},{46},{47},{48},{49},{50},{51},{52},{53},{54},{55},{56},{57},{58},{59},{60},{61},{62},{63},{64},{65},{66},{67},{68},{69},{70},{71},{72},{73},{74},{75},{76},{77},{78},{79},{80},{81},{82},{83},{84},{85},{86},{87},{88},{89},{90},{91},{92},{93},{94},{95},{96},{97},{98},{99},{100},{101},{102},{103},{104},{105},{106},{107},{108},{109},{110},{111},{112},{113},{114},{115},{116},{117},{118},{119},{120},{121},{122},{123},{124},{125},{126},{127},{128},{129},{130},{131},{132},{133},{134},{135},{136},{137},{138},{139},{140},{141},{142},{143},{144},{145},{146},{147},{148},{149},{150},{151},{152},{153},{154},{155},{156},{157},{158},{159},{160},{161},{162},{163},{164},{165},{166},{167},{168},{169},{170},{171},{172},{173},{174},{175},{176},{177},{178},{179},{180},{181},{182},{183},{184},{185},{186},{187},{188},{189},{190},{191}	(user-defined)
  OMP_SCHEDULE		=	auto	(libKOMP default)
  OMP_CANCELLATION	=	false	(libKOMP default)
  KOMP_DISPLAY_PERF	=	no	(libKOMP default)
  KOMP_STEAL_PROTOCOL	=	noaggr	(libKOMP default)
  KAAPI_WSPUSH_INIT	=	wspush
  KAAPI_WSPUSH		=	Whws
  KAAPI_WSSELECT	=	hws_N_P
OPENMP DISPLAY ENVIRONMENT END
#Output follows this header :
##Progname Size Blocksize Iterations Threads Gflops(Mean) 
dpotrf_taskdep 16384 256 1 192 443.148650
#Experience summarry : avg : 443.148650 :: std : 0.000000 :: min : 443.148650 :: max : 443.148650 :: median : 443.148650

OPENMP DISPLAY ENVIRONMENT BEGIN
  OMP_NUM_THREADS	=	192	(user-defined)
  OMP_THREAD_LIMIT	=	8192	(libKOMP default)
  OMP_STACKSIZE		=	8388608	(libKOMP default)
  OMP_MAX_ACTIVE_LEVELS	=	256	(libKOMP default)
  OMP_NESTED		=	false	(libKOMP default)
  OMP_DYNAMIC		=	false	(libKOMP default)
  OMP_PROC_BIND		=	true	(libKOMP default)
  OMP_PLACES		=	{0},{1},{2},{3},{4},{5},{6},{7},{8},{9},{10},{11},{12},{13},{14},{15},{16},{17},{18},{19},{20},{21},{22},{23},{24},{25},{26},{27},{28},{29},{30},{31},{32},{33},{34},{35},{36},{37},{38},{39},{40},{41},{42},{43},{44},{45},{46},{47},{48},{49},{50},{51},{52},{53},{54},{55},{56},{57},{58},{59},{60},{61},{62},{63},{64},{65},{66},{67},{68},{69},{70},{71},{72},{73},{74},{75},{76},{77},{78},{79},{80},{81},{82},{83},{84},{85},{86},{87},{88},{89},{90},{91},{92},{93},{94},{95},{96},{97},{98},{99},{100},{101},{102},{103},{104},{105},{106},{107},{108},{109},{110},{111},{112},{113},{114},{115},{116},{117},{118},{119},{120},{121},{122},{123},{124},{125},{126},{127},{128},{129},{130},{131},{132},{133},{134},{135},{136},{137},{138},{139},{140},{141},{142},{143},{144},{145},{146},{147},{148},{149},{150},{151},{152},{153},{154},{155},{156},{157},{158},{159},{160},{161},{162},{163},{164},{165},{166},{167},{168},{169},{170},{171},{172},{173},{174},{175},{176},{177},{178},{179},{180},{181},{182},{183},{184},{185},{186},{187},{188},{189},{190},{191}	(user-defined)
  OMP_SCHEDULE		=	auto	(libKOMP default)
  OMP_CANCELLATION	=	false	(libKOMP default)
  KOMP_DISPLAY_PERF	=	no	(libKOMP default)
  KOMP_STEAL_PROTOCOL	=	noaggr	(libKOMP default)
  KAAPI_WSPUSH_INIT	=	wspush
  KAAPI_WSPUSH		=	Whws
  KAAPI_WSSELECT	=	hws_N_P
OPENMP DISPLAY ENVIRONMENT END
#Output follows this header :
##Progname Size Blocksize Iterations Threads Gflops(Mean) 
dpotrf_taskdep 16384 256 1 192 478.872094
#Experience summarry : avg : 478.872094 :: std : 0.000000 :: min : 478.872094 :: max : 478.872094 :: median : 478.872094

OPENMP DISPLAY ENVIRONMENT BEGIN
  OMP_NUM_THREADS	=	192	(user-defined)
  OMP_THREAD_LIMIT	=	8192	(libKOMP default)
  OMP_STACKSIZE		=	8388608	(libKOMP default)
  OMP_MAX_ACTIVE_LEVELS	=	256	(libKOMP default)
  OMP_NESTED		=	false	(libKOMP default)
  OMP_DYNAMIC		=	false	(libKOMP default)
  OMP_PROC_BIND		=	true	(libKOMP default)
  OMP_PLACES		=	{0},{1},{2},{3},{4},{5},{6},{7},{8},{9},{10},{11},{12},{13},{14},{15},{16},{17},{18},{19},{20},{21},{22},{23},{24},{25},{26},{27},{28},{29},{30},{31},{32},{33},{34},{35},{36},{37},{38},{39},{40},{41},{42},{43},{44},{45},{46},{47},{48},{49},{50},{51},{52},{53},{54},{55},{56},{57},{58},{59},{60},{61},{62},{63},{64},{65},{66},{67},{68},{69},{70},{71},{72},{73},{74},{75},{76},{77},{78},{79},{80},{81},{82},{83},{84},{85},{86},{87},{88},{89},{90},{91},{92},{93},{94},{95},{96},{97},{98},{99},{100},{101},{102},{103},{104},{105},{106},{107},{108},{109},{110},{111},{112},{113},{114},{115},{116},{117},{118},{119},{120},{121},{122},{123},{124},{125},{126},{127},{128},{129},{130},{131},{132},{133},{134},{135},{136},{137},{138},{139},{140},{141},{142},{143},{144},{145},{146},{147},{148},{149},{150},{151},{152},{153},{154},{155},{156},{157},{158},{159},{160},{161},{162},{163},{164},{165},{166},{167},{168},{169},{170},{171},{172},{173},{174},{175},{176},{177},{178},{179},{180},{181},{182},{183},{184},{185},{186},{187},{188},{189},{190},{191}	(user-defined)
  OMP_SCHEDULE		=	auto	(libKOMP default)
  OMP_CANCELLATION	=	false	(libKOMP default)
  KOMP_DISPLAY_PERF	=	no	(libKOMP default)
  KOMP_STEAL_PROTOCOL	=	noaggr	(libKOMP default)
  KAAPI_WSPUSH_INIT	=	wspush
  KAAPI_WSPUSH		=	Whws
  KAAPI_WSSELECT	=	hws_N_P
OPENMP DISPLAY ENVIRONMENT END
#Output follows this header :
##Progname Size Blocksize Iterations Threads Gflops(Mean) 
dpotrf_taskdep 16384 256 1 192 444.887576
#Experience summarry : avg : 444.887576 :: std : 0.000000 :: min : 444.887576 :: max : 444.887576 :: median : 444.887576

OPENMP DISPLAY ENVIRONMENT BEGIN
  OMP_NUM_THREADS	=	192	(user-defined)
  OMP_THREAD_LIMIT	=	8192	(libKOMP default)
  OMP_STACKSIZE		=	8388608	(libKOMP default)
  OMP_MAX_ACTIVE_LEVELS	=	256	(libKOMP default)
  OMP_NESTED		=	false	(libKOMP default)
  OMP_DYNAMIC		=	false	(libKOMP default)
  OMP_PROC_BIND		=	true	(libKOMP default)
  OMP_PLACES		=	{0},{1},{2},{3},{4},{5},{6},{7},{8},{9},{10},{11},{12},{13},{14},{15},{16},{17},{18},{19},{20},{21},{22},{23},{24},{25},{26},{27},{28},{29},{30},{31},{32},{33},{34},{35},{36},{37},{38},{39},{40},{41},{42},{43},{44},{45},{46},{47},{48},{49},{50},{51},{52},{53},{54},{55},{56},{57},{58},{59},{60},{61},{62},{63},{64},{65},{66},{67},{68},{69},{70},{71},{72},{73},{74},{75},{76},{77},{78},{79},{80},{81},{82},{83},{84},{85},{86},{87},{88},{89},{90},{91},{92},{93},{94},{95},{96},{97},{98},{99},{100},{101},{102},{103},{104},{105},{106},{107},{108},{109},{110},{111},{112},{113},{114},{115},{116},{117},{118},{119},{120},{121},{122},{123},{124},{125},{126},{127},{128},{129},{130},{131},{132},{133},{134},{135},{136},{137},{138},{139},{140},{141},{142},{143},{144},{145},{146},{147},{148},{149},{150},{151},{152},{153},{154},{155},{156},{157},{158},{159},{160},{161},{162},{163},{164},{165},{166},{167},{168},{169},{170},{171},{172},{173},{174},{175},{176},{177},{178},{179},{180},{181},{182},{183},{184},{185},{186},{187},{188},{189},{190},{191}	(user-defined)
  OMP_SCHEDULE		=	auto	(libKOMP default)
  OMP_CANCELLATION	=	false	(libKOMP default)
  KOMP_DISPLAY_PERF	=	no	(libKOMP default)
  KOMP_STEAL_PROTOCOL	=	noaggr	(libKOMP default)
  KAAPI_WSPUSH_INIT	=	wspush
  KAAPI_WSPUSH		=	Whws
  KAAPI_WSSELECT	=	hws_N_P
OPENMP DISPLAY ENVIRONMENT END
#Output follows this header :
##Progname Size Blocksize Iterations Threads Gflops(Mean) 
dpotrf_taskdep 16384 256 1 192 344.497686
#Experience summarry : avg : 344.497686 :: std : 0.000000 :: min : 344.497686 :: max : 344.497686 :: median : 344.497686

OPENMP DISPLAY ENVIRONMENT BEGIN
  OMP_NUM_THREADS	=	192	(user-defined)
  OMP_THREAD_LIMIT	=	8192	(libKOMP default)
  OMP_STACKSIZE		=	8388608	(libKOMP default)
  OMP_MAX_ACTIVE_LEVELS	=	256	(libKOMP default)
  OMP_NESTED		=	false	(libKOMP default)
  OMP_DYNAMIC		=	false	(libKOMP default)
  OMP_PROC_BIND		=	true	(libKOMP default)
  OMP_PLACES		=	{0},{1},{2},{3},{4},{5},{6},{7},{8},{9},{10},{11},{12},{13},{14},{15},{16},{17},{18},{19},{20},{21},{22},{23},{24},{25},{26},{27},{28},{29},{30},{31},{32},{33},{34},{35},{36},{37},{38},{39},{40},{41},{42},{43},{44},{45},{46},{47},{48},{49},{50},{51},{52},{53},{54},{55},{56},{57},{58},{59},{60},{61},{62},{63},{64},{65},{66},{67},{68},{69},{70},{71},{72},{73},{74},{75},{76},{77},{78},{79},{80},{81},{82},{83},{84},{85},{86},{87},{88},{89},{90},{91},{92},{93},{94},{95},{96},{97},{98},{99},{100},{101},{102},{103},{104},{105},{106},{107},{108},{109},{110},{111},{112},{113},{114},{115},{116},{117},{118},{119},{120},{121},{122},{123},{124},{125},{126},{127},{128},{129},{130},{131},{132},{133},{134},{135},{136},{137},{138},{139},{140},{141},{142},{143},{144},{145},{146},{147},{148},{149},{150},{151},{152},{153},{154},{155},{156},{157},{158},{159},{160},{161},{162},{163},{164},{165},{166},{167},{168},{169},{170},{171},{172},{173},{174},{175},{176},{177},{178},{179},{180},{181},{182},{183},{184},{185},{186},{187},{188},{189},{190},{191}	(user-defined)
  OMP_SCHEDULE		=	auto	(libKOMP default)
  OMP_CANCELLATION	=	false	(libKOMP default)
  KOMP_DISPLAY_PERF	=	no	(libKOMP default)
  KOMP_STEAL_PROTOCOL	=	noaggr	(libKOMP default)
  KAAPI_WSPUSH_INIT	=	wspush
  KAAPI_WSPUSH		=	Whws
  KAAPI_WSSELECT	=	hws_N_P
OPENMP DISPLAY ENVIRONMENT END
#Output follows this header :
##Progname Size Blocksize Iterations Threads Gflops(Mean) 
dpotrf_taskdep 16384 256 1 192 689.005756
#Experience summarry : avg : 689.005756 :: std : 0.000000 :: min : 689.005756 :: max : 689.005756 :: median : 689.005756

OPENMP DISPLAY ENVIRONMENT BEGIN
  OMP_NUM_THREADS	=	192	(user-defined)
  OMP_THREAD_LIMIT	=	8192	(libKOMP default)
  OMP_STACKSIZE		=	8388608	(libKOMP default)
  OMP_MAX_ACTIVE_LEVELS	=	256	(libKOMP default)
  OMP_NESTED		=	false	(libKOMP default)
  OMP_DYNAMIC		=	false	(libKOMP default)
  OMP_PROC_BIND		=	true	(libKOMP default)
  OMP_PLACES		=	{0},{1},{2},{3},{4},{5},{6},{7},{8},{9},{10},{11},{12},{13},{14},{15},{16},{17},{18},{19},{20},{21},{22},{23},{24},{25},{26},{27},{28},{29},{30},{31},{32},{33},{34},{35},{36},{37},{38},{39},{40},{41},{42},{43},{44},{45},{46},{47},{48},{49},{50},{51},{52},{53},{54},{55},{56},{57},{58},{59},{60},{61},{62},{63},{64},{65},{66},{67},{68},{69},{70},{71},{72},{73},{74},{75},{76},{77},{78},{79},{80},{81},{82},{83},{84},{85},{86},{87},{88},{89},{90},{91},{92},{93},{94},{95},{96},{97},{98},{99},{100},{101},{102},{103},{104},{105},{106},{107},{108},{109},{110},{111},{112},{113},{114},{115},{116},{117},{118},{119},{120},{121},{122},{123},{124},{125},{126},{127},{128},{129},{130},{131},{132},{133},{134},{135},{136},{137},{138},{139},{140},{141},{142},{143},{144},{145},{146},{147},{148},{149},{150},{151},{152},{153},{154},{155},{156},{157},{158},{159},{160},{161},{162},{163},{164},{165},{166},{167},{168},{169},{170},{171},{172},{173},{174},{175},{176},{177},{178},{179},{180},{181},{182},{183},{184},{185},{186},{187},{188},{189},{190},{191}	(user-defined)
  OMP_SCHEDULE		=	auto	(libKOMP default)
  OMP_CANCELLATION	=	false	(libKOMP default)
  KOMP_DISPLAY_PERF	=	no	(libKOMP default)
  KOMP_STEAL_PROTOCOL	=	noaggr	(libKOMP default)
  KAAPI_WSPUSH_INIT	=	wspush
  KAAPI_WSPUSH		=	Whws
  KAAPI_WSSELECT	=	hws_N_P
OPENMP DISPLAY ENVIRONMENT END
#Output follows this header :
##Progname Size Blocksize Iterations Threads Gflops(Mean) 
dpotrf_taskdep 16384 256 1 192 469.444445
#Experience summarry : avg : 469.444445 :: std : 0.000000 :: min : 469.444445 :: max : 469.444445 :: median : 469.444445

OPENMP DISPLAY ENVIRONMENT BEGIN
  OMP_NUM_THREADS	=	192	(user-defined)
  OMP_THREAD_LIMIT	=	8192	(libKOMP default)
  OMP_STACKSIZE		=	8388608	(libKOMP default)
  OMP_MAX_ACTIVE_LEVELS	=	256	(libKOMP default)
  OMP_NESTED		=	false	(libKOMP default)
  OMP_DYNAMIC		=	false	(libKOMP default)
  OMP_PROC_BIND		=	true	(libKOMP default)
  OMP_PLACES		=	{0},{1},{2},{3},{4},{5},{6},{7},{8},{9},{10},{11},{12},{13},{14},{15},{16},{17},{18},{19},{20},{21},{22},{23},{24},{25},{26},{27},{28},{29},{30},{31},{32},{33},{34},{35},{36},{37},{38},{39},{40},{41},{42},{43},{44},{45},{46},{47},{48},{49},{50},{51},{52},{53},{54},{55},{56},{57},{58},{59},{60},{61},{62},{63},{64},{65},{66},{67},{68},{69},{70},{71},{72},{73},{74},{75},{76},{77},{78},{79},{80},{81},{82},{83},{84},{85},{86},{87},{88},{89},{90},{91},{92},{93},{94},{95},{96},{97},{98},{99},{100},{101},{102},{103},{104},{105},{106},{107},{108},{109},{110},{111},{112},{113},{114},{115},{116},{117},{118},{119},{120},{121},{122},{123},{124},{125},{126},{127},{128},{129},{130},{131},{132},{133},{134},{135},{136},{137},{138},{139},{140},{141},{142},{143},{144},{145},{146},{147},{148},{149},{150},{151},{152},{153},{154},{155},{156},{157},{158},{159},{160},{161},{162},{163},{164},{165},{166},{167},{168},{169},{170},{171},{172},{173},{174},{175},{176},{177},{178},{179},{180},{181},{182},{183},{184},{185},{186},{187},{188},{189},{190},{191}	(user-defined)
  OMP_SCHEDULE		=	auto	(libKOMP default)
  OMP_CANCELLATION	=	false	(libKOMP default)
  KOMP_DISPLAY_PERF	=	no	(libKOMP default)
  KOMP_STEAL_PROTOCOL	=	noaggr	(libKOMP default)
  KAAPI_WSPUSH_INIT	=	wspush
  KAAPI_WSPUSH		=	Whws
  KAAPI_WSSELECT	=	hws_N_P
OPENMP DISPLAY ENVIRONMENT END
#Output follows this header :
##Progname Size Blocksize Iterations Threads Gflops(Mean) 
dpotrf_taskdep 16384 256 1 192 535.032944
#Experience summarry : avg : 535.032944 :: std : 0.000000 :: min : 535.032944 :: max : 535.032944 :: median : 535.032944

OPENMP DISPLAY ENVIRONMENT BEGIN
  OMP_NUM_THREADS	=	192	(user-defined)
  OMP_THREAD_LIMIT	=	8192	(libKOMP default)
  OMP_STACKSIZE		=	8388608	(libKOMP default)
  OMP_MAX_ACTIVE_LEVELS	=	256	(libKOMP default)
  OMP_NESTED		=	false	(libKOMP default)
  OMP_DYNAMIC		=	false	(libKOMP default)
  OMP_PROC_BIND		=	true	(libKOMP default)
  OMP_PLACES		=	{0},{1},{2},{3},{4},{5},{6},{7},{8},{9},{10},{11},{12},{13},{14},{15},{16},{17},{18},{19},{20},{21},{22},{23},{24},{25},{26},{27},{28},{29},{30},{31},{32},{33},{34},{35},{36},{37},{38},{39},{40},{41},{42},{43},{44},{45},{46},{47},{48},{49},{50},{51},{52},{53},{54},{55},{56},{57},{58},{59},{60},{61},{62},{63},{64},{65},{66},{67},{68},{69},{70},{71},{72},{73},{74},{75},{76},{77},{78},{79},{80},{81},{82},{83},{84},{85},{86},{87},{88},{89},{90},{91},{92},{93},{94},{95},{96},{97},{98},{99},{100},{101},{102},{103},{104},{105},{106},{107},{108},{109},{110},{111},{112},{113},{114},{115},{116},{117},{118},{119},{120},{121},{122},{123},{124},{125},{126},{127},{128},{129},{130},{131},{132},{133},{134},{135},{136},{137},{138},{139},{140},{141},{142},{143},{144},{145},{146},{147},{148},{149},{150},{151},{152},{153},{154},{155},{156},{157},{158},{159},{160},{161},{162},{163},{164},{165},{166},{167},{168},{169},{170},{171},{172},{173},{174},{175},{176},{177},{178},{179},{180},{181},{182},{183},{184},{185},{186},{187},{188},{189},{190},{191}	(user-defined)
  OMP_SCHEDULE		=	auto	(libKOMP default)
  OMP_CANCELLATION	=	false	(libKOMP default)
  KOMP_DISPLAY_PERF	=	no	(libKOMP default)
  KOMP_STEAL_PROTOCOL	=	noaggr	(libKOMP default)
  KAAPI_WSPUSH_INIT	=	wspush
  KAAPI_WSPUSH		=	Whws
  KAAPI_WSSELECT	=	hws_N_P
OPENMP DISPLAY ENVIRONMENT END
#Output follows this header :
##Progname Size Blocksize Iterations Threads Gflops(Mean) 
dpotrf_taskdep 16384 256 1 192 593.534352
#Experience summarry : avg : 593.534352 :: std : 0.000000 :: min : 593.534352 :: max : 593.534352 :: median : 593.534352

OPENMP DISPLAY ENVIRONMENT BEGIN
  OMP_NUM_THREADS	=	192	(user-defined)
  OMP_THREAD_LIMIT	=	8192	(libKOMP default)
  OMP_STACKSIZE		=	8388608	(libKOMP default)
  OMP_MAX_ACTIVE_LEVELS	=	256	(libKOMP default)
  OMP_NESTED		=	false	(libKOMP default)
  OMP_DYNAMIC		=	false	(libKOMP default)
  OMP_PROC_BIND		=	true	(libKOMP default)
  OMP_PLACES		=	{0},{1},{2},{3},{4},{5},{6},{7},{8},{9},{10},{11},{12},{13},{14},{15},{16},{17},{18},{19},{20},{21},{22},{23},{24},{25},{26},{27},{28},{29},{30},{31},{32},{33},{34},{35},{36},{37},{38},{39},{40},{41},{42},{43},{44},{45},{46},{47},{48},{49},{50},{51},{52},{53},{54},{55},{56},{57},{58},{59},{60},{61},{62},{63},{64},{65},{66},{67},{68},{69},{70},{71},{72},{73},{74},{75},{76},{77},{78},{79},{80},{81},{82},{83},{84},{85},{86},{87},{88},{89},{90},{91},{92},{93},{94},{95},{96},{97},{98},{99},{100},{101},{102},{103},{104},{105},{106},{107},{108},{109},{110},{111},{112},{113},{114},{115},{116},{117},{118},{119},{120},{121},{122},{123},{124},{125},{126},{127},{128},{129},{130},{131},{132},{133},{134},{135},{136},{137},{138},{139},{140},{141},{142},{143},{144},{145},{146},{147},{148},{149},{150},{151},{152},{153},{154},{155},{156},{157},{158},{159},{160},{161},{162},{163},{164},{165},{166},{167},{168},{169},{170},{171},{172},{173},{174},{175},{176},{177},{178},{179},{180},{181},{182},{183},{184},{185},{186},{187},{188},{189},{190},{191}	(user-defined)
  OMP_SCHEDULE		=	auto	(libKOMP default)
  OMP_CANCELLATION	=	false	(libKOMP default)
  KOMP_DISPLAY_PERF	=	no	(libKOMP default)
  KOMP_STEAL_PROTOCOL	=	noaggr	(libKOMP default)
  KAAPI_WSPUSH_INIT	=	wspush
  KAAPI_WSPUSH		=	Whws
  KAAPI_WSSELECT	=	hws_N_P
OPENMP DISPLAY ENVIRONMENT END
#Output follows this header :
##Progname Size Blocksize Iterations Threads Gflops(Mean) 
dpotrf_taskdep 16384 256 1 192 640.229133
#Experience summarry : avg : 640.229133 :: std : 0.000000 :: min : 640.229133 :: max : 640.229133 :: median : 640.229133

OPENMP DISPLAY ENVIRONMENT BEGIN
  OMP_NUM_THREADS	=	192	(user-defined)
  OMP_THREAD_LIMIT	=	8192	(libKOMP default)
  OMP_STACKSIZE		=	8388608	(libKOMP default)
  OMP_MAX_ACTIVE_LEVELS	=	256	(libKOMP default)
  OMP_NESTED		=	false	(libKOMP default)
  OMP_DYNAMIC		=	false	(libKOMP default)
  OMP_PROC_BIND		=	true	(libKOMP default)
  OMP_PLACES		=	{0},{1},{2},{3},{4},{5},{6},{7},{8},{9},{10},{11},{12},{13},{14},{15},{16},{17},{18},{19},{20},{21},{22},{23},{24},{25},{26},{27},{28},{29},{30},{31},{32},{33},{34},{35},{36},{37},{38},{39},{40},{41},{42},{43},{44},{45},{46},{47},{48},{49},{50},{51},{52},{53},{54},{55},{56},{57},{58},{59},{60},{61},{62},{63},{64},{65},{66},{67},{68},{69},{70},{71},{72},{73},{74},{75},{76},{77},{78},{79},{80},{81},{82},{83},{84},{85},{86},{87},{88},{89},{90},{91},{92},{93},{94},{95},{96},{97},{98},{99},{100},{101},{102},{103},{104},{105},{106},{107},{108},{109},{110},{111},{112},{113},{114},{115},{116},{117},{118},{119},{120},{121},{122},{123},{124},{125},{126},{127},{128},{129},{130},{131},{132},{133},{134},{135},{136},{137},{138},{139},{140},{141},{142},{143},{144},{145},{146},{147},{148},{149},{150},{151},{152},{153},{154},{155},{156},{157},{158},{159},{160},{161},{162},{163},{164},{165},{166},{167},{168},{169},{170},{171},{172},{173},{174},{175},{176},{177},{178},{179},{180},{181},{182},{183},{184},{185},{186},{187},{188},{189},{190},{191}	(user-defined)
  OMP_SCHEDULE		=	auto	(libKOMP default)
  OMP_CANCELLATION	=	false	(libKOMP default)
  KOMP_DISPLAY_PERF	=	no	(libKOMP default)
  KOMP_STEAL_PROTOCOL	=	noaggr	(libKOMP default)
  KAAPI_WSPUSH_INIT	=	wspush
  KAAPI_WSPUSH		=	Whws
  KAAPI_WSSELECT	=	hws_N_P
OPENMP DISPLAY ENVIRONMENT END
#Output follows this header :
##Progname Size Blocksize Iterations Threads Gflops(Mean) 
dpotrf_taskdep 16384 256 1 192 506.892022
#Experience summarry : avg : 506.892022 :: std : 0.000000 :: min : 506.892022 :: max : 506.892022 :: median : 506.892022

OPENMP DISPLAY ENVIRONMENT BEGIN
  OMP_NUM_THREADS	=	192	(user-defined)
  OMP_THREAD_LIMIT	=	8192	(libKOMP default)
  OMP_STACKSIZE		=	8388608	(libKOMP default)
  OMP_MAX_ACTIVE_LEVELS	=	256	(libKOMP default)
  OMP_NESTED		=	false	(libKOMP default)
  OMP_DYNAMIC		=	false	(libKOMP default)
  OMP_PROC_BIND		=	true	(libKOMP default)
  OMP_PLACES		=	{0},{1},{2},{3},{4},{5},{6},{7},{8},{9},{10},{11},{12},{13},{14},{15},{16},{17},{18},{19},{20},{21},{22},{23},{24},{25},{26},{27},{28},{29},{30},{31},{32},{33},{34},{35},{36},{37},{38},{39},{40},{41},{42},{43},{44},{45},{46},{47},{48},{49},{50},{51},{52},{53},{54},{55},{56},{57},{58},{59},{60},{61},{62},{63},{64},{65},{66},{67},{68},{69},{70},{71},{72},{73},{74},{75},{76},{77},{78},{79},{80},{81},{82},{83},{84},{85},{86},{87},{88},{89},{90},{91},{92},{93},{94},{95},{96},{97},{98},{99},{100},{101},{102},{103},{104},{105},{106},{107},{108},{109},{110},{111},{112},{113},{114},{115},{116},{117},{118},{119},{120},{121},{122},{123},{124},{125},{126},{127},{128},{129},{130},{131},{132},{133},{134},{135},{136},{137},{138},{139},{140},{141},{142},{143},{144},{145},{146},{147},{148},{149},{150},{151},{152},{153},{154},{155},{156},{157},{158},{159},{160},{161},{162},{163},{164},{165},{166},{167},{168},{169},{170},{171},{172},{173},{174},{175},{176},{177},{178},{179},{180},{181},{182},{183},{184},{185},{186},{187},{188},{189},{190},{191}	(user-defined)
  OMP_SCHEDULE		=	auto	(libKOMP default)
  OMP_CANCELLATION	=	false	(libKOMP default)
  KOMP_DISPLAY_PERF	=	no	(libKOMP default)
  KOMP_STEAL_PROTOCOL	=	noaggr	(libKOMP default)
  KAAPI_WSPUSH_INIT	=	wspush
  KAAPI_WSPUSH		=	Whws
  KAAPI_WSSELECT	=	hws_N_P
OPENMP DISPLAY ENVIRONMENT END
#Output follows this header :
##Progname Size Blocksize Iterations Threads Gflops(Mean) 
dpotrf_taskdep 16384 256 1 192 634.740825
#Experience summarry : avg : 634.740825 :: std : 0.000000 :: min : 634.740825 :: max : 634.740825 :: median : 634.740825

OPENMP DISPLAY ENVIRONMENT BEGIN
  OMP_NUM_THREADS	=	192	(user-defined)
  OMP_THREAD_LIMIT	=	8192	(libKOMP default)
  OMP_STACKSIZE		=	8388608	(libKOMP default)
  OMP_MAX_ACTIVE_LEVELS	=	256	(libKOMP default)
  OMP_NESTED		=	false	(libKOMP default)
  OMP_DYNAMIC		=	false	(libKOMP default)
  OMP_PROC_BIND		=	true	(libKOMP default)
  OMP_PLACES		=	{0},{1},{2},{3},{4},{5},{6},{7},{8},{9},{10},{11},{12},{13},{14},{15},{16},{17},{18},{19},{20},{21},{22},{23},{24},{25},{26},{27},{28},{29},{30},{31},{32},{33},{34},{35},{36},{37},{38},{39},{40},{41},{42},{43},{44},{45},{46},{47},{48},{49},{50},{51},{52},{53},{54},{55},{56},{57},{58},{59},{60},{61},{62},{63},{64},{65},{66},{67},{68},{69},{70},{71},{72},{73},{74},{75},{76},{77},{78},{79},{80},{81},{82},{83},{84},{85},{86},{87},{88},{89},{90},{91},{92},{93},{94},{95},{96},{97},{98},{99},{100},{101},{102},{103},{104},{105},{106},{107},{108},{109},{110},{111},{112},{113},{114},{115},{116},{117},{118},{119},{120},{121},{122},{123},{124},{125},{126},{127},{128},{129},{130},{131},{132},{133},{134},{135},{136},{137},{138},{139},{140},{141},{142},{143},{144},{145},{146},{147},{148},{149},{150},{151},{152},{153},{154},{155},{156},{157},{158},{159},{160},{161},{162},{163},{164},{165},{166},{167},{168},{169},{170},{171},{172},{173},{174},{175},{176},{177},{178},{179},{180},{181},{182},{183},{184},{185},{186},{187},{188},{189},{190},{191}	(user-defined)
  OMP_SCHEDULE		=	auto	(libKOMP default)
  OMP_CANCELLATION	=	false	(libKOMP default)
  KOMP_DISPLAY_PERF	=	no	(libKOMP default)
  KOMP_STEAL_PROTOCOL	=	noaggr	(libKOMP default)
  KAAPI_WSPUSH_INIT	=	wspush
  KAAPI_WSPUSH		=	Whws
  KAAPI_WSSELECT	=	hws_N_P
OPENMP DISPLAY ENVIRONMENT END
#Output follows this header :
##Progname Size Blocksize Iterations Threads Gflops(Mean) 
dpotrf_taskdep 16384 256 1 192 573.548410
#Experience summarry : avg : 573.548410 :: std : 0.000000 :: min : 573.548410 :: max : 573.548410 :: median : 573.548410

OPENMP DISPLAY ENVIRONMENT BEGIN
  OMP_NUM_THREADS	=	192	(user-defined)
  OMP_THREAD_LIMIT	=	8192	(libKOMP default)
  OMP_STACKSIZE		=	8388608	(libKOMP default)
  OMP_MAX_ACTIVE_LEVELS	=	256	(libKOMP default)
  OMP_NESTED		=	false	(libKOMP default)
  OMP_DYNAMIC		=	false	(libKOMP default)
  OMP_PROC_BIND		=	true	(libKOMP default)
  OMP_PLACES		=	{0},{1},{2},{3},{4},{5},{6},{7},{8},{9},{10},{11},{12},{13},{14},{15},{16},{17},{18},{19},{20},{21},{22},{23},{24},{25},{26},{27},{28},{29},{30},{31},{32},{33},{34},{35},{36},{37},{38},{39},{40},{41},{42},{43},{44},{45},{46},{47},{48},{49},{50},{51},{52},{53},{54},{55},{56},{57},{58},{59},{60},{61},{62},{63},{64},{65},{66},{67},{68},{69},{70},{71},{72},{73},{74},{75},{76},{77},{78},{79},{80},{81},{82},{83},{84},{85},{86},{87},{88},{89},{90},{91},{92},{93},{94},{95},{96},{97},{98},{99},{100},{101},{102},{103},{104},{105},{106},{107},{108},{109},{110},{111},{112},{113},{114},{115},{116},{117},{118},{119},{120},{121},{122},{123},{124},{125},{126},{127},{128},{129},{130},{131},{132},{133},{134},{135},{136},{137},{138},{139},{140},{141},{142},{143},{144},{145},{146},{147},{148},{149},{150},{151},{152},{153},{154},{155},{156},{157},{158},{159},{160},{161},{162},{163},{164},{165},{166},{167},{168},{169},{170},{171},{172},{173},{174},{175},{176},{177},{178},{179},{180},{181},{182},{183},{184},{185},{186},{187},{188},{189},{190},{191}	(user-defined)
  OMP_SCHEDULE		=	auto	(libKOMP default)
  OMP_CANCELLATION	=	false	(libKOMP default)
  KOMP_DISPLAY_PERF	=	no	(libKOMP default)
  KOMP_STEAL_PROTOCOL	=	noaggr	(libKOMP default)
  KAAPI_WSPUSH_INIT	=	wspush
  KAAPI_WSPUSH		=	Whws
  KAAPI_WSSELECT	=	hws_N_P
OPENMP DISPLAY ENVIRONMENT END
#Output follows this header :
##Progname Size Blocksize Iterations Threads Gflops(Mean) 
dpotrf_taskdep 16384 256 1 192 616.857680
#Experience summarry : avg : 616.857680 :: std : 0.000000 :: min : 616.857680 :: max : 616.857680 :: median : 616.857680

OPENMP DISPLAY ENVIRONMENT BEGIN
  OMP_NUM_THREADS	=	192	(user-defined)
  OMP_THREAD_LIMIT	=	8192	(libKOMP default)
  OMP_STACKSIZE		=	8388608	(libKOMP default)
  OMP_MAX_ACTIVE_LEVELS	=	256	(libKOMP default)
  OMP_NESTED		=	false	(libKOMP default)
  OMP_DYNAMIC		=	false	(libKOMP default)
  OMP_PROC_BIND		=	true	(libKOMP default)
  OMP_PLACES		=	{0},{1},{2},{3},{4},{5},{6},{7},{8},{9},{10},{11},{12},{13},{14},{15},{16},{17},{18},{19},{20},{21},{22},{23},{24},{25},{26},{27},{28},{29},{30},{31},{32},{33},{34},{35},{36},{37},{38},{39},{40},{41},{42},{43},{44},{45},{46},{47},{48},{49},{50},{51},{52},{53},{54},{55},{56},{57},{58},{59},{60},{61},{62},{63},{64},{65},{66},{67},{68},{69},{70},{71},{72},{73},{74},{75},{76},{77},{78},{79},{80},{81},{82},{83},{84},{85},{86},{87},{88},{89},{90},{91},{92},{93},{94},{95},{96},{97},{98},{99},{100},{101},{102},{103},{104},{105},{106},{107},{108},{109},{110},{111},{112},{113},{114},{115},{116},{117},{118},{119},{120},{121},{122},{123},{124},{125},{126},{127},{128},{129},{130},{131},{132},{133},{134},{135},{136},{137},{138},{139},{140},{141},{142},{143},{144},{145},{146},{147},{148},{149},{150},{151},{152},{153},{154},{155},{156},{157},{158},{159},{160},{161},{162},{163},{164},{165},{166},{167},{168},{169},{170},{171},{172},{173},{174},{175},{176},{177},{178},{179},{180},{181},{182},{183},{184},{185},{186},{187},{188},{189},{190},{191}	(user-defined)
  OMP_SCHEDULE		=	auto	(libKOMP default)
  OMP_CANCELLATION	=	false	(libKOMP default)
  KOMP_DISPLAY_PERF	=	no	(libKOMP default)
  KOMP_STEAL_PROTOCOL	=	noaggr	(libKOMP default)
  KAAPI_WSPUSH_INIT	=	wspush
  KAAPI_WSPUSH		=	Whws
  KAAPI_WSSELECT	=	hws_N_P
OPENMP DISPLAY ENVIRONMENT END
#Output follows this header :
##Progname Size Blocksize Iterations Threads Gflops(Mean) 
dpotrf_taskdep 16384 256 1 192 563.267468
#Experience summarry : avg : 563.267468 :: std : 0.000000 :: min : 563.267468 :: max : 563.267468 :: median : 563.267468

OPENMP DISPLAY ENVIRONMENT BEGIN
  OMP_NUM_THREADS	=	192	(user-defined)
  OMP_THREAD_LIMIT	=	8192	(libKOMP default)
  OMP_STACKSIZE		=	8388608	(libKOMP default)
  OMP_MAX_ACTIVE_LEVELS	=	256	(libKOMP default)
  OMP_NESTED		=	false	(libKOMP default)
  OMP_DYNAMIC		=	false	(libKOMP default)
  OMP_PROC_BIND		=	true	(libKOMP default)
  OMP_PLACES		=	{0},{1},{2},{3},{4},{5},{6},{7},{8},{9},{10},{11},{12},{13},{14},{15},{16},{17},{18},{19},{20},{21},{22},{23},{24},{25},{26},{27},{28},{29},{30},{31},{32},{33},{34},{35},{36},{37},{38},{39},{40},{41},{42},{43},{44},{45},{46},{47},{48},{49},{50},{51},{52},{53},{54},{55},{56},{57},{58},{59},{60},{61},{62},{63},{64},{65},{66},{67},{68},{69},{70},{71},{72},{73},{74},{75},{76},{77},{78},{79},{80},{81},{82},{83},{84},{85},{86},{87},{88},{89},{90},{91},{92},{93},{94},{95},{96},{97},{98},{99},{100},{101},{102},{103},{104},{105},{106},{107},{108},{109},{110},{111},{112},{113},{114},{115},{116},{117},{118},{119},{120},{121},{122},{123},{124},{125},{126},{127},{128},{129},{130},{131},{132},{133},{134},{135},{136},{137},{138},{139},{140},{141},{142},{143},{144},{145},{146},{147},{148},{149},{150},{151},{152},{153},{154},{155},{156},{157},{158},{159},{160},{161},{162},{163},{164},{165},{166},{167},{168},{169},{170},{171},{172},{173},{174},{175},{176},{177},{178},{179},{180},{181},{182},{183},{184},{185},{186},{187},{188},{189},{190},{191}	(user-defined)
  OMP_SCHEDULE		=	auto	(libKOMP default)
  OMP_CANCELLATION	=	false	(libKOMP default)
  KOMP_DISPLAY_PERF	=	no	(libKOMP default)
  KOMP_STEAL_PROTOCOL	=	noaggr	(libKOMP default)
  KAAPI_WSPUSH_INIT	=	wspush
  KAAPI_WSPUSH		=	Whws
  KAAPI_WSSELECT	=	hws_N_P
OPENMP DISPLAY ENVIRONMENT END
#Output follows this header :
##Progname Size Blocksize Iterations Threads Gflops(Mean) 
dpotrf_taskdep 16384 256 1 192 643.346091
#Experience summarry : avg : 643.346091 :: std : 0.000000 :: min : 643.346091 :: max : 643.346091 :: median : 643.346091

OPENMP DISPLAY ENVIRONMENT BEGIN
  OMP_NUM_THREADS	=	192	(user-defined)
  OMP_THREAD_LIMIT	=	8192	(libKOMP default)
  OMP_STACKSIZE		=	8388608	(libKOMP default)
  OMP_MAX_ACTIVE_LEVELS	=	256	(libKOMP default)
  OMP_NESTED		=	false	(libKOMP default)
  OMP_DYNAMIC		=	false	(libKOMP default)
  OMP_PROC_BIND		=	true	(libKOMP default)
  OMP_PLACES		=	{0},{1},{2},{3},{4},{5},{6},{7},{8},{9},{10},{11},{12},{13},{14},{15},{16},{17},{18},{19},{20},{21},{22},{23},{24},{25},{26},{27},{28},{29},{30},{31},{32},{33},{34},{35},{36},{37},{38},{39},{40},{41},{42},{43},{44},{45},{46},{47},{48},{49},{50},{51},{52},{53},{54},{55},{56},{57},{58},{59},{60},{61},{62},{63},{64},{65},{66},{67},{68},{69},{70},{71},{72},{73},{74},{75},{76},{77},{78},{79},{80},{81},{82},{83},{84},{85},{86},{87},{88},{89},{90},{91},{92},{93},{94},{95},{96},{97},{98},{99},{100},{101},{102},{103},{104},{105},{106},{107},{108},{109},{110},{111},{112},{113},{114},{115},{116},{117},{118},{119},{120},{121},{122},{123},{124},{125},{126},{127},{128},{129},{130},{131},{132},{133},{134},{135},{136},{137},{138},{139},{140},{141},{142},{143},{144},{145},{146},{147},{148},{149},{150},{151},{152},{153},{154},{155},{156},{157},{158},{159},{160},{161},{162},{163},{164},{165},{166},{167},{168},{169},{170},{171},{172},{173},{174},{175},{176},{177},{178},{179},{180},{181},{182},{183},{184},{185},{186},{187},{188},{189},{190},{191}	(user-defined)
  OMP_SCHEDULE		=	auto	(libKOMP default)
  OMP_CANCELLATION	=	false	(libKOMP default)
  KOMP_DISPLAY_PERF	=	no	(libKOMP default)
  KOMP_STEAL_PROTOCOL	=	noaggr	(libKOMP default)
  KAAPI_WSPUSH_INIT	=	wspush
  KAAPI_WSPUSH		=	Whws
  KAAPI_WSSELECT	=	hws_N_P
OPENMP DISPLAY ENVIRONMENT END
#Output follows this header :
##Progname Size Blocksize Iterations Threads Gflops(Mean) 
dpotrf_taskdep 32768 512 1 192 836.556014
#Experience summarry : avg : 836.556014 :: std : 0.000000 :: min : 836.556014 :: max : 836.556014 :: median : 836.556014

OPENMP DISPLAY ENVIRONMENT BEGIN
  OMP_NUM_THREADS	=	192	(user-defined)
  OMP_THREAD_LIMIT	=	8192	(libKOMP default)
  OMP_STACKSIZE		=	8388608	(libKOMP default)
  OMP_MAX_ACTIVE_LEVELS	=	256	(libKOMP default)
  OMP_NESTED		=	false	(libKOMP default)
  OMP_DYNAMIC		=	false	(libKOMP default)
  OMP_PROC_BIND		=	true	(libKOMP default)
  OMP_PLACES		=	{0},{1},{2},{3},{4},{5},{6},{7},{8},{9},{10},{11},{12},{13},{14},{15},{16},{17},{18},{19},{20},{21},{22},{23},{24},{25},{26},{27},{28},{29},{30},{31},{32},{33},{34},{35},{36},{37},{38},{39},{40},{41},{42},{43},{44},{45},{46},{47},{48},{49},{50},{51},{52},{53},{54},{55},{56},{57},{58},{59},{60},{61},{62},{63},{64},{65},{66},{67},{68},{69},{70},{71},{72},{73},{74},{75},{76},{77},{78},{79},{80},{81},{82},{83},{84},{85},{86},{87},{88},{89},{90},{91},{92},{93},{94},{95},{96},{97},{98},{99},{100},{101},{102},{103},{104},{105},{106},{107},{108},{109},{110},{111},{112},{113},{114},{115},{116},{117},{118},{119},{120},{121},{122},{123},{124},{125},{126},{127},{128},{129},{130},{131},{132},{133},{134},{135},{136},{137},{138},{139},{140},{141},{142},{143},{144},{145},{146},{147},{148},{149},{150},{151},{152},{153},{154},{155},{156},{157},{158},{159},{160},{161},{162},{163},{164},{165},{166},{167},{168},{169},{170},{171},{172},{173},{174},{175},{176},{177},{178},{179},{180},{181},{182},{183},{184},{185},{186},{187},{188},{189},{190},{191}	(user-defined)
  OMP_SCHEDULE		=	auto	(libKOMP default)
  OMP_CANCELLATION	=	false	(libKOMP default)
  KOMP_DISPLAY_PERF	=	no	(libKOMP default)
  KOMP_STEAL_PROTOCOL	=	noaggr	(libKOMP default)
  KAAPI_WSPUSH_INIT	=	wspush
  KAAPI_WSPUSH		=	Whws
  KAAPI_WSSELECT	=	hws_N_P
OPENMP DISPLAY ENVIRONMENT END
#Output follows this header :
##Progname Size Blocksize Iterations Threads Gflops(Mean) 
dpotrf_taskdep 32768 512 1 192 1143.475103
#Experience summarry : avg : 1143.475103 :: std : 0.000000 :: min : 1143.475103 :: max : 1143.475103 :: median : 1143.475103

OPENMP DISPLAY ENVIRONMENT BEGIN
  OMP_NUM_THREADS	=	192	(user-defined)
  OMP_THREAD_LIMIT	=	8192	(libKOMP default)
  OMP_STACKSIZE		=	8388608	(libKOMP default)
  OMP_MAX_ACTIVE_LEVELS	=	256	(libKOMP default)
  OMP_NESTED		=	false	(libKOMP default)
  OMP_DYNAMIC		=	false	(libKOMP default)
  OMP_PROC_BIND		=	true	(libKOMP default)
  OMP_PLACES		=	{0},{1},{2},{3},{4},{5},{6},{7},{8},{9},{10},{11},{12},{13},{14},{15},{16},{17},{18},{19},{20},{21},{22},{23},{24},{25},{26},{27},{28},{29},{30},{31},{32},{33},{34},{35},{36},{37},{38},{39},{40},{41},{42},{43},{44},{45},{46},{47},{48},{49},{50},{51},{52},{53},{54},{55},{56},{57},{58},{59},{60},{61},{62},{63},{64},{65},{66},{67},{68},{69},{70},{71},{72},{73},{74},{75},{76},{77},{78},{79},{80},{81},{82},{83},{84},{85},{86},{87},{88},{89},{90},{91},{92},{93},{94},{95},{96},{97},{98},{99},{100},{101},{102},{103},{104},{105},{106},{107},{108},{109},{110},{111},{112},{113},{114},{115},{116},{117},{118},{119},{120},{121},{122},{123},{124},{125},{126},{127},{128},{129},{130},{131},{132},{133},{134},{135},{136},{137},{138},{139},{140},{141},{142},{143},{144},{145},{146},{147},{148},{149},{150},{151},{152},{153},{154},{155},{156},{157},{158},{159},{160},{161},{162},{163},{164},{165},{166},{167},{168},{169},{170},{171},{172},{173},{174},{175},{176},{177},{178},{179},{180},{181},{182},{183},{184},{185},{186},{187},{188},{189},{190},{191}	(user-defined)
  OMP_SCHEDULE		=	auto	(libKOMP default)
  OMP_CANCELLATION	=	false	(libKOMP default)
  KOMP_DISPLAY_PERF	=	no	(libKOMP default)
  KOMP_STEAL_PROTOCOL	=	noaggr	(libKOMP default)
  KAAPI_WSPUSH_INIT	=	wspush
  KAAPI_WSPUSH		=	Whws
  KAAPI_WSSELECT	=	hws_N_P
OPENMP DISPLAY ENVIRONMENT END
#Output follows this header :
##Progname Size Blocksize Iterations Threads Gflops(Mean) 
dpotrf_taskdep 32768 512 1 192 742.949606
#Experience summarry : avg : 742.949606 :: std : 0.000000 :: min : 742.949606 :: max : 742.949606 :: median : 742.949606

OPENMP DISPLAY ENVIRONMENT BEGIN
  OMP_NUM_THREADS	=	192	(user-defined)
  OMP_THREAD_LIMIT	=	8192	(libKOMP default)
  OMP_STACKSIZE		=	8388608	(libKOMP default)
  OMP_MAX_ACTIVE_LEVELS	=	256	(libKOMP default)
  OMP_NESTED		=	false	(libKOMP default)
  OMP_DYNAMIC		=	false	(libKOMP default)
  OMP_PROC_BIND		=	true	(libKOMP default)
  OMP_PLACES		=	{0},{1},{2},{3},{4},{5},{6},{7},{8},{9},{10},{11},{12},{13},{14},{15},{16},{17},{18},{19},{20},{21},{22},{23},{24},{25},{26},{27},{28},{29},{30},{31},{32},{33},{34},{35},{36},{37},{38},{39},{40},{41},{42},{43},{44},{45},{46},{47},{48},{49},{50},{51},{52},{53},{54},{55},{56},{57},{58},{59},{60},{61},{62},{63},{64},{65},{66},{67},{68},{69},{70},{71},{72},{73},{74},{75},{76},{77},{78},{79},{80},{81},{82},{83},{84},{85},{86},{87},{88},{89},{90},{91},{92},{93},{94},{95},{96},{97},{98},{99},{100},{101},{102},{103},{104},{105},{106},{107},{108},{109},{110},{111},{112},{113},{114},{115},{116},{117},{118},{119},{120},{121},{122},{123},{124},{125},{126},{127},{128},{129},{130},{131},{132},{133},{134},{135},{136},{137},{138},{139},{140},{141},{142},{143},{144},{145},{146},{147},{148},{149},{150},{151},{152},{153},{154},{155},{156},{157},{158},{159},{160},{161},{162},{163},{164},{165},{166},{167},{168},{169},{170},{171},{172},{173},{174},{175},{176},{177},{178},{179},{180},{181},{182},{183},{184},{185},{186},{187},{188},{189},{190},{191}	(user-defined)
  OMP_SCHEDULE		=	auto	(libKOMP default)
  OMP_CANCELLATION	=	false	(libKOMP default)
  KOMP_DISPLAY_PERF	=	no	(libKOMP default)
  KOMP_STEAL_PROTOCOL	=	noaggr	(libKOMP default)
  KAAPI_WSPUSH_INIT	=	wspush
  KAAPI_WSPUSH		=	Whws
  KAAPI_WSSELECT	=	hws_N_P
OPENMP DISPLAY ENVIRONMENT END
#Output follows this header :
##Progname Size Blocksize Iterations Threads Gflops(Mean) 
dpotrf_taskdep 32768 512 1 192 538.640276
#Experience summarry : avg : 538.640276 :: std : 0.000000 :: min : 538.640276 :: max : 538.640276 :: median : 538.640276

OPENMP DISPLAY ENVIRONMENT BEGIN
  OMP_NUM_THREADS	=	192	(user-defined)
  OMP_THREAD_LIMIT	=	8192	(libKOMP default)
  OMP_STACKSIZE		=	8388608	(libKOMP default)
  OMP_MAX_ACTIVE_LEVELS	=	256	(libKOMP default)
  OMP_NESTED		=	false	(libKOMP default)
  OMP_DYNAMIC		=	false	(libKOMP default)
  OMP_PROC_BIND		=	true	(libKOMP default)
  OMP_PLACES		=	{0},{1},{2},{3},{4},{5},{6},{7},{8},{9},{10},{11},{12},{13},{14},{15},{16},{17},{18},{19},{20},{21},{22},{23},{24},{25},{26},{27},{28},{29},{30},{31},{32},{33},{34},{35},{36},{37},{38},{39},{40},{41},{42},{43},{44},{45},{46},{47},{48},{49},{50},{51},{52},{53},{54},{55},{56},{57},{58},{59},{60},{61},{62},{63},{64},{65},{66},{67},{68},{69},{70},{71},{72},{73},{74},{75},{76},{77},{78},{79},{80},{81},{82},{83},{84},{85},{86},{87},{88},{89},{90},{91},{92},{93},{94},{95},{96},{97},{98},{99},{100},{101},{102},{103},{104},{105},{106},{107},{108},{109},{110},{111},{112},{113},{114},{115},{116},{117},{118},{119},{120},{121},{122},{123},{124},{125},{126},{127},{128},{129},{130},{131},{132},{133},{134},{135},{136},{137},{138},{139},{140},{141},{142},{143},{144},{145},{146},{147},{148},{149},{150},{151},{152},{153},{154},{155},{156},{157},{158},{159},{160},{161},{162},{163},{164},{165},{166},{167},{168},{169},{170},{171},{172},{173},{174},{175},{176},{177},{178},{179},{180},{181},{182},{183},{184},{185},{186},{187},{188},{189},{190},{191}	(user-defined)
  OMP_SCHEDULE		=	auto	(libKOMP default)
  OMP_CANCELLATION	=	false	(libKOMP default)
  KOMP_DISPLAY_PERF	=	no	(libKOMP default)
  KOMP_STEAL_PROTOCOL	=	noaggr	(libKOMP default)
  KAAPI_WSPUSH_INIT	=	wspush
  KAAPI_WSPUSH		=	Whws
  KAAPI_WSSELECT	=	hws_N_P
OPENMP DISPLAY ENVIRONMENT END
#Output follows this header :
##Progname Size Blocksize Iterations Threads Gflops(Mean) 
dpotrf_taskdep 32768 512 1 192 724.441231
#Experience summarry : avg : 724.441231 :: std : 0.000000 :: min : 724.441231 :: max : 724.441231 :: median : 724.441231

OPENMP DISPLAY ENVIRONMENT BEGIN
  OMP_NUM_THREADS	=	192	(user-defined)
  OMP_THREAD_LIMIT	=	8192	(libKOMP default)
  OMP_STACKSIZE		=	8388608	(libKOMP default)
  OMP_MAX_ACTIVE_LEVELS	=	256	(libKOMP default)
  OMP_NESTED		=	false	(libKOMP default)
  OMP_DYNAMIC		=	false	(libKOMP default)
  OMP_PROC_BIND		=	true	(libKOMP default)
  OMP_PLACES		=	{0},{1},{2},{3},{4},{5},{6},{7},{8},{9},{10},{11},{12},{13},{14},{15},{16},{17},{18},{19},{20},{21},{22},{23},{24},{25},{26},{27},{28},{29},{30},{31},{32},{33},{34},{35},{36},{37},{38},{39},{40},{41},{42},{43},{44},{45},{46},{47},{48},{49},{50},{51},{52},{53},{54},{55},{56},{57},{58},{59},{60},{61},{62},{63},{64},{65},{66},{67},{68},{69},{70},{71},{72},{73},{74},{75},{76},{77},{78},{79},{80},{81},{82},{83},{84},{85},{86},{87},{88},{89},{90},{91},{92},{93},{94},{95},{96},{97},{98},{99},{100},{101},{102},{103},{104},{105},{106},{107},{108},{109},{110},{111},{112},{113},{114},{115},{116},{117},{118},{119},{120},{121},{122},{123},{124},{125},{126},{127},{128},{129},{130},{131},{132},{133},{134},{135},{136},{137},{138},{139},{140},{141},{142},{143},{144},{145},{146},{147},{148},{149},{150},{151},{152},{153},{154},{155},{156},{157},{158},{159},{160},{161},{162},{163},{164},{165},{166},{167},{168},{169},{170},{171},{172},{173},{174},{175},{176},{177},{178},{179},{180},{181},{182},{183},{184},{185},{186},{187},{188},{189},{190},{191}	(user-defined)
  OMP_SCHEDULE		=	auto	(libKOMP default)
  OMP_CANCELLATION	=	false	(libKOMP default)
  KOMP_DISPLAY_PERF	=	no	(libKOMP default)
  KOMP_STEAL_PROTOCOL	=	noaggr	(libKOMP default)
  KAAPI_WSPUSH_INIT	=	wspush
  KAAPI_WSPUSH		=	Whws
  KAAPI_WSSELECT	=	hws_N_P
OPENMP DISPLAY ENVIRONMENT END
#Output follows this header :
##Progname Size Blocksize Iterations Threads Gflops(Mean) 
dpotrf_taskdep 32768 512 1 192 776.085279
#Experience summarry : avg : 776.085279 :: std : 0.000000 :: min : 776.085279 :: max : 776.085279 :: median : 776.085279

OPENMP DISPLAY ENVIRONMENT BEGIN
  OMP_NUM_THREADS	=	192	(user-defined)
  OMP_THREAD_LIMIT	=	8192	(libKOMP default)
  OMP_STACKSIZE		=	8388608	(libKOMP default)
  OMP_MAX_ACTIVE_LEVELS	=	256	(libKOMP default)
  OMP_NESTED		=	false	(libKOMP default)
  OMP_DYNAMIC		=	false	(libKOMP default)
  OMP_PROC_BIND		=	true	(libKOMP default)
  OMP_PLACES		=	{0},{1},{2},{3},{4},{5},{6},{7},{8},{9},{10},{11},{12},{13},{14},{15},{16},{17},{18},{19},{20},{21},{22},{23},{24},{25},{26},{27},{28},{29},{30},{31},{32},{33},{34},{35},{36},{37},{38},{39},{40},{41},{42},{43},{44},{45},{46},{47},{48},{49},{50},{51},{52},{53},{54},{55},{56},{57},{58},{59},{60},{61},{62},{63},{64},{65},{66},{67},{68},{69},{70},{71},{72},{73},{74},{75},{76},{77},{78},{79},{80},{81},{82},{83},{84},{85},{86},{87},{88},{89},{90},{91},{92},{93},{94},{95},{96},{97},{98},{99},{100},{101},{102},{103},{104},{105},{106},{107},{108},{109},{110},{111},{112},{113},{114},{115},{116},{117},{118},{119},{120},{121},{122},{123},{124},{125},{126},{127},{128},{129},{130},{131},{132},{133},{134},{135},{136},{137},{138},{139},{140},{141},{142},{143},{144},{145},{146},{147},{148},{149},{150},{151},{152},{153},{154},{155},{156},{157},{158},{159},{160},{161},{162},{163},{164},{165},{166},{167},{168},{169},{170},{171},{172},{173},{174},{175},{176},{177},{178},{179},{180},{181},{182},{183},{184},{185},{186},{187},{188},{189},{190},{191}	(user-defined)
  OMP_SCHEDULE		=	auto	(libKOMP default)
  OMP_CANCELLATION	=	false	(libKOMP default)
  KOMP_DISPLAY_PERF	=	no	(libKOMP default)
  KOMP_STEAL_PROTOCOL	=	noaggr	(libKOMP default)
  KAAPI_WSPUSH_INIT	=	wspush
  KAAPI_WSPUSH		=	Whws
  KAAPI_WSSELECT	=	hws_N_P
OPENMP DISPLAY ENVIRONMENT END
#Output follows this header :
##Progname Size Blocksize Iterations Threads Gflops(Mean) 
dpotrf_taskdep 32768 512 1 192 559.775050
#Experience summarry : avg : 559.775050 :: std : 0.000000 :: min : 559.775050 :: max : 559.775050 :: median : 559.775050

OPENMP DISPLAY ENVIRONMENT BEGIN
  OMP_NUM_THREADS	=	192	(user-defined)
  OMP_THREAD_LIMIT	=	8192	(libKOMP default)
  OMP_STACKSIZE		=	8388608	(libKOMP default)
  OMP_MAX_ACTIVE_LEVELS	=	256	(libKOMP default)
  OMP_NESTED		=	false	(libKOMP default)
  OMP_DYNAMIC		=	false	(libKOMP default)
  OMP_PROC_BIND		=	true	(libKOMP default)
  OMP_PLACES		=	{0},{1},{2},{3},{4},{5},{6},{7},{8},{9},{10},{11},{12},{13},{14},{15},{16},{17},{18},{19},{20},{21},{22},{23},{24},{25},{26},{27},{28},{29},{30},{31},{32},{33},{34},{35},{36},{37},{38},{39},{40},{41},{42},{43},{44},{45},{46},{47},{48},{49},{50},{51},{52},{53},{54},{55},{56},{57},{58},{59},{60},{61},{62},{63},{64},{65},{66},{67},{68},{69},{70},{71},{72},{73},{74},{75},{76},{77},{78},{79},{80},{81},{82},{83},{84},{85},{86},{87},{88},{89},{90},{91},{92},{93},{94},{95},{96},{97},{98},{99},{100},{101},{102},{103},{104},{105},{106},{107},{108},{109},{110},{111},{112},{113},{114},{115},{116},{117},{118},{119},{120},{121},{122},{123},{124},{125},{126},{127},{128},{129},{130},{131},{132},{133},{134},{135},{136},{137},{138},{139},{140},{141},{142},{143},{144},{145},{146},{147},{148},{149},{150},{151},{152},{153},{154},{155},{156},{157},{158},{159},{160},{161},{162},{163},{164},{165},{166},{167},{168},{169},{170},{171},{172},{173},{174},{175},{176},{177},{178},{179},{180},{181},{182},{183},{184},{185},{186},{187},{188},{189},{190},{191}	(user-defined)
  OMP_SCHEDULE		=	auto	(libKOMP default)
  OMP_CANCELLATION	=	false	(libKOMP default)
  KOMP_DISPLAY_PERF	=	no	(libKOMP default)
  KOMP_STEAL_PROTOCOL	=	noaggr	(libKOMP default)
  KAAPI_WSPUSH_INIT	=	wspush
  KAAPI_WSPUSH		=	Whws
  KAAPI_WSSELECT	=	hws_N_P
OPENMP DISPLAY ENVIRONMENT END
#Output follows this header :
##Progname Size Blocksize Iterations Threads Gflops(Mean) 
dpotrf_taskdep 32768 512 1 192 735.031819
#Experience summarry : avg : 735.031819 :: std : 0.000000 :: min : 735.031819 :: max : 735.031819 :: median : 735.031819

OPENMP DISPLAY ENVIRONMENT BEGIN
  OMP_NUM_THREADS	=	192	(user-defined)
  OMP_THREAD_LIMIT	=	8192	(libKOMP default)
  OMP_STACKSIZE		=	8388608	(libKOMP default)
  OMP_MAX_ACTIVE_LEVELS	=	256	(libKOMP default)
  OMP_NESTED		=	false	(libKOMP default)
  OMP_DYNAMIC		=	false	(libKOMP default)
  OMP_PROC_BIND		=	true	(libKOMP default)
  OMP_PLACES		=	{0},{1},{2},{3},{4},{5},{6},{7},{8},{9},{10},{11},{12},{13},{14},{15},{16},{17},{18},{19},{20},{21},{22},{23},{24},{25},{26},{27},{28},{29},{30},{31},{32},{33},{34},{35},{36},{37},{38},{39},{40},{41},{42},{43},{44},{45},{46},{47},{48},{49},{50},{51},{52},{53},{54},{55},{56},{57},{58},{59},{60},{61},{62},{63},{64},{65},{66},{67},{68},{69},{70},{71},{72},{73},{74},{75},{76},{77},{78},{79},{80},{81},{82},{83},{84},{85},{86},{87},{88},{89},{90},{91},{92},{93},{94},{95},{96},{97},{98},{99},{100},{101},{102},{103},{104},{105},{106},{107},{108},{109},{110},{111},{112},{113},{114},{115},{116},{117},{118},{119},{120},{121},{122},{123},{124},{125},{126},{127},{128},{129},{130},{131},{132},{133},{134},{135},{136},{137},{138},{139},{140},{141},{142},{143},{144},{145},{146},{147},{148},{149},{150},{151},{152},{153},{154},{155},{156},{157},{158},{159},{160},{161},{162},{163},{164},{165},{166},{167},{168},{169},{170},{171},{172},{173},{174},{175},{176},{177},{178},{179},{180},{181},{182},{183},{184},{185},{186},{187},{188},{189},{190},{191}	(user-defined)
  OMP_SCHEDULE		=	auto	(libKOMP default)
  OMP_CANCELLATION	=	false	(libKOMP default)
  KOMP_DISPLAY_PERF	=	no	(libKOMP default)
  KOMP_STEAL_PROTOCOL	=	noaggr	(libKOMP default)
  KAAPI_WSPUSH_INIT	=	wspush
  KAAPI_WSPUSH		=	Whws
  KAAPI_WSSELECT	=	hws_N_P
OPENMP DISPLAY ENVIRONMENT END
#Output follows this header :
##Progname Size Blocksize Iterations Threads Gflops(Mean) 
dpotrf_taskdep 32768 512 1 192 949.615490
#Experience summarry : avg : 949.615490 :: std : 0.000000 :: min : 949.615490 :: max : 949.615490 :: median : 949.615490

OPENMP DISPLAY ENVIRONMENT BEGIN
  OMP_NUM_THREADS	=	192	(user-defined)
  OMP_THREAD_LIMIT	=	8192	(libKOMP default)
  OMP_STACKSIZE		=	8388608	(libKOMP default)
  OMP_MAX_ACTIVE_LEVELS	=	256	(libKOMP default)
  OMP_NESTED		=	false	(libKOMP default)
  OMP_DYNAMIC		=	false	(libKOMP default)
  OMP_PROC_BIND		=	true	(libKOMP default)
  OMP_PLACES		=	{0},{1},{2},{3},{4},{5},{6},{7},{8},{9},{10},{11},{12},{13},{14},{15},{16},{17},{18},{19},{20},{21},{22},{23},{24},{25},{26},{27},{28},{29},{30},{31},{32},{33},{34},{35},{36},{37},{38},{39},{40},{41},{42},{43},{44},{45},{46},{47},{48},{49},{50},{51},{52},{53},{54},{55},{56},{57},{58},{59},{60},{61},{62},{63},{64},{65},{66},{67},{68},{69},{70},{71},{72},{73},{74},{75},{76},{77},{78},{79},{80},{81},{82},{83},{84},{85},{86},{87},{88},{89},{90},{91},{92},{93},{94},{95},{96},{97},{98},{99},{100},{101},{102},{103},{104},{105},{106},{107},{108},{109},{110},{111},{112},{113},{114},{115},{116},{117},{118},{119},{120},{121},{122},{123},{124},{125},{126},{127},{128},{129},{130},{131},{132},{133},{134},{135},{136},{137},{138},{139},{140},{141},{142},{143},{144},{145},{146},{147},{148},{149},{150},{151},{152},{153},{154},{155},{156},{157},{158},{159},{160},{161},{162},{163},{164},{165},{166},{167},{168},{169},{170},{171},{172},{173},{174},{175},{176},{177},{178},{179},{180},{181},{182},{183},{184},{185},{186},{187},{188},{189},{190},{191}	(user-defined)
  OMP_SCHEDULE		=	auto	(libKOMP default)
  OMP_CANCELLATION	=	false	(libKOMP default)
  KOMP_DISPLAY_PERF	=	no	(libKOMP default)
  KOMP_STEAL_PROTOCOL	=	noaggr	(libKOMP default)
  KAAPI_WSPUSH_INIT	=	wspush
  KAAPI_WSPUSH		=	Whws
  KAAPI_WSSELECT	=	hws_N_P
OPENMP DISPLAY ENVIRONMENT END
#Output follows this header :
##Progname Size Blocksize Iterations Threads Gflops(Mean) 
dpotrf_taskdep 32768 512 1 192 922.491756
#Experience summarry : avg : 922.491756 :: std : 0.000000 :: min : 922.491756 :: max : 922.491756 :: median : 922.491756

OPENMP DISPLAY ENVIRONMENT BEGIN
  OMP_NUM_THREADS	=	192	(user-defined)
  OMP_THREAD_LIMIT	=	8192	(libKOMP default)
  OMP_STACKSIZE		=	8388608	(libKOMP default)
  OMP_MAX_ACTIVE_LEVELS	=	256	(libKOMP default)
  OMP_NESTED		=	false	(libKOMP default)
  OMP_DYNAMIC		=	false	(libKOMP default)
  OMP_PROC_BIND		=	true	(libKOMP default)
  OMP_PLACES		=	{0},{1},{2},{3},{4},{5},{6},{7},{8},{9},{10},{11},{12},{13},{14},{15},{16},{17},{18},{19},{20},{21},{22},{23},{24},{25},{26},{27},{28},{29},{30},{31},{32},{33},{34},{35},{36},{37},{38},{39},{40},{41},{42},{43},{44},{45},{46},{47},{48},{49},{50},{51},{52},{53},{54},{55},{56},{57},{58},{59},{60},{61},{62},{63},{64},{65},{66},{67},{68},{69},{70},{71},{72},{73},{74},{75},{76},{77},{78},{79},{80},{81},{82},{83},{84},{85},{86},{87},{88},{89},{90},{91},{92},{93},{94},{95},{96},{97},{98},{99},{100},{101},{102},{103},{104},{105},{106},{107},{108},{109},{110},{111},{112},{113},{114},{115},{116},{117},{118},{119},{120},{121},{122},{123},{124},{125},{126},{127},{128},{129},{130},{131},{132},{133},{134},{135},{136},{137},{138},{139},{140},{141},{142},{143},{144},{145},{146},{147},{148},{149},{150},{151},{152},{153},{154},{155},{156},{157},{158},{159},{160},{161},{162},{163},{164},{165},{166},{167},{168},{169},{170},{171},{172},{173},{174},{175},{176},{177},{178},{179},{180},{181},{182},{183},{184},{185},{186},{187},{188},{189},{190},{191}	(user-defined)
  OMP_SCHEDULE		=	auto	(libKOMP default)
  OMP_CANCELLATION	=	false	(libKOMP default)
  KOMP_DISPLAY_PERF	=	no	(libKOMP default)
  KOMP_STEAL_PROTOCOL	=	noaggr	(libKOMP default)
  KAAPI_WSPUSH_INIT	=	wspush
  KAAPI_WSPUSH		=	Whws
  KAAPI_WSSELECT	=	hws_N_P
OPENMP DISPLAY ENVIRONMENT END
#Output follows this header :
##Progname Size Blocksize Iterations Threads Gflops(Mean) 
dpotrf_taskdep 32768 512 1 192 730.246703
#Experience summarry : avg : 730.246703 :: std : 0.000000 :: min : 730.246703 :: max : 730.246703 :: median : 730.246703

OPENMP DISPLAY ENVIRONMENT BEGIN
  OMP_NUM_THREADS	=	192	(user-defined)
  OMP_THREAD_LIMIT	=	8192	(libKOMP default)
  OMP_STACKSIZE		=	8388608	(libKOMP default)
  OMP_MAX_ACTIVE_LEVELS	=	256	(libKOMP default)
  OMP_NESTED		=	false	(libKOMP default)
  OMP_DYNAMIC		=	false	(libKOMP default)
  OMP_PROC_BIND		=	true	(libKOMP default)
  OMP_PLACES		=	{0},{1},{2},{3},{4},{5},{6},{7},{8},{9},{10},{11},{12},{13},{14},{15},{16},{17},{18},{19},{20},{21},{22},{23},{24},{25},{26},{27},{28},{29},{30},{31},{32},{33},{34},{35},{36},{37},{38},{39},{40},{41},{42},{43},{44},{45},{46},{47},{48},{49},{50},{51},{52},{53},{54},{55},{56},{57},{58},{59},{60},{61},{62},{63},{64},{65},{66},{67},{68},{69},{70},{71},{72},{73},{74},{75},{76},{77},{78},{79},{80},{81},{82},{83},{84},{85},{86},{87},{88},{89},{90},{91},{92},{93},{94},{95},{96},{97},{98},{99},{100},{101},{102},{103},{104},{105},{106},{107},{108},{109},{110},{111},{112},{113},{114},{115},{116},{117},{118},{119},{120},{121},{122},{123},{124},{125},{126},{127},{128},{129},{130},{131},{132},{133},{134},{135},{136},{137},{138},{139},{140},{141},{142},{143},{144},{145},{146},{147},{148},{149},{150},{151},{152},{153},{154},{155},{156},{157},{158},{159},{160},{161},{162},{163},{164},{165},{166},{167},{168},{169},{170},{171},{172},{173},{174},{175},{176},{177},{178},{179},{180},{181},{182},{183},{184},{185},{186},{187},{188},{189},{190},{191}	(user-defined)
  OMP_SCHEDULE		=	auto	(libKOMP default)
  OMP_CANCELLATION	=	false	(libKOMP default)
  KOMP_DISPLAY_PERF	=	no	(libKOMP default)
  KOMP_STEAL_PROTOCOL	=	noaggr	(libKOMP default)
  KAAPI_WSPUSH_INIT	=	wspush
  KAAPI_WSPUSH		=	Whws
  KAAPI_WSSELECT	=	hws_N_P
OPENMP DISPLAY ENVIRONMENT END
#Output follows this header :
##Progname Size Blocksize Iterations Threads Gflops(Mean) 
dpotrf_taskdep 32768 512 1 192 532.529842
#Experience summarry : avg : 532.529842 :: std : 0.000000 :: min : 532.529842 :: max : 532.529842 :: median : 532.529842

OPENMP DISPLAY ENVIRONMENT BEGIN
  OMP_NUM_THREADS	=	192	(user-defined)
  OMP_THREAD_LIMIT	=	8192	(libKOMP default)
  OMP_STACKSIZE		=	8388608	(libKOMP default)
  OMP_MAX_ACTIVE_LEVELS	=	256	(libKOMP default)
  OMP_NESTED		=	false	(libKOMP default)
  OMP_DYNAMIC		=	false	(libKOMP default)
  OMP_PROC_BIND		=	true	(libKOMP default)
  OMP_PLACES		=	{0},{1},{2},{3},{4},{5},{6},{7},{8},{9},{10},{11},{12},{13},{14},{15},{16},{17},{18},{19},{20},{21},{22},{23},{24},{25},{26},{27},{28},{29},{30},{31},{32},{33},{34},{35},{36},{37},{38},{39},{40},{41},{42},{43},{44},{45},{46},{47},{48},{49},{50},{51},{52},{53},{54},{55},{56},{57},{58},{59},{60},{61},{62},{63},{64},{65},{66},{67},{68},{69},{70},{71},{72},{73},{74},{75},{76},{77},{78},{79},{80},{81},{82},{83},{84},{85},{86},{87},{88},{89},{90},{91},{92},{93},{94},{95},{96},{97},{98},{99},{100},{101},{102},{103},{104},{105},{106},{107},{108},{109},{110},{111},{112},{113},{114},{115},{116},{117},{118},{119},{120},{121},{122},{123},{124},{125},{126},{127},{128},{129},{130},{131},{132},{133},{134},{135},{136},{137},{138},{139},{140},{141},{142},{143},{144},{145},{146},{147},{148},{149},{150},{151},{152},{153},{154},{155},{156},{157},{158},{159},{160},{161},{162},{163},{164},{165},{166},{167},{168},{169},{170},{171},{172},{173},{174},{175},{176},{177},{178},{179},{180},{181},{182},{183},{184},{185},{186},{187},{188},{189},{190},{191}	(user-defined)
  OMP_SCHEDULE		=	auto	(libKOMP default)
  OMP_CANCELLATION	=	false	(libKOMP default)
  KOMP_DISPLAY_PERF	=	no	(libKOMP default)
  KOMP_STEAL_PROTOCOL	=	noaggr	(libKOMP default)
  KAAPI_WSPUSH_INIT	=	wspush
  KAAPI_WSPUSH		=	Whws
  KAAPI_WSSELECT	=	hws_N_P
OPENMP DISPLAY ENVIRONMENT END
#Output follows this header :
##Progname Size Blocksize Iterations Threads Gflops(Mean) 
dpotrf_taskdep 32768 512 1 192 899.943947
#Experience summarry : avg : 899.943947 :: std : 0.000000 :: min : 899.943947 :: max : 899.943947 :: median : 899.943947

OPENMP DISPLAY ENVIRONMENT BEGIN
  OMP_NUM_THREADS	=	192	(user-defined)
  OMP_THREAD_LIMIT	=	8192	(libKOMP default)
  OMP_STACKSIZE		=	8388608	(libKOMP default)
  OMP_MAX_ACTIVE_LEVELS	=	256	(libKOMP default)
  OMP_NESTED		=	false	(libKOMP default)
  OMP_DYNAMIC		=	false	(libKOMP default)
  OMP_PROC_BIND		=	true	(libKOMP default)
  OMP_PLACES		=	{0},{1},{2},{3},{4},{5},{6},{7},{8},{9},{10},{11},{12},{13},{14},{15},{16},{17},{18},{19},{20},{21},{22},{23},{24},{25},{26},{27},{28},{29},{30},{31},{32},{33},{34},{35},{36},{37},{38},{39},{40},{41},{42},{43},{44},{45},{46},{47},{48},{49},{50},{51},{52},{53},{54},{55},{56},{57},{58},{59},{60},{61},{62},{63},{64},{65},{66},{67},{68},{69},{70},{71},{72},{73},{74},{75},{76},{77},{78},{79},{80},{81},{82},{83},{84},{85},{86},{87},{88},{89},{90},{91},{92},{93},{94},{95},{96},{97},{98},{99},{100},{101},{102},{103},{104},{105},{106},{107},{108},{109},{110},{111},{112},{113},{114},{115},{116},{117},{118},{119},{120},{121},{122},{123},{124},{125},{126},{127},{128},{129},{130},{131},{132},{133},{134},{135},{136},{137},{138},{139},{140},{141},{142},{143},{144},{145},{146},{147},{148},{149},{150},{151},{152},{153},{154},{155},{156},{157},{158},{159},{160},{161},{162},{163},{164},{165},{166},{167},{168},{169},{170},{171},{172},{173},{174},{175},{176},{177},{178},{179},{180},{181},{182},{183},{184},{185},{186},{187},{188},{189},{190},{191}	(user-defined)
  OMP_SCHEDULE		=	auto	(libKOMP default)
  OMP_CANCELLATION	=	false	(libKOMP default)
  KOMP_DISPLAY_PERF	=	no	(libKOMP default)
  KOMP_STEAL_PROTOCOL	=	noaggr	(libKOMP default)
  KAAPI_WSPUSH_INIT	=	wspush
  KAAPI_WSPUSH		=	Whws
  KAAPI_WSSELECT	=	hws_N_P
OPENMP DISPLAY ENVIRONMENT END
#Output follows this header :
##Progname Size Blocksize Iterations Threads Gflops(Mean) 
dpotrf_taskdep 32768 512 1 192 781.237404
#Experience summarry : avg : 781.237404 :: std : 0.000000 :: min : 781.237404 :: max : 781.237404 :: median : 781.237404

OPENMP DISPLAY ENVIRONMENT BEGIN
  OMP_NUM_THREADS	=	192	(user-defined)
  OMP_THREAD_LIMIT	=	8192	(libKOMP default)
  OMP_STACKSIZE		=	8388608	(libKOMP default)
  OMP_MAX_ACTIVE_LEVELS	=	256	(libKOMP default)
  OMP_NESTED		=	false	(libKOMP default)
  OMP_DYNAMIC		=	false	(libKOMP default)
  OMP_PROC_BIND		=	true	(libKOMP default)
  OMP_PLACES		=	{0},{1},{2},{3},{4},{5},{6},{7},{8},{9},{10},{11},{12},{13},{14},{15},{16},{17},{18},{19},{20},{21},{22},{23},{24},{25},{26},{27},{28},{29},{30},{31},{32},{33},{34},{35},{36},{37},{38},{39},{40},{41},{42},{43},{44},{45},{46},{47},{48},{49},{50},{51},{52},{53},{54},{55},{56},{57},{58},{59},{60},{61},{62},{63},{64},{65},{66},{67},{68},{69},{70},{71},{72},{73},{74},{75},{76},{77},{78},{79},{80},{81},{82},{83},{84},{85},{86},{87},{88},{89},{90},{91},{92},{93},{94},{95},{96},{97},{98},{99},{100},{101},{102},{103},{104},{105},{106},{107},{108},{109},{110},{111},{112},{113},{114},{115},{116},{117},{118},{119},{120},{121},{122},{123},{124},{125},{126},{127},{128},{129},{130},{131},{132},{133},{134},{135},{136},{137},{138},{139},{140},{141},{142},{143},{144},{145},{146},{147},{148},{149},{150},{151},{152},{153},{154},{155},{156},{157},{158},{159},{160},{161},{162},{163},{164},{165},{166},{167},{168},{169},{170},{171},{172},{173},{174},{175},{176},{177},{178},{179},{180},{181},{182},{183},{184},{185},{186},{187},{188},{189},{190},{191}	(user-defined)
  OMP_SCHEDULE		=	auto	(libKOMP default)
  OMP_CANCELLATION	=	false	(libKOMP default)
  KOMP_DISPLAY_PERF	=	no	(libKOMP default)
  KOMP_STEAL_PROTOCOL	=	noaggr	(libKOMP default)
  KAAPI_WSPUSH_INIT	=	wspush
  KAAPI_WSPUSH		=	Whws
  KAAPI_WSSELECT	=	hws_N_P
OPENMP DISPLAY ENVIRONMENT END
#Output follows this header :
##Progname Size Blocksize Iterations Threads Gflops(Mean) 
dpotrf_taskdep 32768 512 1 192 788.647035
#Experience summarry : avg : 788.647035 :: std : 0.000000 :: min : 788.647035 :: max : 788.647035 :: median : 788.647035

