OPENMP DISPLAY ENVIRONMENT BEGIN
  OMP_NUM_THREADS	=	192	(user-defined)
  OMP_THREAD_LIMIT	=	8192	(libKOMP default)
  OMP_STACKSIZE		=	8388608	(libKOMP default)
  OMP_MAX_ACTIVE_LEVELS	=	256	(libKOMP default)
  OMP_NESTED		=	false	(libKOMP default)
  OMP_DYNAMIC		=	false	(libKOMP default)
  OMP_PROC_BIND		=	true	(libKOMP default)
  OMP_PLACES		=	{0},{1},{2},{3},{4},{5},{6},{7},{8},{9},{10},{11},{12},{13},{14},{15},{16},{17},{18},{19},{20},{21},{22},{23},{24},{25},{26},{27},{28},{29},{30},{31},{32},{33},{34},{35},{36},{37},{38},{39},{40},{41},{42},{43},{44},{45},{46},{47},{48},{49},{50},{51},{52},{53},{54},{55},{56},{57},{58},{59},{60},{61},{62},{63},{64},{65},{66},{67},{68},{69},{70},{71},{72},{73},{74},{75},{76},{77},{78},{79},{80},{81},{82},{83},{84},{85},{86},{87},{88},{89},{90},{91},{92},{93},{94},{95},{96},{97},{98},{99},{100},{101},{102},{103},{104},{105},{106},{107},{108},{109},{110},{111},{112},{113},{114},{115},{116},{117},{118},{119},{120},{121},{122},{123},{124},{125},{126},{127},{128},{129},{130},{131},{132},{133},{134},{135},{136},{137},{138},{139},{140},{141},{142},{143},{144},{145},{146},{147},{148},{149},{150},{151},{152},{153},{154},{155},{156},{157},{158},{159},{160},{161},{162},{163},{164},{165},{166},{167},{168},{169},{170},{171},{172},{173},{174},{175},{176},{177},{178},{179},{180},{181},{182},{183},{184},{185},{186},{187},{188},{189},{190},{191}	(user-defined)
  OMP_SCHEDULE		=	auto	(libKOMP default)
  OMP_CANCELLATION	=	false	(libKOMP default)
  KOMP_DISPLAY_PERF	=	no	(libKOMP default)
  KOMP_STEAL_PROTOCOL	=	noaggr	(libKOMP default)
  KAAPI_WSPUSH_INIT	=	wspush
  KAAPI_WSPUSH		=	numa
  KAAPI_WSSELECT	=	numa
OPENMP DISPLAY ENVIRONMENT END
#Output follows this header :
##Progname Size Blocksize Iterations Threads Gflops(Mean) 
dpotrf_taskdep 8192 224 1 192 437.104841
#Experience summarry : avg : 437.104841 :: std : 0.000000 :: min : 437.104841 :: max : 437.104841 :: median : 437.104841

OPENMP DISPLAY ENVIRONMENT BEGIN
  OMP_NUM_THREADS	=	192	(user-defined)
  OMP_THREAD_LIMIT	=	8192	(libKOMP default)
  OMP_STACKSIZE		=	8388608	(libKOMP default)
  OMP_MAX_ACTIVE_LEVELS	=	256	(libKOMP default)
  OMP_NESTED		=	false	(libKOMP default)
  OMP_DYNAMIC		=	false	(libKOMP default)
  OMP_PROC_BIND		=	true	(libKOMP default)
  OMP_PLACES		=	{0},{1},{2},{3},{4},{5},{6},{7},{8},{9},{10},{11},{12},{13},{14},{15},{16},{17},{18},{19},{20},{21},{22},{23},{24},{25},{26},{27},{28},{29},{30},{31},{32},{33},{34},{35},{36},{37},{38},{39},{40},{41},{42},{43},{44},{45},{46},{47},{48},{49},{50},{51},{52},{53},{54},{55},{56},{57},{58},{59},{60},{61},{62},{63},{64},{65},{66},{67},{68},{69},{70},{71},{72},{73},{74},{75},{76},{77},{78},{79},{80},{81},{82},{83},{84},{85},{86},{87},{88},{89},{90},{91},{92},{93},{94},{95},{96},{97},{98},{99},{100},{101},{102},{103},{104},{105},{106},{107},{108},{109},{110},{111},{112},{113},{114},{115},{116},{117},{118},{119},{120},{121},{122},{123},{124},{125},{126},{127},{128},{129},{130},{131},{132},{133},{134},{135},{136},{137},{138},{139},{140},{141},{142},{143},{144},{145},{146},{147},{148},{149},{150},{151},{152},{153},{154},{155},{156},{157},{158},{159},{160},{161},{162},{163},{164},{165},{166},{167},{168},{169},{170},{171},{172},{173},{174},{175},{176},{177},{178},{179},{180},{181},{182},{183},{184},{185},{186},{187},{188},{189},{190},{191}	(user-defined)
  OMP_SCHEDULE		=	auto	(libKOMP default)
  OMP_CANCELLATION	=	false	(libKOMP default)
  KOMP_DISPLAY_PERF	=	no	(libKOMP default)
  KOMP_STEAL_PROTOCOL	=	noaggr	(libKOMP default)
  KAAPI_WSPUSH_INIT	=	wspush
  KAAPI_WSPUSH		=	numa
  KAAPI_WSSELECT	=	numa
OPENMP DISPLAY ENVIRONMENT END
#Output follows this header :
##Progname Size Blocksize Iterations Threads Gflops(Mean) 
dpotrf_taskdep 8192 224 1 192 465.261368
#Experience summarry : avg : 465.261368 :: std : 0.000000 :: min : 465.261368 :: max : 465.261368 :: median : 465.261368

OPENMP DISPLAY ENVIRONMENT BEGIN
  OMP_NUM_THREADS	=	192	(user-defined)
  OMP_THREAD_LIMIT	=	8192	(libKOMP default)
  OMP_STACKSIZE		=	8388608	(libKOMP default)
  OMP_MAX_ACTIVE_LEVELS	=	256	(libKOMP default)
  OMP_NESTED		=	false	(libKOMP default)
  OMP_DYNAMIC		=	false	(libKOMP default)
  OMP_PROC_BIND		=	true	(libKOMP default)
  OMP_PLACES		=	{0},{1},{2},{3},{4},{5},{6},{7},{8},{9},{10},{11},{12},{13},{14},{15},{16},{17},{18},{19},{20},{21},{22},{23},{24},{25},{26},{27},{28},{29},{30},{31},{32},{33},{34},{35},{36},{37},{38},{39},{40},{41},{42},{43},{44},{45},{46},{47},{48},{49},{50},{51},{52},{53},{54},{55},{56},{57},{58},{59},{60},{61},{62},{63},{64},{65},{66},{67},{68},{69},{70},{71},{72},{73},{74},{75},{76},{77},{78},{79},{80},{81},{82},{83},{84},{85},{86},{87},{88},{89},{90},{91},{92},{93},{94},{95},{96},{97},{98},{99},{100},{101},{102},{103},{104},{105},{106},{107},{108},{109},{110},{111},{112},{113},{114},{115},{116},{117},{118},{119},{120},{121},{122},{123},{124},{125},{126},{127},{128},{129},{130},{131},{132},{133},{134},{135},{136},{137},{138},{139},{140},{141},{142},{143},{144},{145},{146},{147},{148},{149},{150},{151},{152},{153},{154},{155},{156},{157},{158},{159},{160},{161},{162},{163},{164},{165},{166},{167},{168},{169},{170},{171},{172},{173},{174},{175},{176},{177},{178},{179},{180},{181},{182},{183},{184},{185},{186},{187},{188},{189},{190},{191}	(user-defined)
  OMP_SCHEDULE		=	auto	(libKOMP default)
  OMP_CANCELLATION	=	false	(libKOMP default)
  KOMP_DISPLAY_PERF	=	no	(libKOMP default)
  KOMP_STEAL_PROTOCOL	=	noaggr	(libKOMP default)
  KAAPI_WSPUSH_INIT	=	wspush
  KAAPI_WSPUSH		=	numa
  KAAPI_WSSELECT	=	numa
OPENMP DISPLAY ENVIRONMENT END
#Output follows this header :
##Progname Size Blocksize Iterations Threads Gflops(Mean) 
dpotrf_taskdep 8192 224 1 192 575.998375
#Experience summarry : avg : 575.998375 :: std : 0.000000 :: min : 575.998375 :: max : 575.998375 :: median : 575.998375

OPENMP DISPLAY ENVIRONMENT BEGIN
  OMP_NUM_THREADS	=	192	(user-defined)
  OMP_THREAD_LIMIT	=	8192	(libKOMP default)
  OMP_STACKSIZE		=	8388608	(libKOMP default)
  OMP_MAX_ACTIVE_LEVELS	=	256	(libKOMP default)
  OMP_NESTED		=	false	(libKOMP default)
  OMP_DYNAMIC		=	false	(libKOMP default)
  OMP_PROC_BIND		=	true	(libKOMP default)
  OMP_PLACES		=	{0},{1},{2},{3},{4},{5},{6},{7},{8},{9},{10},{11},{12},{13},{14},{15},{16},{17},{18},{19},{20},{21},{22},{23},{24},{25},{26},{27},{28},{29},{30},{31},{32},{33},{34},{35},{36},{37},{38},{39},{40},{41},{42},{43},{44},{45},{46},{47},{48},{49},{50},{51},{52},{53},{54},{55},{56},{57},{58},{59},{60},{61},{62},{63},{64},{65},{66},{67},{68},{69},{70},{71},{72},{73},{74},{75},{76},{77},{78},{79},{80},{81},{82},{83},{84},{85},{86},{87},{88},{89},{90},{91},{92},{93},{94},{95},{96},{97},{98},{99},{100},{101},{102},{103},{104},{105},{106},{107},{108},{109},{110},{111},{112},{113},{114},{115},{116},{117},{118},{119},{120},{121},{122},{123},{124},{125},{126},{127},{128},{129},{130},{131},{132},{133},{134},{135},{136},{137},{138},{139},{140},{141},{142},{143},{144},{145},{146},{147},{148},{149},{150},{151},{152},{153},{154},{155},{156},{157},{158},{159},{160},{161},{162},{163},{164},{165},{166},{167},{168},{169},{170},{171},{172},{173},{174},{175},{176},{177},{178},{179},{180},{181},{182},{183},{184},{185},{186},{187},{188},{189},{190},{191}	(user-defined)
  OMP_SCHEDULE		=	auto	(libKOMP default)
  OMP_CANCELLATION	=	false	(libKOMP default)
  KOMP_DISPLAY_PERF	=	no	(libKOMP default)
  KOMP_STEAL_PROTOCOL	=	noaggr	(libKOMP default)
  KAAPI_WSPUSH_INIT	=	wspush
  KAAPI_WSPUSH		=	numa
  KAAPI_WSSELECT	=	numa
OPENMP DISPLAY ENVIRONMENT END
#Output follows this header :
##Progname Size Blocksize Iterations Threads Gflops(Mean) 
dpotrf_taskdep 8192 224 1 192 547.963180
#Experience summarry : avg : 547.963180 :: std : 0.000000 :: min : 547.963180 :: max : 547.963180 :: median : 547.963180

OPENMP DISPLAY ENVIRONMENT BEGIN
  OMP_NUM_THREADS	=	192	(user-defined)
  OMP_THREAD_LIMIT	=	8192	(libKOMP default)
  OMP_STACKSIZE		=	8388608	(libKOMP default)
  OMP_MAX_ACTIVE_LEVELS	=	256	(libKOMP default)
  OMP_NESTED		=	false	(libKOMP default)
  OMP_DYNAMIC		=	false	(libKOMP default)
  OMP_PROC_BIND		=	true	(libKOMP default)
  OMP_PLACES		=	{0},{1},{2},{3},{4},{5},{6},{7},{8},{9},{10},{11},{12},{13},{14},{15},{16},{17},{18},{19},{20},{21},{22},{23},{24},{25},{26},{27},{28},{29},{30},{31},{32},{33},{34},{35},{36},{37},{38},{39},{40},{41},{42},{43},{44},{45},{46},{47},{48},{49},{50},{51},{52},{53},{54},{55},{56},{57},{58},{59},{60},{61},{62},{63},{64},{65},{66},{67},{68},{69},{70},{71},{72},{73},{74},{75},{76},{77},{78},{79},{80},{81},{82},{83},{84},{85},{86},{87},{88},{89},{90},{91},{92},{93},{94},{95},{96},{97},{98},{99},{100},{101},{102},{103},{104},{105},{106},{107},{108},{109},{110},{111},{112},{113},{114},{115},{116},{117},{118},{119},{120},{121},{122},{123},{124},{125},{126},{127},{128},{129},{130},{131},{132},{133},{134},{135},{136},{137},{138},{139},{140},{141},{142},{143},{144},{145},{146},{147},{148},{149},{150},{151},{152},{153},{154},{155},{156},{157},{158},{159},{160},{161},{162},{163},{164},{165},{166},{167},{168},{169},{170},{171},{172},{173},{174},{175},{176},{177},{178},{179},{180},{181},{182},{183},{184},{185},{186},{187},{188},{189},{190},{191}	(user-defined)
  OMP_SCHEDULE		=	auto	(libKOMP default)
  OMP_CANCELLATION	=	false	(libKOMP default)
  KOMP_DISPLAY_PERF	=	no	(libKOMP default)
  KOMP_STEAL_PROTOCOL	=	noaggr	(libKOMP default)
  KAAPI_WSPUSH_INIT	=	wspush
  KAAPI_WSPUSH		=	numa
  KAAPI_WSSELECT	=	numa
OPENMP DISPLAY ENVIRONMENT END
#Output follows this header :
##Progname Size Blocksize Iterations Threads Gflops(Mean) 
dpotrf_taskdep 8192 224 1 192 433.178083
#Experience summarry : avg : 433.178083 :: std : 0.000000 :: min : 433.178083 :: max : 433.178083 :: median : 433.178083

OPENMP DISPLAY ENVIRONMENT BEGIN
  OMP_NUM_THREADS	=	192	(user-defined)
  OMP_THREAD_LIMIT	=	8192	(libKOMP default)
  OMP_STACKSIZE		=	8388608	(libKOMP default)
  OMP_MAX_ACTIVE_LEVELS	=	256	(libKOMP default)
  OMP_NESTED		=	false	(libKOMP default)
  OMP_DYNAMIC		=	false	(libKOMP default)
  OMP_PROC_BIND		=	true	(libKOMP default)
  OMP_PLACES		=	{0},{1},{2},{3},{4},{5},{6},{7},{8},{9},{10},{11},{12},{13},{14},{15},{16},{17},{18},{19},{20},{21},{22},{23},{24},{25},{26},{27},{28},{29},{30},{31},{32},{33},{34},{35},{36},{37},{38},{39},{40},{41},{42},{43},{44},{45},{46},{47},{48},{49},{50},{51},{52},{53},{54},{55},{56},{57},{58},{59},{60},{61},{62},{63},{64},{65},{66},{67},{68},{69},{70},{71},{72},{73},{74},{75},{76},{77},{78},{79},{80},{81},{82},{83},{84},{85},{86},{87},{88},{89},{90},{91},{92},{93},{94},{95},{96},{97},{98},{99},{100},{101},{102},{103},{104},{105},{106},{107},{108},{109},{110},{111},{112},{113},{114},{115},{116},{117},{118},{119},{120},{121},{122},{123},{124},{125},{126},{127},{128},{129},{130},{131},{132},{133},{134},{135},{136},{137},{138},{139},{140},{141},{142},{143},{144},{145},{146},{147},{148},{149},{150},{151},{152},{153},{154},{155},{156},{157},{158},{159},{160},{161},{162},{163},{164},{165},{166},{167},{168},{169},{170},{171},{172},{173},{174},{175},{176},{177},{178},{179},{180},{181},{182},{183},{184},{185},{186},{187},{188},{189},{190},{191}	(user-defined)
  OMP_SCHEDULE		=	auto	(libKOMP default)
  OMP_CANCELLATION	=	false	(libKOMP default)
  KOMP_DISPLAY_PERF	=	no	(libKOMP default)
  KOMP_STEAL_PROTOCOL	=	noaggr	(libKOMP default)
  KAAPI_WSPUSH_INIT	=	wspush
  KAAPI_WSPUSH		=	numa
  KAAPI_WSSELECT	=	numa
OPENMP DISPLAY ENVIRONMENT END
#Output follows this header :
##Progname Size Blocksize Iterations Threads Gflops(Mean) 
dpotrf_taskdep 8192 224 1 192 509.269525
#Experience summarry : avg : 509.269525 :: std : 0.000000 :: min : 509.269525 :: max : 509.269525 :: median : 509.269525

OPENMP DISPLAY ENVIRONMENT BEGIN
  OMP_NUM_THREADS	=	192	(user-defined)
  OMP_THREAD_LIMIT	=	8192	(libKOMP default)
  OMP_STACKSIZE		=	8388608	(libKOMP default)
  OMP_MAX_ACTIVE_LEVELS	=	256	(libKOMP default)
  OMP_NESTED		=	false	(libKOMP default)
  OMP_DYNAMIC		=	false	(libKOMP default)
  OMP_PROC_BIND		=	true	(libKOMP default)
  OMP_PLACES		=	{0},{1},{2},{3},{4},{5},{6},{7},{8},{9},{10},{11},{12},{13},{14},{15},{16},{17},{18},{19},{20},{21},{22},{23},{24},{25},{26},{27},{28},{29},{30},{31},{32},{33},{34},{35},{36},{37},{38},{39},{40},{41},{42},{43},{44},{45},{46},{47},{48},{49},{50},{51},{52},{53},{54},{55},{56},{57},{58},{59},{60},{61},{62},{63},{64},{65},{66},{67},{68},{69},{70},{71},{72},{73},{74},{75},{76},{77},{78},{79},{80},{81},{82},{83},{84},{85},{86},{87},{88},{89},{90},{91},{92},{93},{94},{95},{96},{97},{98},{99},{100},{101},{102},{103},{104},{105},{106},{107},{108},{109},{110},{111},{112},{113},{114},{115},{116},{117},{118},{119},{120},{121},{122},{123},{124},{125},{126},{127},{128},{129},{130},{131},{132},{133},{134},{135},{136},{137},{138},{139},{140},{141},{142},{143},{144},{145},{146},{147},{148},{149},{150},{151},{152},{153},{154},{155},{156},{157},{158},{159},{160},{161},{162},{163},{164},{165},{166},{167},{168},{169},{170},{171},{172},{173},{174},{175},{176},{177},{178},{179},{180},{181},{182},{183},{184},{185},{186},{187},{188},{189},{190},{191}	(user-defined)
  OMP_SCHEDULE		=	auto	(libKOMP default)
  OMP_CANCELLATION	=	false	(libKOMP default)
  KOMP_DISPLAY_PERF	=	no	(libKOMP default)
  KOMP_STEAL_PROTOCOL	=	noaggr	(libKOMP default)
  KAAPI_WSPUSH_INIT	=	wspush
  KAAPI_WSPUSH		=	numa
  KAAPI_WSSELECT	=	numa
OPENMP DISPLAY ENVIRONMENT END
#Output follows this header :
##Progname Size Blocksize Iterations Threads Gflops(Mean) 
dpotrf_taskdep 8192 224 1 192 546.165379
#Experience summarry : avg : 546.165379 :: std : 0.000000 :: min : 546.165379 :: max : 546.165379 :: median : 546.165379

OPENMP DISPLAY ENVIRONMENT BEGIN
  OMP_NUM_THREADS	=	192	(user-defined)
  OMP_THREAD_LIMIT	=	8192	(libKOMP default)
  OMP_STACKSIZE		=	8388608	(libKOMP default)
  OMP_MAX_ACTIVE_LEVELS	=	256	(libKOMP default)
  OMP_NESTED		=	false	(libKOMP default)
  OMP_DYNAMIC		=	false	(libKOMP default)
  OMP_PROC_BIND		=	true	(libKOMP default)
  OMP_PLACES		=	{0},{1},{2},{3},{4},{5},{6},{7},{8},{9},{10},{11},{12},{13},{14},{15},{16},{17},{18},{19},{20},{21},{22},{23},{24},{25},{26},{27},{28},{29},{30},{31},{32},{33},{34},{35},{36},{37},{38},{39},{40},{41},{42},{43},{44},{45},{46},{47},{48},{49},{50},{51},{52},{53},{54},{55},{56},{57},{58},{59},{60},{61},{62},{63},{64},{65},{66},{67},{68},{69},{70},{71},{72},{73},{74},{75},{76},{77},{78},{79},{80},{81},{82},{83},{84},{85},{86},{87},{88},{89},{90},{91},{92},{93},{94},{95},{96},{97},{98},{99},{100},{101},{102},{103},{104},{105},{106},{107},{108},{109},{110},{111},{112},{113},{114},{115},{116},{117},{118},{119},{120},{121},{122},{123},{124},{125},{126},{127},{128},{129},{130},{131},{132},{133},{134},{135},{136},{137},{138},{139},{140},{141},{142},{143},{144},{145},{146},{147},{148},{149},{150},{151},{152},{153},{154},{155},{156},{157},{158},{159},{160},{161},{162},{163},{164},{165},{166},{167},{168},{169},{170},{171},{172},{173},{174},{175},{176},{177},{178},{179},{180},{181},{182},{183},{184},{185},{186},{187},{188},{189},{190},{191}	(user-defined)
  OMP_SCHEDULE		=	auto	(libKOMP default)
  OMP_CANCELLATION	=	false	(libKOMP default)
  KOMP_DISPLAY_PERF	=	no	(libKOMP default)
  KOMP_STEAL_PROTOCOL	=	noaggr	(libKOMP default)
  KAAPI_WSPUSH_INIT	=	wspush
  KAAPI_WSPUSH		=	numa
  KAAPI_WSSELECT	=	numa
OPENMP DISPLAY ENVIRONMENT END
#Output follows this header :
##Progname Size Blocksize Iterations Threads Gflops(Mean) 
dpotrf_taskdep 8192 224 1 192 616.886307
#Experience summarry : avg : 616.886307 :: std : 0.000000 :: min : 616.886307 :: max : 616.886307 :: median : 616.886307

OPENMP DISPLAY ENVIRONMENT BEGIN
  OMP_NUM_THREADS	=	192	(user-defined)
  OMP_THREAD_LIMIT	=	8192	(libKOMP default)
  OMP_STACKSIZE		=	8388608	(libKOMP default)
  OMP_MAX_ACTIVE_LEVELS	=	256	(libKOMP default)
  OMP_NESTED		=	false	(libKOMP default)
  OMP_DYNAMIC		=	false	(libKOMP default)
  OMP_PROC_BIND		=	true	(libKOMP default)
  OMP_PLACES		=	{0},{1},{2},{3},{4},{5},{6},{7},{8},{9},{10},{11},{12},{13},{14},{15},{16},{17},{18},{19},{20},{21},{22},{23},{24},{25},{26},{27},{28},{29},{30},{31},{32},{33},{34},{35},{36},{37},{38},{39},{40},{41},{42},{43},{44},{45},{46},{47},{48},{49},{50},{51},{52},{53},{54},{55},{56},{57},{58},{59},{60},{61},{62},{63},{64},{65},{66},{67},{68},{69},{70},{71},{72},{73},{74},{75},{76},{77},{78},{79},{80},{81},{82},{83},{84},{85},{86},{87},{88},{89},{90},{91},{92},{93},{94},{95},{96},{97},{98},{99},{100},{101},{102},{103},{104},{105},{106},{107},{108},{109},{110},{111},{112},{113},{114},{115},{116},{117},{118},{119},{120},{121},{122},{123},{124},{125},{126},{127},{128},{129},{130},{131},{132},{133},{134},{135},{136},{137},{138},{139},{140},{141},{142},{143},{144},{145},{146},{147},{148},{149},{150},{151},{152},{153},{154},{155},{156},{157},{158},{159},{160},{161},{162},{163},{164},{165},{166},{167},{168},{169},{170},{171},{172},{173},{174},{175},{176},{177},{178},{179},{180},{181},{182},{183},{184},{185},{186},{187},{188},{189},{190},{191}	(user-defined)
  OMP_SCHEDULE		=	auto	(libKOMP default)
  OMP_CANCELLATION	=	false	(libKOMP default)
  KOMP_DISPLAY_PERF	=	no	(libKOMP default)
  KOMP_STEAL_PROTOCOL	=	noaggr	(libKOMP default)
  KAAPI_WSPUSH_INIT	=	wspush
  KAAPI_WSPUSH		=	numa
  KAAPI_WSSELECT	=	numa
OPENMP DISPLAY ENVIRONMENT END
#Output follows this header :
##Progname Size Blocksize Iterations Threads Gflops(Mean) 
dpotrf_taskdep 8192 224 1 192 551.757235
#Experience summarry : avg : 551.757235 :: std : 0.000000 :: min : 551.757235 :: max : 551.757235 :: median : 551.757235

OPENMP DISPLAY ENVIRONMENT BEGIN
  OMP_NUM_THREADS	=	192	(user-defined)
  OMP_THREAD_LIMIT	=	8192	(libKOMP default)
  OMP_STACKSIZE		=	8388608	(libKOMP default)
  OMP_MAX_ACTIVE_LEVELS	=	256	(libKOMP default)
  OMP_NESTED		=	false	(libKOMP default)
  OMP_DYNAMIC		=	false	(libKOMP default)
  OMP_PROC_BIND		=	true	(libKOMP default)
  OMP_PLACES		=	{0},{1},{2},{3},{4},{5},{6},{7},{8},{9},{10},{11},{12},{13},{14},{15},{16},{17},{18},{19},{20},{21},{22},{23},{24},{25},{26},{27},{28},{29},{30},{31},{32},{33},{34},{35},{36},{37},{38},{39},{40},{41},{42},{43},{44},{45},{46},{47},{48},{49},{50},{51},{52},{53},{54},{55},{56},{57},{58},{59},{60},{61},{62},{63},{64},{65},{66},{67},{68},{69},{70},{71},{72},{73},{74},{75},{76},{77},{78},{79},{80},{81},{82},{83},{84},{85},{86},{87},{88},{89},{90},{91},{92},{93},{94},{95},{96},{97},{98},{99},{100},{101},{102},{103},{104},{105},{106},{107},{108},{109},{110},{111},{112},{113},{114},{115},{116},{117},{118},{119},{120},{121},{122},{123},{124},{125},{126},{127},{128},{129},{130},{131},{132},{133},{134},{135},{136},{137},{138},{139},{140},{141},{142},{143},{144},{145},{146},{147},{148},{149},{150},{151},{152},{153},{154},{155},{156},{157},{158},{159},{160},{161},{162},{163},{164},{165},{166},{167},{168},{169},{170},{171},{172},{173},{174},{175},{176},{177},{178},{179},{180},{181},{182},{183},{184},{185},{186},{187},{188},{189},{190},{191}	(user-defined)
  OMP_SCHEDULE		=	auto	(libKOMP default)
  OMP_CANCELLATION	=	false	(libKOMP default)
  KOMP_DISPLAY_PERF	=	no	(libKOMP default)
  KOMP_STEAL_PROTOCOL	=	noaggr	(libKOMP default)
  KAAPI_WSPUSH_INIT	=	wspush
  KAAPI_WSPUSH		=	numa
  KAAPI_WSSELECT	=	numa
OPENMP DISPLAY ENVIRONMENT END
#Output follows this header :
##Progname Size Blocksize Iterations Threads Gflops(Mean) 
dpotrf_taskdep 8192 224 1 192 502.770421
#Experience summarry : avg : 502.770421 :: std : 0.000000 :: min : 502.770421 :: max : 502.770421 :: median : 502.770421

OPENMP DISPLAY ENVIRONMENT BEGIN
  OMP_NUM_THREADS	=	192	(user-defined)
  OMP_THREAD_LIMIT	=	8192	(libKOMP default)
  OMP_STACKSIZE		=	8388608	(libKOMP default)
  OMP_MAX_ACTIVE_LEVELS	=	256	(libKOMP default)
  OMP_NESTED		=	false	(libKOMP default)
  OMP_DYNAMIC		=	false	(libKOMP default)
  OMP_PROC_BIND		=	true	(libKOMP default)
  OMP_PLACES		=	{0},{1},{2},{3},{4},{5},{6},{7},{8},{9},{10},{11},{12},{13},{14},{15},{16},{17},{18},{19},{20},{21},{22},{23},{24},{25},{26},{27},{28},{29},{30},{31},{32},{33},{34},{35},{36},{37},{38},{39},{40},{41},{42},{43},{44},{45},{46},{47},{48},{49},{50},{51},{52},{53},{54},{55},{56},{57},{58},{59},{60},{61},{62},{63},{64},{65},{66},{67},{68},{69},{70},{71},{72},{73},{74},{75},{76},{77},{78},{79},{80},{81},{82},{83},{84},{85},{86},{87},{88},{89},{90},{91},{92},{93},{94},{95},{96},{97},{98},{99},{100},{101},{102},{103},{104},{105},{106},{107},{108},{109},{110},{111},{112},{113},{114},{115},{116},{117},{118},{119},{120},{121},{122},{123},{124},{125},{126},{127},{128},{129},{130},{131},{132},{133},{134},{135},{136},{137},{138},{139},{140},{141},{142},{143},{144},{145},{146},{147},{148},{149},{150},{151},{152},{153},{154},{155},{156},{157},{158},{159},{160},{161},{162},{163},{164},{165},{166},{167},{168},{169},{170},{171},{172},{173},{174},{175},{176},{177},{178},{179},{180},{181},{182},{183},{184},{185},{186},{187},{188},{189},{190},{191}	(user-defined)
  OMP_SCHEDULE		=	auto	(libKOMP default)
  OMP_CANCELLATION	=	false	(libKOMP default)
  KOMP_DISPLAY_PERF	=	no	(libKOMP default)
  KOMP_STEAL_PROTOCOL	=	noaggr	(libKOMP default)
  KAAPI_WSPUSH_INIT	=	wspush
  KAAPI_WSPUSH		=	numa
  KAAPI_WSSELECT	=	numa
OPENMP DISPLAY ENVIRONMENT END
#Output follows this header :
##Progname Size Blocksize Iterations Threads Gflops(Mean) 
dpotrf_taskdep 8192 224 1 192 520.928184
#Experience summarry : avg : 520.928184 :: std : 0.000000 :: min : 520.928184 :: max : 520.928184 :: median : 520.928184

OPENMP DISPLAY ENVIRONMENT BEGIN
  OMP_NUM_THREADS	=	192	(user-defined)
  OMP_THREAD_LIMIT	=	8192	(libKOMP default)
  OMP_STACKSIZE		=	8388608	(libKOMP default)
  OMP_MAX_ACTIVE_LEVELS	=	256	(libKOMP default)
  OMP_NESTED		=	false	(libKOMP default)
  OMP_DYNAMIC		=	false	(libKOMP default)
  OMP_PROC_BIND		=	true	(libKOMP default)
  OMP_PLACES		=	{0},{1},{2},{3},{4},{5},{6},{7},{8},{9},{10},{11},{12},{13},{14},{15},{16},{17},{18},{19},{20},{21},{22},{23},{24},{25},{26},{27},{28},{29},{30},{31},{32},{33},{34},{35},{36},{37},{38},{39},{40},{41},{42},{43},{44},{45},{46},{47},{48},{49},{50},{51},{52},{53},{54},{55},{56},{57},{58},{59},{60},{61},{62},{63},{64},{65},{66},{67},{68},{69},{70},{71},{72},{73},{74},{75},{76},{77},{78},{79},{80},{81},{82},{83},{84},{85},{86},{87},{88},{89},{90},{91},{92},{93},{94},{95},{96},{97},{98},{99},{100},{101},{102},{103},{104},{105},{106},{107},{108},{109},{110},{111},{112},{113},{114},{115},{116},{117},{118},{119},{120},{121},{122},{123},{124},{125},{126},{127},{128},{129},{130},{131},{132},{133},{134},{135},{136},{137},{138},{139},{140},{141},{142},{143},{144},{145},{146},{147},{148},{149},{150},{151},{152},{153},{154},{155},{156},{157},{158},{159},{160},{161},{162},{163},{164},{165},{166},{167},{168},{169},{170},{171},{172},{173},{174},{175},{176},{177},{178},{179},{180},{181},{182},{183},{184},{185},{186},{187},{188},{189},{190},{191}	(user-defined)
  OMP_SCHEDULE		=	auto	(libKOMP default)
  OMP_CANCELLATION	=	false	(libKOMP default)
  KOMP_DISPLAY_PERF	=	no	(libKOMP default)
  KOMP_STEAL_PROTOCOL	=	noaggr	(libKOMP default)
  KAAPI_WSPUSH_INIT	=	wspush
  KAAPI_WSPUSH		=	numa
  KAAPI_WSSELECT	=	numa
OPENMP DISPLAY ENVIRONMENT END
#Output follows this header :
##Progname Size Blocksize Iterations Threads Gflops(Mean) 
dpotrf_taskdep 8192 224 1 192 564.987734
#Experience summarry : avg : 564.987734 :: std : 0.000000 :: min : 564.987734 :: max : 564.987734 :: median : 564.987734

OPENMP DISPLAY ENVIRONMENT BEGIN
  OMP_NUM_THREADS	=	192	(user-defined)
  OMP_THREAD_LIMIT	=	8192	(libKOMP default)
  OMP_STACKSIZE		=	8388608	(libKOMP default)
  OMP_MAX_ACTIVE_LEVELS	=	256	(libKOMP default)
  OMP_NESTED		=	false	(libKOMP default)
  OMP_DYNAMIC		=	false	(libKOMP default)
  OMP_PROC_BIND		=	true	(libKOMP default)
  OMP_PLACES		=	{0},{1},{2},{3},{4},{5},{6},{7},{8},{9},{10},{11},{12},{13},{14},{15},{16},{17},{18},{19},{20},{21},{22},{23},{24},{25},{26},{27},{28},{29},{30},{31},{32},{33},{34},{35},{36},{37},{38},{39},{40},{41},{42},{43},{44},{45},{46},{47},{48},{49},{50},{51},{52},{53},{54},{55},{56},{57},{58},{59},{60},{61},{62},{63},{64},{65},{66},{67},{68},{69},{70},{71},{72},{73},{74},{75},{76},{77},{78},{79},{80},{81},{82},{83},{84},{85},{86},{87},{88},{89},{90},{91},{92},{93},{94},{95},{96},{97},{98},{99},{100},{101},{102},{103},{104},{105},{106},{107},{108},{109},{110},{111},{112},{113},{114},{115},{116},{117},{118},{119},{120},{121},{122},{123},{124},{125},{126},{127},{128},{129},{130},{131},{132},{133},{134},{135},{136},{137},{138},{139},{140},{141},{142},{143},{144},{145},{146},{147},{148},{149},{150},{151},{152},{153},{154},{155},{156},{157},{158},{159},{160},{161},{162},{163},{164},{165},{166},{167},{168},{169},{170},{171},{172},{173},{174},{175},{176},{177},{178},{179},{180},{181},{182},{183},{184},{185},{186},{187},{188},{189},{190},{191}	(user-defined)
  OMP_SCHEDULE		=	auto	(libKOMP default)
  OMP_CANCELLATION	=	false	(libKOMP default)
  KOMP_DISPLAY_PERF	=	no	(libKOMP default)
  KOMP_STEAL_PROTOCOL	=	noaggr	(libKOMP default)
  KAAPI_WSPUSH_INIT	=	wspush
  KAAPI_WSPUSH		=	numa
  KAAPI_WSSELECT	=	numa
OPENMP DISPLAY ENVIRONMENT END
#Output follows this header :
##Progname Size Blocksize Iterations Threads Gflops(Mean) 
dpotrf_taskdep 8192 224 1 192 532.181691
#Experience summarry : avg : 532.181691 :: std : 0.000000 :: min : 532.181691 :: max : 532.181691 :: median : 532.181691

OPENMP DISPLAY ENVIRONMENT BEGIN
  OMP_NUM_THREADS	=	192	(user-defined)
  OMP_THREAD_LIMIT	=	8192	(libKOMP default)
  OMP_STACKSIZE		=	8388608	(libKOMP default)
  OMP_MAX_ACTIVE_LEVELS	=	256	(libKOMP default)
  OMP_NESTED		=	false	(libKOMP default)
  OMP_DYNAMIC		=	false	(libKOMP default)
  OMP_PROC_BIND		=	true	(libKOMP default)
  OMP_PLACES		=	{0},{1},{2},{3},{4},{5},{6},{7},{8},{9},{10},{11},{12},{13},{14},{15},{16},{17},{18},{19},{20},{21},{22},{23},{24},{25},{26},{27},{28},{29},{30},{31},{32},{33},{34},{35},{36},{37},{38},{39},{40},{41},{42},{43},{44},{45},{46},{47},{48},{49},{50},{51},{52},{53},{54},{55},{56},{57},{58},{59},{60},{61},{62},{63},{64},{65},{66},{67},{68},{69},{70},{71},{72},{73},{74},{75},{76},{77},{78},{79},{80},{81},{82},{83},{84},{85},{86},{87},{88},{89},{90},{91},{92},{93},{94},{95},{96},{97},{98},{99},{100},{101},{102},{103},{104},{105},{106},{107},{108},{109},{110},{111},{112},{113},{114},{115},{116},{117},{118},{119},{120},{121},{122},{123},{124},{125},{126},{127},{128},{129},{130},{131},{132},{133},{134},{135},{136},{137},{138},{139},{140},{141},{142},{143},{144},{145},{146},{147},{148},{149},{150},{151},{152},{153},{154},{155},{156},{157},{158},{159},{160},{161},{162},{163},{164},{165},{166},{167},{168},{169},{170},{171},{172},{173},{174},{175},{176},{177},{178},{179},{180},{181},{182},{183},{184},{185},{186},{187},{188},{189},{190},{191}	(user-defined)
  OMP_SCHEDULE		=	auto	(libKOMP default)
  OMP_CANCELLATION	=	false	(libKOMP default)
  KOMP_DISPLAY_PERF	=	no	(libKOMP default)
  KOMP_STEAL_PROTOCOL	=	noaggr	(libKOMP default)
  KAAPI_WSPUSH_INIT	=	wspush
  KAAPI_WSPUSH		=	numa
  KAAPI_WSSELECT	=	numa
OPENMP DISPLAY ENVIRONMENT END
#Output follows this header :
##Progname Size Blocksize Iterations Threads Gflops(Mean) 
dpotrf_taskdep 8192 224 1 192 547.517885
#Experience summarry : avg : 547.517885 :: std : 0.000000 :: min : 547.517885 :: max : 547.517885 :: median : 547.517885

OPENMP DISPLAY ENVIRONMENT BEGIN
  OMP_NUM_THREADS	=	192	(user-defined)
  OMP_THREAD_LIMIT	=	8192	(libKOMP default)
  OMP_STACKSIZE		=	8388608	(libKOMP default)
  OMP_MAX_ACTIVE_LEVELS	=	256	(libKOMP default)
  OMP_NESTED		=	false	(libKOMP default)
  OMP_DYNAMIC		=	false	(libKOMP default)
  OMP_PROC_BIND		=	true	(libKOMP default)
  OMP_PLACES		=	{0},{1},{2},{3},{4},{5},{6},{7},{8},{9},{10},{11},{12},{13},{14},{15},{16},{17},{18},{19},{20},{21},{22},{23},{24},{25},{26},{27},{28},{29},{30},{31},{32},{33},{34},{35},{36},{37},{38},{39},{40},{41},{42},{43},{44},{45},{46},{47},{48},{49},{50},{51},{52},{53},{54},{55},{56},{57},{58},{59},{60},{61},{62},{63},{64},{65},{66},{67},{68},{69},{70},{71},{72},{73},{74},{75},{76},{77},{78},{79},{80},{81},{82},{83},{84},{85},{86},{87},{88},{89},{90},{91},{92},{93},{94},{95},{96},{97},{98},{99},{100},{101},{102},{103},{104},{105},{106},{107},{108},{109},{110},{111},{112},{113},{114},{115},{116},{117},{118},{119},{120},{121},{122},{123},{124},{125},{126},{127},{128},{129},{130},{131},{132},{133},{134},{135},{136},{137},{138},{139},{140},{141},{142},{143},{144},{145},{146},{147},{148},{149},{150},{151},{152},{153},{154},{155},{156},{157},{158},{159},{160},{161},{162},{163},{164},{165},{166},{167},{168},{169},{170},{171},{172},{173},{174},{175},{176},{177},{178},{179},{180},{181},{182},{183},{184},{185},{186},{187},{188},{189},{190},{191}	(user-defined)
  OMP_SCHEDULE		=	auto	(libKOMP default)
  OMP_CANCELLATION	=	false	(libKOMP default)
  KOMP_DISPLAY_PERF	=	no	(libKOMP default)
  KOMP_STEAL_PROTOCOL	=	noaggr	(libKOMP default)
  KAAPI_WSPUSH_INIT	=	wspush
  KAAPI_WSPUSH		=	numa
  KAAPI_WSSELECT	=	numa
OPENMP DISPLAY ENVIRONMENT END
#Output follows this header :
##Progname Size Blocksize Iterations Threads Gflops(Mean) 
dpotrf_taskdep 8192 224 1 192 475.526450
#Experience summarry : avg : 475.526450 :: std : 0.000000 :: min : 475.526450 :: max : 475.526450 :: median : 475.526450

OPENMP DISPLAY ENVIRONMENT BEGIN
  OMP_NUM_THREADS	=	192	(user-defined)
  OMP_THREAD_LIMIT	=	8192	(libKOMP default)
  OMP_STACKSIZE		=	8388608	(libKOMP default)
  OMP_MAX_ACTIVE_LEVELS	=	256	(libKOMP default)
  OMP_NESTED		=	false	(libKOMP default)
  OMP_DYNAMIC		=	false	(libKOMP default)
  OMP_PROC_BIND		=	true	(libKOMP default)
  OMP_PLACES		=	{0},{1},{2},{3},{4},{5},{6},{7},{8},{9},{10},{11},{12},{13},{14},{15},{16},{17},{18},{19},{20},{21},{22},{23},{24},{25},{26},{27},{28},{29},{30},{31},{32},{33},{34},{35},{36},{37},{38},{39},{40},{41},{42},{43},{44},{45},{46},{47},{48},{49},{50},{51},{52},{53},{54},{55},{56},{57},{58},{59},{60},{61},{62},{63},{64},{65},{66},{67},{68},{69},{70},{71},{72},{73},{74},{75},{76},{77},{78},{79},{80},{81},{82},{83},{84},{85},{86},{87},{88},{89},{90},{91},{92},{93},{94},{95},{96},{97},{98},{99},{100},{101},{102},{103},{104},{105},{106},{107},{108},{109},{110},{111},{112},{113},{114},{115},{116},{117},{118},{119},{120},{121},{122},{123},{124},{125},{126},{127},{128},{129},{130},{131},{132},{133},{134},{135},{136},{137},{138},{139},{140},{141},{142},{143},{144},{145},{146},{147},{148},{149},{150},{151},{152},{153},{154},{155},{156},{157},{158},{159},{160},{161},{162},{163},{164},{165},{166},{167},{168},{169},{170},{171},{172},{173},{174},{175},{176},{177},{178},{179},{180},{181},{182},{183},{184},{185},{186},{187},{188},{189},{190},{191}	(user-defined)
  OMP_SCHEDULE		=	auto	(libKOMP default)
  OMP_CANCELLATION	=	false	(libKOMP default)
  KOMP_DISPLAY_PERF	=	no	(libKOMP default)
  KOMP_STEAL_PROTOCOL	=	noaggr	(libKOMP default)
  KAAPI_WSPUSH_INIT	=	wspush
  KAAPI_WSPUSH		=	numa
  KAAPI_WSSELECT	=	numa
OPENMP DISPLAY ENVIRONMENT END
#Output follows this header :
##Progname Size Blocksize Iterations Threads Gflops(Mean) 
dpotrf_taskdep 16384 256 1 192 1354.259630
#Experience summarry : avg : 1354.259630 :: std : 0.000000 :: min : 1354.259630 :: max : 1354.259630 :: median : 1354.259630

OPENMP DISPLAY ENVIRONMENT BEGIN
  OMP_NUM_THREADS	=	192	(user-defined)
  OMP_THREAD_LIMIT	=	8192	(libKOMP default)
  OMP_STACKSIZE		=	8388608	(libKOMP default)
  OMP_MAX_ACTIVE_LEVELS	=	256	(libKOMP default)
  OMP_NESTED		=	false	(libKOMP default)
  OMP_DYNAMIC		=	false	(libKOMP default)
  OMP_PROC_BIND		=	true	(libKOMP default)
  OMP_PLACES		=	{0},{1},{2},{3},{4},{5},{6},{7},{8},{9},{10},{11},{12},{13},{14},{15},{16},{17},{18},{19},{20},{21},{22},{23},{24},{25},{26},{27},{28},{29},{30},{31},{32},{33},{34},{35},{36},{37},{38},{39},{40},{41},{42},{43},{44},{45},{46},{47},{48},{49},{50},{51},{52},{53},{54},{55},{56},{57},{58},{59},{60},{61},{62},{63},{64},{65},{66},{67},{68},{69},{70},{71},{72},{73},{74},{75},{76},{77},{78},{79},{80},{81},{82},{83},{84},{85},{86},{87},{88},{89},{90},{91},{92},{93},{94},{95},{96},{97},{98},{99},{100},{101},{102},{103},{104},{105},{106},{107},{108},{109},{110},{111},{112},{113},{114},{115},{116},{117},{118},{119},{120},{121},{122},{123},{124},{125},{126},{127},{128},{129},{130},{131},{132},{133},{134},{135},{136},{137},{138},{139},{140},{141},{142},{143},{144},{145},{146},{147},{148},{149},{150},{151},{152},{153},{154},{155},{156},{157},{158},{159},{160},{161},{162},{163},{164},{165},{166},{167},{168},{169},{170},{171},{172},{173},{174},{175},{176},{177},{178},{179},{180},{181},{182},{183},{184},{185},{186},{187},{188},{189},{190},{191}	(user-defined)
  OMP_SCHEDULE		=	auto	(libKOMP default)
  OMP_CANCELLATION	=	false	(libKOMP default)
  KOMP_DISPLAY_PERF	=	no	(libKOMP default)
  KOMP_STEAL_PROTOCOL	=	noaggr	(libKOMP default)
  KAAPI_WSPUSH_INIT	=	wspush
  KAAPI_WSPUSH		=	numa
  KAAPI_WSSELECT	=	numa
OPENMP DISPLAY ENVIRONMENT END
#Output follows this header :
##Progname Size Blocksize Iterations Threads Gflops(Mean) 
dpotrf_taskdep 16384 256 1 192 1304.913438
#Experience summarry : avg : 1304.913438 :: std : 0.000000 :: min : 1304.913438 :: max : 1304.913438 :: median : 1304.913438

OPENMP DISPLAY ENVIRONMENT BEGIN
  OMP_NUM_THREADS	=	192	(user-defined)
  OMP_THREAD_LIMIT	=	8192	(libKOMP default)
  OMP_STACKSIZE		=	8388608	(libKOMP default)
  OMP_MAX_ACTIVE_LEVELS	=	256	(libKOMP default)
  OMP_NESTED		=	false	(libKOMP default)
  OMP_DYNAMIC		=	false	(libKOMP default)
  OMP_PROC_BIND		=	true	(libKOMP default)
  OMP_PLACES		=	{0},{1},{2},{3},{4},{5},{6},{7},{8},{9},{10},{11},{12},{13},{14},{15},{16},{17},{18},{19},{20},{21},{22},{23},{24},{25},{26},{27},{28},{29},{30},{31},{32},{33},{34},{35},{36},{37},{38},{39},{40},{41},{42},{43},{44},{45},{46},{47},{48},{49},{50},{51},{52},{53},{54},{55},{56},{57},{58},{59},{60},{61},{62},{63},{64},{65},{66},{67},{68},{69},{70},{71},{72},{73},{74},{75},{76},{77},{78},{79},{80},{81},{82},{83},{84},{85},{86},{87},{88},{89},{90},{91},{92},{93},{94},{95},{96},{97},{98},{99},{100},{101},{102},{103},{104},{105},{106},{107},{108},{109},{110},{111},{112},{113},{114},{115},{116},{117},{118},{119},{120},{121},{122},{123},{124},{125},{126},{127},{128},{129},{130},{131},{132},{133},{134},{135},{136},{137},{138},{139},{140},{141},{142},{143},{144},{145},{146},{147},{148},{149},{150},{151},{152},{153},{154},{155},{156},{157},{158},{159},{160},{161},{162},{163},{164},{165},{166},{167},{168},{169},{170},{171},{172},{173},{174},{175},{176},{177},{178},{179},{180},{181},{182},{183},{184},{185},{186},{187},{188},{189},{190},{191}	(user-defined)
  OMP_SCHEDULE		=	auto	(libKOMP default)
  OMP_CANCELLATION	=	false	(libKOMP default)
  KOMP_DISPLAY_PERF	=	no	(libKOMP default)
  KOMP_STEAL_PROTOCOL	=	noaggr	(libKOMP default)
  KAAPI_WSPUSH_INIT	=	wspush
  KAAPI_WSPUSH		=	numa
  KAAPI_WSSELECT	=	numa
OPENMP DISPLAY ENVIRONMENT END
#Output follows this header :
##Progname Size Blocksize Iterations Threads Gflops(Mean) 
dpotrf_taskdep 16384 256 1 192 1236.345297
#Experience summarry : avg : 1236.345297 :: std : 0.000000 :: min : 1236.345297 :: max : 1236.345297 :: median : 1236.345297

OPENMP DISPLAY ENVIRONMENT BEGIN
  OMP_NUM_THREADS	=	192	(user-defined)
  OMP_THREAD_LIMIT	=	8192	(libKOMP default)
  OMP_STACKSIZE		=	8388608	(libKOMP default)
  OMP_MAX_ACTIVE_LEVELS	=	256	(libKOMP default)
  OMP_NESTED		=	false	(libKOMP default)
  OMP_DYNAMIC		=	false	(libKOMP default)
  OMP_PROC_BIND		=	true	(libKOMP default)
  OMP_PLACES		=	{0},{1},{2},{3},{4},{5},{6},{7},{8},{9},{10},{11},{12},{13},{14},{15},{16},{17},{18},{19},{20},{21},{22},{23},{24},{25},{26},{27},{28},{29},{30},{31},{32},{33},{34},{35},{36},{37},{38},{39},{40},{41},{42},{43},{44},{45},{46},{47},{48},{49},{50},{51},{52},{53},{54},{55},{56},{57},{58},{59},{60},{61},{62},{63},{64},{65},{66},{67},{68},{69},{70},{71},{72},{73},{74},{75},{76},{77},{78},{79},{80},{81},{82},{83},{84},{85},{86},{87},{88},{89},{90},{91},{92},{93},{94},{95},{96},{97},{98},{99},{100},{101},{102},{103},{104},{105},{106},{107},{108},{109},{110},{111},{112},{113},{114},{115},{116},{117},{118},{119},{120},{121},{122},{123},{124},{125},{126},{127},{128},{129},{130},{131},{132},{133},{134},{135},{136},{137},{138},{139},{140},{141},{142},{143},{144},{145},{146},{147},{148},{149},{150},{151},{152},{153},{154},{155},{156},{157},{158},{159},{160},{161},{162},{163},{164},{165},{166},{167},{168},{169},{170},{171},{172},{173},{174},{175},{176},{177},{178},{179},{180},{181},{182},{183},{184},{185},{186},{187},{188},{189},{190},{191}	(user-defined)
  OMP_SCHEDULE		=	auto	(libKOMP default)
  OMP_CANCELLATION	=	false	(libKOMP default)
  KOMP_DISPLAY_PERF	=	no	(libKOMP default)
  KOMP_STEAL_PROTOCOL	=	noaggr	(libKOMP default)
  KAAPI_WSPUSH_INIT	=	wspush
  KAAPI_WSPUSH		=	numa
  KAAPI_WSSELECT	=	numa
OPENMP DISPLAY ENVIRONMENT END
#Output follows this header :
##Progname Size Blocksize Iterations Threads Gflops(Mean) 
dpotrf_taskdep 16384 256 1 192 1187.007066
#Experience summarry : avg : 1187.007066 :: std : 0.000000 :: min : 1187.007066 :: max : 1187.007066 :: median : 1187.007066

OPENMP DISPLAY ENVIRONMENT BEGIN
  OMP_NUM_THREADS	=	192	(user-defined)
  OMP_THREAD_LIMIT	=	8192	(libKOMP default)
  OMP_STACKSIZE		=	8388608	(libKOMP default)
  OMP_MAX_ACTIVE_LEVELS	=	256	(libKOMP default)
  OMP_NESTED		=	false	(libKOMP default)
  OMP_DYNAMIC		=	false	(libKOMP default)
  OMP_PROC_BIND		=	true	(libKOMP default)
  OMP_PLACES		=	{0},{1},{2},{3},{4},{5},{6},{7},{8},{9},{10},{11},{12},{13},{14},{15},{16},{17},{18},{19},{20},{21},{22},{23},{24},{25},{26},{27},{28},{29},{30},{31},{32},{33},{34},{35},{36},{37},{38},{39},{40},{41},{42},{43},{44},{45},{46},{47},{48},{49},{50},{51},{52},{53},{54},{55},{56},{57},{58},{59},{60},{61},{62},{63},{64},{65},{66},{67},{68},{69},{70},{71},{72},{73},{74},{75},{76},{77},{78},{79},{80},{81},{82},{83},{84},{85},{86},{87},{88},{89},{90},{91},{92},{93},{94},{95},{96},{97},{98},{99},{100},{101},{102},{103},{104},{105},{106},{107},{108},{109},{110},{111},{112},{113},{114},{115},{116},{117},{118},{119},{120},{121},{122},{123},{124},{125},{126},{127},{128},{129},{130},{131},{132},{133},{134},{135},{136},{137},{138},{139},{140},{141},{142},{143},{144},{145},{146},{147},{148},{149},{150},{151},{152},{153},{154},{155},{156},{157},{158},{159},{160},{161},{162},{163},{164},{165},{166},{167},{168},{169},{170},{171},{172},{173},{174},{175},{176},{177},{178},{179},{180},{181},{182},{183},{184},{185},{186},{187},{188},{189},{190},{191}	(user-defined)
  OMP_SCHEDULE		=	auto	(libKOMP default)
  OMP_CANCELLATION	=	false	(libKOMP default)
  KOMP_DISPLAY_PERF	=	no	(libKOMP default)
  KOMP_STEAL_PROTOCOL	=	noaggr	(libKOMP default)
  KAAPI_WSPUSH_INIT	=	wspush
  KAAPI_WSPUSH		=	numa
  KAAPI_WSSELECT	=	numa
OPENMP DISPLAY ENVIRONMENT END
#Output follows this header :
##Progname Size Blocksize Iterations Threads Gflops(Mean) 
dpotrf_taskdep 16384 256 1 192 1315.567383
#Experience summarry : avg : 1315.567383 :: std : 0.000000 :: min : 1315.567383 :: max : 1315.567383 :: median : 1315.567383

OPENMP DISPLAY ENVIRONMENT BEGIN
  OMP_NUM_THREADS	=	192	(user-defined)
  OMP_THREAD_LIMIT	=	8192	(libKOMP default)
  OMP_STACKSIZE		=	8388608	(libKOMP default)
  OMP_MAX_ACTIVE_LEVELS	=	256	(libKOMP default)
  OMP_NESTED		=	false	(libKOMP default)
  OMP_DYNAMIC		=	false	(libKOMP default)
  OMP_PROC_BIND		=	true	(libKOMP default)
  OMP_PLACES		=	{0},{1},{2},{3},{4},{5},{6},{7},{8},{9},{10},{11},{12},{13},{14},{15},{16},{17},{18},{19},{20},{21},{22},{23},{24},{25},{26},{27},{28},{29},{30},{31},{32},{33},{34},{35},{36},{37},{38},{39},{40},{41},{42},{43},{44},{45},{46},{47},{48},{49},{50},{51},{52},{53},{54},{55},{56},{57},{58},{59},{60},{61},{62},{63},{64},{65},{66},{67},{68},{69},{70},{71},{72},{73},{74},{75},{76},{77},{78},{79},{80},{81},{82},{83},{84},{85},{86},{87},{88},{89},{90},{91},{92},{93},{94},{95},{96},{97},{98},{99},{100},{101},{102},{103},{104},{105},{106},{107},{108},{109},{110},{111},{112},{113},{114},{115},{116},{117},{118},{119},{120},{121},{122},{123},{124},{125},{126},{127},{128},{129},{130},{131},{132},{133},{134},{135},{136},{137},{138},{139},{140},{141},{142},{143},{144},{145},{146},{147},{148},{149},{150},{151},{152},{153},{154},{155},{156},{157},{158},{159},{160},{161},{162},{163},{164},{165},{166},{167},{168},{169},{170},{171},{172},{173},{174},{175},{176},{177},{178},{179},{180},{181},{182},{183},{184},{185},{186},{187},{188},{189},{190},{191}	(user-defined)
  OMP_SCHEDULE		=	auto	(libKOMP default)
  OMP_CANCELLATION	=	false	(libKOMP default)
  KOMP_DISPLAY_PERF	=	no	(libKOMP default)
  KOMP_STEAL_PROTOCOL	=	noaggr	(libKOMP default)
  KAAPI_WSPUSH_INIT	=	wspush
  KAAPI_WSPUSH		=	numa
  KAAPI_WSSELECT	=	numa
OPENMP DISPLAY ENVIRONMENT END
#Output follows this header :
##Progname Size Blocksize Iterations Threads Gflops(Mean) 
dpotrf_taskdep 16384 256 1 192 1222.664692
#Experience summarry : avg : 1222.664692 :: std : 0.000000 :: min : 1222.664692 :: max : 1222.664692 :: median : 1222.664692

OPENMP DISPLAY ENVIRONMENT BEGIN
  OMP_NUM_THREADS	=	192	(user-defined)
  OMP_THREAD_LIMIT	=	8192	(libKOMP default)
  OMP_STACKSIZE		=	8388608	(libKOMP default)
  OMP_MAX_ACTIVE_LEVELS	=	256	(libKOMP default)
  OMP_NESTED		=	false	(libKOMP default)
  OMP_DYNAMIC		=	false	(libKOMP default)
  OMP_PROC_BIND		=	true	(libKOMP default)
  OMP_PLACES		=	{0},{1},{2},{3},{4},{5},{6},{7},{8},{9},{10},{11},{12},{13},{14},{15},{16},{17},{18},{19},{20},{21},{22},{23},{24},{25},{26},{27},{28},{29},{30},{31},{32},{33},{34},{35},{36},{37},{38},{39},{40},{41},{42},{43},{44},{45},{46},{47},{48},{49},{50},{51},{52},{53},{54},{55},{56},{57},{58},{59},{60},{61},{62},{63},{64},{65},{66},{67},{68},{69},{70},{71},{72},{73},{74},{75},{76},{77},{78},{79},{80},{81},{82},{83},{84},{85},{86},{87},{88},{89},{90},{91},{92},{93},{94},{95},{96},{97},{98},{99},{100},{101},{102},{103},{104},{105},{106},{107},{108},{109},{110},{111},{112},{113},{114},{115},{116},{117},{118},{119},{120},{121},{122},{123},{124},{125},{126},{127},{128},{129},{130},{131},{132},{133},{134},{135},{136},{137},{138},{139},{140},{141},{142},{143},{144},{145},{146},{147},{148},{149},{150},{151},{152},{153},{154},{155},{156},{157},{158},{159},{160},{161},{162},{163},{164},{165},{166},{167},{168},{169},{170},{171},{172},{173},{174},{175},{176},{177},{178},{179},{180},{181},{182},{183},{184},{185},{186},{187},{188},{189},{190},{191}	(user-defined)
  OMP_SCHEDULE		=	auto	(libKOMP default)
  OMP_CANCELLATION	=	false	(libKOMP default)
  KOMP_DISPLAY_PERF	=	no	(libKOMP default)
  KOMP_STEAL_PROTOCOL	=	noaggr	(libKOMP default)
  KAAPI_WSPUSH_INIT	=	wspush
  KAAPI_WSPUSH		=	numa
  KAAPI_WSSELECT	=	numa
OPENMP DISPLAY ENVIRONMENT END
#Output follows this header :
##Progname Size Blocksize Iterations Threads Gflops(Mean) 
dpotrf_taskdep 16384 256 1 192 1398.764127
#Experience summarry : avg : 1398.764127 :: std : 0.000000 :: min : 1398.764127 :: max : 1398.764127 :: median : 1398.764127

OPENMP DISPLAY ENVIRONMENT BEGIN
  OMP_NUM_THREADS	=	192	(user-defined)
  OMP_THREAD_LIMIT	=	8192	(libKOMP default)
  OMP_STACKSIZE		=	8388608	(libKOMP default)
  OMP_MAX_ACTIVE_LEVELS	=	256	(libKOMP default)
  OMP_NESTED		=	false	(libKOMP default)
  OMP_DYNAMIC		=	false	(libKOMP default)
  OMP_PROC_BIND		=	true	(libKOMP default)
  OMP_PLACES		=	{0},{1},{2},{3},{4},{5},{6},{7},{8},{9},{10},{11},{12},{13},{14},{15},{16},{17},{18},{19},{20},{21},{22},{23},{24},{25},{26},{27},{28},{29},{30},{31},{32},{33},{34},{35},{36},{37},{38},{39},{40},{41},{42},{43},{44},{45},{46},{47},{48},{49},{50},{51},{52},{53},{54},{55},{56},{57},{58},{59},{60},{61},{62},{63},{64},{65},{66},{67},{68},{69},{70},{71},{72},{73},{74},{75},{76},{77},{78},{79},{80},{81},{82},{83},{84},{85},{86},{87},{88},{89},{90},{91},{92},{93},{94},{95},{96},{97},{98},{99},{100},{101},{102},{103},{104},{105},{106},{107},{108},{109},{110},{111},{112},{113},{114},{115},{116},{117},{118},{119},{120},{121},{122},{123},{124},{125},{126},{127},{128},{129},{130},{131},{132},{133},{134},{135},{136},{137},{138},{139},{140},{141},{142},{143},{144},{145},{146},{147},{148},{149},{150},{151},{152},{153},{154},{155},{156},{157},{158},{159},{160},{161},{162},{163},{164},{165},{166},{167},{168},{169},{170},{171},{172},{173},{174},{175},{176},{177},{178},{179},{180},{181},{182},{183},{184},{185},{186},{187},{188},{189},{190},{191}	(user-defined)
  OMP_SCHEDULE		=	auto	(libKOMP default)
  OMP_CANCELLATION	=	false	(libKOMP default)
  KOMP_DISPLAY_PERF	=	no	(libKOMP default)
  KOMP_STEAL_PROTOCOL	=	noaggr	(libKOMP default)
  KAAPI_WSPUSH_INIT	=	wspush
  KAAPI_WSPUSH		=	numa
  KAAPI_WSSELECT	=	numa
OPENMP DISPLAY ENVIRONMENT END
#Output follows this header :
##Progname Size Blocksize Iterations Threads Gflops(Mean) 
dpotrf_taskdep 16384 256 1 192 1248.408429
#Experience summarry : avg : 1248.408429 :: std : 0.000000 :: min : 1248.408429 :: max : 1248.408429 :: median : 1248.408429

OPENMP DISPLAY ENVIRONMENT BEGIN
  OMP_NUM_THREADS	=	192	(user-defined)
  OMP_THREAD_LIMIT	=	8192	(libKOMP default)
  OMP_STACKSIZE		=	8388608	(libKOMP default)
  OMP_MAX_ACTIVE_LEVELS	=	256	(libKOMP default)
  OMP_NESTED		=	false	(libKOMP default)
  OMP_DYNAMIC		=	false	(libKOMP default)
  OMP_PROC_BIND		=	true	(libKOMP default)
  OMP_PLACES		=	{0},{1},{2},{3},{4},{5},{6},{7},{8},{9},{10},{11},{12},{13},{14},{15},{16},{17},{18},{19},{20},{21},{22},{23},{24},{25},{26},{27},{28},{29},{30},{31},{32},{33},{34},{35},{36},{37},{38},{39},{40},{41},{42},{43},{44},{45},{46},{47},{48},{49},{50},{51},{52},{53},{54},{55},{56},{57},{58},{59},{60},{61},{62},{63},{64},{65},{66},{67},{68},{69},{70},{71},{72},{73},{74},{75},{76},{77},{78},{79},{80},{81},{82},{83},{84},{85},{86},{87},{88},{89},{90},{91},{92},{93},{94},{95},{96},{97},{98},{99},{100},{101},{102},{103},{104},{105},{106},{107},{108},{109},{110},{111},{112},{113},{114},{115},{116},{117},{118},{119},{120},{121},{122},{123},{124},{125},{126},{127},{128},{129},{130},{131},{132},{133},{134},{135},{136},{137},{138},{139},{140},{141},{142},{143},{144},{145},{146},{147},{148},{149},{150},{151},{152},{153},{154},{155},{156},{157},{158},{159},{160},{161},{162},{163},{164},{165},{166},{167},{168},{169},{170},{171},{172},{173},{174},{175},{176},{177},{178},{179},{180},{181},{182},{183},{184},{185},{186},{187},{188},{189},{190},{191}	(user-defined)
  OMP_SCHEDULE		=	auto	(libKOMP default)
  OMP_CANCELLATION	=	false	(libKOMP default)
  KOMP_DISPLAY_PERF	=	no	(libKOMP default)
  KOMP_STEAL_PROTOCOL	=	noaggr	(libKOMP default)
  KAAPI_WSPUSH_INIT	=	wspush
  KAAPI_WSPUSH		=	numa
  KAAPI_WSSELECT	=	numa
OPENMP DISPLAY ENVIRONMENT END
#Output follows this header :
##Progname Size Blocksize Iterations Threads Gflops(Mean) 
dpotrf_taskdep 16384 256 1 192 1273.822800
#Experience summarry : avg : 1273.822800 :: std : 0.000000 :: min : 1273.822800 :: max : 1273.822800 :: median : 1273.822800

OPENMP DISPLAY ENVIRONMENT BEGIN
  OMP_NUM_THREADS	=	192	(user-defined)
  OMP_THREAD_LIMIT	=	8192	(libKOMP default)
  OMP_STACKSIZE		=	8388608	(libKOMP default)
  OMP_MAX_ACTIVE_LEVELS	=	256	(libKOMP default)
  OMP_NESTED		=	false	(libKOMP default)
  OMP_DYNAMIC		=	false	(libKOMP default)
  OMP_PROC_BIND		=	true	(libKOMP default)
  OMP_PLACES		=	{0},{1},{2},{3},{4},{5},{6},{7},{8},{9},{10},{11},{12},{13},{14},{15},{16},{17},{18},{19},{20},{21},{22},{23},{24},{25},{26},{27},{28},{29},{30},{31},{32},{33},{34},{35},{36},{37},{38},{39},{40},{41},{42},{43},{44},{45},{46},{47},{48},{49},{50},{51},{52},{53},{54},{55},{56},{57},{58},{59},{60},{61},{62},{63},{64},{65},{66},{67},{68},{69},{70},{71},{72},{73},{74},{75},{76},{77},{78},{79},{80},{81},{82},{83},{84},{85},{86},{87},{88},{89},{90},{91},{92},{93},{94},{95},{96},{97},{98},{99},{100},{101},{102},{103},{104},{105},{106},{107},{108},{109},{110},{111},{112},{113},{114},{115},{116},{117},{118},{119},{120},{121},{122},{123},{124},{125},{126},{127},{128},{129},{130},{131},{132},{133},{134},{135},{136},{137},{138},{139},{140},{141},{142},{143},{144},{145},{146},{147},{148},{149},{150},{151},{152},{153},{154},{155},{156},{157},{158},{159},{160},{161},{162},{163},{164},{165},{166},{167},{168},{169},{170},{171},{172},{173},{174},{175},{176},{177},{178},{179},{180},{181},{182},{183},{184},{185},{186},{187},{188},{189},{190},{191}	(user-defined)
  OMP_SCHEDULE		=	auto	(libKOMP default)
  OMP_CANCELLATION	=	false	(libKOMP default)
  KOMP_DISPLAY_PERF	=	no	(libKOMP default)
  KOMP_STEAL_PROTOCOL	=	noaggr	(libKOMP default)
  KAAPI_WSPUSH_INIT	=	wspush
  KAAPI_WSPUSH		=	numa
  KAAPI_WSSELECT	=	numa
OPENMP DISPLAY ENVIRONMENT END
#Output follows this header :
##Progname Size Blocksize Iterations Threads Gflops(Mean) 
dpotrf_taskdep 16384 256 1 192 1277.716100
#Experience summarry : avg : 1277.716100 :: std : 0.000000 :: min : 1277.716100 :: max : 1277.716100 :: median : 1277.716100

OPENMP DISPLAY ENVIRONMENT BEGIN
  OMP_NUM_THREADS	=	192	(user-defined)
  OMP_THREAD_LIMIT	=	8192	(libKOMP default)
  OMP_STACKSIZE		=	8388608	(libKOMP default)
  OMP_MAX_ACTIVE_LEVELS	=	256	(libKOMP default)
  OMP_NESTED		=	false	(libKOMP default)
  OMP_DYNAMIC		=	false	(libKOMP default)
  OMP_PROC_BIND		=	true	(libKOMP default)
  OMP_PLACES		=	{0},{1},{2},{3},{4},{5},{6},{7},{8},{9},{10},{11},{12},{13},{14},{15},{16},{17},{18},{19},{20},{21},{22},{23},{24},{25},{26},{27},{28},{29},{30},{31},{32},{33},{34},{35},{36},{37},{38},{39},{40},{41},{42},{43},{44},{45},{46},{47},{48},{49},{50},{51},{52},{53},{54},{55},{56},{57},{58},{59},{60},{61},{62},{63},{64},{65},{66},{67},{68},{69},{70},{71},{72},{73},{74},{75},{76},{77},{78},{79},{80},{81},{82},{83},{84},{85},{86},{87},{88},{89},{90},{91},{92},{93},{94},{95},{96},{97},{98},{99},{100},{101},{102},{103},{104},{105},{106},{107},{108},{109},{110},{111},{112},{113},{114},{115},{116},{117},{118},{119},{120},{121},{122},{123},{124},{125},{126},{127},{128},{129},{130},{131},{132},{133},{134},{135},{136},{137},{138},{139},{140},{141},{142},{143},{144},{145},{146},{147},{148},{149},{150},{151},{152},{153},{154},{155},{156},{157},{158},{159},{160},{161},{162},{163},{164},{165},{166},{167},{168},{169},{170},{171},{172},{173},{174},{175},{176},{177},{178},{179},{180},{181},{182},{183},{184},{185},{186},{187},{188},{189},{190},{191}	(user-defined)
  OMP_SCHEDULE		=	auto	(libKOMP default)
  OMP_CANCELLATION	=	false	(libKOMP default)
  KOMP_DISPLAY_PERF	=	no	(libKOMP default)
  KOMP_STEAL_PROTOCOL	=	noaggr	(libKOMP default)
  KAAPI_WSPUSH_INIT	=	wspush
  KAAPI_WSPUSH		=	numa
  KAAPI_WSSELECT	=	numa
OPENMP DISPLAY ENVIRONMENT END
#Output follows this header :
##Progname Size Blocksize Iterations Threads Gflops(Mean) 
dpotrf_taskdep 16384 256 1 192 1277.089611
#Experience summarry : avg : 1277.089611 :: std : 0.000000 :: min : 1277.089611 :: max : 1277.089611 :: median : 1277.089611

OPENMP DISPLAY ENVIRONMENT BEGIN
  OMP_NUM_THREADS	=	192	(user-defined)
  OMP_THREAD_LIMIT	=	8192	(libKOMP default)
  OMP_STACKSIZE		=	8388608	(libKOMP default)
  OMP_MAX_ACTIVE_LEVELS	=	256	(libKOMP default)
  OMP_NESTED		=	false	(libKOMP default)
  OMP_DYNAMIC		=	false	(libKOMP default)
  OMP_PROC_BIND		=	true	(libKOMP default)
  OMP_PLACES		=	{0},{1},{2},{3},{4},{5},{6},{7},{8},{9},{10},{11},{12},{13},{14},{15},{16},{17},{18},{19},{20},{21},{22},{23},{24},{25},{26},{27},{28},{29},{30},{31},{32},{33},{34},{35},{36},{37},{38},{39},{40},{41},{42},{43},{44},{45},{46},{47},{48},{49},{50},{51},{52},{53},{54},{55},{56},{57},{58},{59},{60},{61},{62},{63},{64},{65},{66},{67},{68},{69},{70},{71},{72},{73},{74},{75},{76},{77},{78},{79},{80},{81},{82},{83},{84},{85},{86},{87},{88},{89},{90},{91},{92},{93},{94},{95},{96},{97},{98},{99},{100},{101},{102},{103},{104},{105},{106},{107},{108},{109},{110},{111},{112},{113},{114},{115},{116},{117},{118},{119},{120},{121},{122},{123},{124},{125},{126},{127},{128},{129},{130},{131},{132},{133},{134},{135},{136},{137},{138},{139},{140},{141},{142},{143},{144},{145},{146},{147},{148},{149},{150},{151},{152},{153},{154},{155},{156},{157},{158},{159},{160},{161},{162},{163},{164},{165},{166},{167},{168},{169},{170},{171},{172},{173},{174},{175},{176},{177},{178},{179},{180},{181},{182},{183},{184},{185},{186},{187},{188},{189},{190},{191}	(user-defined)
  OMP_SCHEDULE		=	auto	(libKOMP default)
  OMP_CANCELLATION	=	false	(libKOMP default)
  KOMP_DISPLAY_PERF	=	no	(libKOMP default)
  KOMP_STEAL_PROTOCOL	=	noaggr	(libKOMP default)
  KAAPI_WSPUSH_INIT	=	wspush
  KAAPI_WSPUSH		=	numa
  KAAPI_WSSELECT	=	numa
OPENMP DISPLAY ENVIRONMENT END
#Output follows this header :
##Progname Size Blocksize Iterations Threads Gflops(Mean) 
dpotrf_taskdep 16384 256 1 192 1314.293407
#Experience summarry : avg : 1314.293407 :: std : 0.000000 :: min : 1314.293407 :: max : 1314.293407 :: median : 1314.293407

OPENMP DISPLAY ENVIRONMENT BEGIN
  OMP_NUM_THREADS	=	192	(user-defined)
  OMP_THREAD_LIMIT	=	8192	(libKOMP default)
  OMP_STACKSIZE		=	8388608	(libKOMP default)
  OMP_MAX_ACTIVE_LEVELS	=	256	(libKOMP default)
  OMP_NESTED		=	false	(libKOMP default)
  OMP_DYNAMIC		=	false	(libKOMP default)
  OMP_PROC_BIND		=	true	(libKOMP default)
  OMP_PLACES		=	{0},{1},{2},{3},{4},{5},{6},{7},{8},{9},{10},{11},{12},{13},{14},{15},{16},{17},{18},{19},{20},{21},{22},{23},{24},{25},{26},{27},{28},{29},{30},{31},{32},{33},{34},{35},{36},{37},{38},{39},{40},{41},{42},{43},{44},{45},{46},{47},{48},{49},{50},{51},{52},{53},{54},{55},{56},{57},{58},{59},{60},{61},{62},{63},{64},{65},{66},{67},{68},{69},{70},{71},{72},{73},{74},{75},{76},{77},{78},{79},{80},{81},{82},{83},{84},{85},{86},{87},{88},{89},{90},{91},{92},{93},{94},{95},{96},{97},{98},{99},{100},{101},{102},{103},{104},{105},{106},{107},{108},{109},{110},{111},{112},{113},{114},{115},{116},{117},{118},{119},{120},{121},{122},{123},{124},{125},{126},{127},{128},{129},{130},{131},{132},{133},{134},{135},{136},{137},{138},{139},{140},{141},{142},{143},{144},{145},{146},{147},{148},{149},{150},{151},{152},{153},{154},{155},{156},{157},{158},{159},{160},{161},{162},{163},{164},{165},{166},{167},{168},{169},{170},{171},{172},{173},{174},{175},{176},{177},{178},{179},{180},{181},{182},{183},{184},{185},{186},{187},{188},{189},{190},{191}	(user-defined)
  OMP_SCHEDULE		=	auto	(libKOMP default)
  OMP_CANCELLATION	=	false	(libKOMP default)
  KOMP_DISPLAY_PERF	=	no	(libKOMP default)
  KOMP_STEAL_PROTOCOL	=	noaggr	(libKOMP default)
  KAAPI_WSPUSH_INIT	=	wspush
  KAAPI_WSPUSH		=	numa
  KAAPI_WSSELECT	=	numa
OPENMP DISPLAY ENVIRONMENT END
#Output follows this header :
##Progname Size Blocksize Iterations Threads Gflops(Mean) 
dpotrf_taskdep 16384 256 1 192 1250.815673
#Experience summarry : avg : 1250.815673 :: std : 0.000000 :: min : 1250.815673 :: max : 1250.815673 :: median : 1250.815673

OPENMP DISPLAY ENVIRONMENT BEGIN
  OMP_NUM_THREADS	=	192	(user-defined)
  OMP_THREAD_LIMIT	=	8192	(libKOMP default)
  OMP_STACKSIZE		=	8388608	(libKOMP default)
  OMP_MAX_ACTIVE_LEVELS	=	256	(libKOMP default)
  OMP_NESTED		=	false	(libKOMP default)
  OMP_DYNAMIC		=	false	(libKOMP default)
  OMP_PROC_BIND		=	true	(libKOMP default)
  OMP_PLACES		=	{0},{1},{2},{3},{4},{5},{6},{7},{8},{9},{10},{11},{12},{13},{14},{15},{16},{17},{18},{19},{20},{21},{22},{23},{24},{25},{26},{27},{28},{29},{30},{31},{32},{33},{34},{35},{36},{37},{38},{39},{40},{41},{42},{43},{44},{45},{46},{47},{48},{49},{50},{51},{52},{53},{54},{55},{56},{57},{58},{59},{60},{61},{62},{63},{64},{65},{66},{67},{68},{69},{70},{71},{72},{73},{74},{75},{76},{77},{78},{79},{80},{81},{82},{83},{84},{85},{86},{87},{88},{89},{90},{91},{92},{93},{94},{95},{96},{97},{98},{99},{100},{101},{102},{103},{104},{105},{106},{107},{108},{109},{110},{111},{112},{113},{114},{115},{116},{117},{118},{119},{120},{121},{122},{123},{124},{125},{126},{127},{128},{129},{130},{131},{132},{133},{134},{135},{136},{137},{138},{139},{140},{141},{142},{143},{144},{145},{146},{147},{148},{149},{150},{151},{152},{153},{154},{155},{156},{157},{158},{159},{160},{161},{162},{163},{164},{165},{166},{167},{168},{169},{170},{171},{172},{173},{174},{175},{176},{177},{178},{179},{180},{181},{182},{183},{184},{185},{186},{187},{188},{189},{190},{191}	(user-defined)
  OMP_SCHEDULE		=	auto	(libKOMP default)
  OMP_CANCELLATION	=	false	(libKOMP default)
  KOMP_DISPLAY_PERF	=	no	(libKOMP default)
  KOMP_STEAL_PROTOCOL	=	noaggr	(libKOMP default)
  KAAPI_WSPUSH_INIT	=	wspush
  KAAPI_WSPUSH		=	numa
  KAAPI_WSSELECT	=	numa
OPENMP DISPLAY ENVIRONMENT END
#Output follows this header :
##Progname Size Blocksize Iterations Threads Gflops(Mean) 
dpotrf_taskdep 16384 256 1 192 1324.199739
#Experience summarry : avg : 1324.199739 :: std : 0.000000 :: min : 1324.199739 :: max : 1324.199739 :: median : 1324.199739

OPENMP DISPLAY ENVIRONMENT BEGIN
  OMP_NUM_THREADS	=	192	(user-defined)
  OMP_THREAD_LIMIT	=	8192	(libKOMP default)
  OMP_STACKSIZE		=	8388608	(libKOMP default)
  OMP_MAX_ACTIVE_LEVELS	=	256	(libKOMP default)
  OMP_NESTED		=	false	(libKOMP default)
  OMP_DYNAMIC		=	false	(libKOMP default)
  OMP_PROC_BIND		=	true	(libKOMP default)
  OMP_PLACES		=	{0},{1},{2},{3},{4},{5},{6},{7},{8},{9},{10},{11},{12},{13},{14},{15},{16},{17},{18},{19},{20},{21},{22},{23},{24},{25},{26},{27},{28},{29},{30},{31},{32},{33},{34},{35},{36},{37},{38},{39},{40},{41},{42},{43},{44},{45},{46},{47},{48},{49},{50},{51},{52},{53},{54},{55},{56},{57},{58},{59},{60},{61},{62},{63},{64},{65},{66},{67},{68},{69},{70},{71},{72},{73},{74},{75},{76},{77},{78},{79},{80},{81},{82},{83},{84},{85},{86},{87},{88},{89},{90},{91},{92},{93},{94},{95},{96},{97},{98},{99},{100},{101},{102},{103},{104},{105},{106},{107},{108},{109},{110},{111},{112},{113},{114},{115},{116},{117},{118},{119},{120},{121},{122},{123},{124},{125},{126},{127},{128},{129},{130},{131},{132},{133},{134},{135},{136},{137},{138},{139},{140},{141},{142},{143},{144},{145},{146},{147},{148},{149},{150},{151},{152},{153},{154},{155},{156},{157},{158},{159},{160},{161},{162},{163},{164},{165},{166},{167},{168},{169},{170},{171},{172},{173},{174},{175},{176},{177},{178},{179},{180},{181},{182},{183},{184},{185},{186},{187},{188},{189},{190},{191}	(user-defined)
  OMP_SCHEDULE		=	auto	(libKOMP default)
  OMP_CANCELLATION	=	false	(libKOMP default)
  KOMP_DISPLAY_PERF	=	no	(libKOMP default)
  KOMP_STEAL_PROTOCOL	=	noaggr	(libKOMP default)
  KAAPI_WSPUSH_INIT	=	wspush
  KAAPI_WSPUSH		=	numa
  KAAPI_WSSELECT	=	numa
OPENMP DISPLAY ENVIRONMENT END
#Output follows this header :
##Progname Size Blocksize Iterations Threads Gflops(Mean) 
dpotrf_taskdep 16384 256 1 192 1303.958274
#Experience summarry : avg : 1303.958274 :: std : 0.000000 :: min : 1303.958274 :: max : 1303.958274 :: median : 1303.958274

OPENMP DISPLAY ENVIRONMENT BEGIN
  OMP_NUM_THREADS	=	192	(user-defined)
  OMP_THREAD_LIMIT	=	8192	(libKOMP default)
  OMP_STACKSIZE		=	8388608	(libKOMP default)
  OMP_MAX_ACTIVE_LEVELS	=	256	(libKOMP default)
  OMP_NESTED		=	false	(libKOMP default)
  OMP_DYNAMIC		=	false	(libKOMP default)
  OMP_PROC_BIND		=	true	(libKOMP default)
  OMP_PLACES		=	{0},{1},{2},{3},{4},{5},{6},{7},{8},{9},{10},{11},{12},{13},{14},{15},{16},{17},{18},{19},{20},{21},{22},{23},{24},{25},{26},{27},{28},{29},{30},{31},{32},{33},{34},{35},{36},{37},{38},{39},{40},{41},{42},{43},{44},{45},{46},{47},{48},{49},{50},{51},{52},{53},{54},{55},{56},{57},{58},{59},{60},{61},{62},{63},{64},{65},{66},{67},{68},{69},{70},{71},{72},{73},{74},{75},{76},{77},{78},{79},{80},{81},{82},{83},{84},{85},{86},{87},{88},{89},{90},{91},{92},{93},{94},{95},{96},{97},{98},{99},{100},{101},{102},{103},{104},{105},{106},{107},{108},{109},{110},{111},{112},{113},{114},{115},{116},{117},{118},{119},{120},{121},{122},{123},{124},{125},{126},{127},{128},{129},{130},{131},{132},{133},{134},{135},{136},{137},{138},{139},{140},{141},{142},{143},{144},{145},{146},{147},{148},{149},{150},{151},{152},{153},{154},{155},{156},{157},{158},{159},{160},{161},{162},{163},{164},{165},{166},{167},{168},{169},{170},{171},{172},{173},{174},{175},{176},{177},{178},{179},{180},{181},{182},{183},{184},{185},{186},{187},{188},{189},{190},{191}	(user-defined)
  OMP_SCHEDULE		=	auto	(libKOMP default)
  OMP_CANCELLATION	=	false	(libKOMP default)
  KOMP_DISPLAY_PERF	=	no	(libKOMP default)
  KOMP_STEAL_PROTOCOL	=	noaggr	(libKOMP default)
  KAAPI_WSPUSH_INIT	=	wspush
  KAAPI_WSPUSH		=	numa
  KAAPI_WSSELECT	=	numa
OPENMP DISPLAY ENVIRONMENT END
#Output follows this header :
##Progname Size Blocksize Iterations Threads Gflops(Mean) 
dpotrf_taskdep 32768 512 1 192 1569.402494
#Experience summarry : avg : 1569.402494 :: std : 0.000000 :: min : 1569.402494 :: max : 1569.402494 :: median : 1569.402494

OPENMP DISPLAY ENVIRONMENT BEGIN
  OMP_NUM_THREADS	=	192	(user-defined)
  OMP_THREAD_LIMIT	=	8192	(libKOMP default)
  OMP_STACKSIZE		=	8388608	(libKOMP default)
  OMP_MAX_ACTIVE_LEVELS	=	256	(libKOMP default)
  OMP_NESTED		=	false	(libKOMP default)
  OMP_DYNAMIC		=	false	(libKOMP default)
  OMP_PROC_BIND		=	true	(libKOMP default)
  OMP_PLACES		=	{0},{1},{2},{3},{4},{5},{6},{7},{8},{9},{10},{11},{12},{13},{14},{15},{16},{17},{18},{19},{20},{21},{22},{23},{24},{25},{26},{27},{28},{29},{30},{31},{32},{33},{34},{35},{36},{37},{38},{39},{40},{41},{42},{43},{44},{45},{46},{47},{48},{49},{50},{51},{52},{53},{54},{55},{56},{57},{58},{59},{60},{61},{62},{63},{64},{65},{66},{67},{68},{69},{70},{71},{72},{73},{74},{75},{76},{77},{78},{79},{80},{81},{82},{83},{84},{85},{86},{87},{88},{89},{90},{91},{92},{93},{94},{95},{96},{97},{98},{99},{100},{101},{102},{103},{104},{105},{106},{107},{108},{109},{110},{111},{112},{113},{114},{115},{116},{117},{118},{119},{120},{121},{122},{123},{124},{125},{126},{127},{128},{129},{130},{131},{132},{133},{134},{135},{136},{137},{138},{139},{140},{141},{142},{143},{144},{145},{146},{147},{148},{149},{150},{151},{152},{153},{154},{155},{156},{157},{158},{159},{160},{161},{162},{163},{164},{165},{166},{167},{168},{169},{170},{171},{172},{173},{174},{175},{176},{177},{178},{179},{180},{181},{182},{183},{184},{185},{186},{187},{188},{189},{190},{191}	(user-defined)
  OMP_SCHEDULE		=	auto	(libKOMP default)
  OMP_CANCELLATION	=	false	(libKOMP default)
  KOMP_DISPLAY_PERF	=	no	(libKOMP default)
  KOMP_STEAL_PROTOCOL	=	noaggr	(libKOMP default)
  KAAPI_WSPUSH_INIT	=	wspush
  KAAPI_WSPUSH		=	numa
  KAAPI_WSSELECT	=	numa
OPENMP DISPLAY ENVIRONMENT END
#Output follows this header :
##Progname Size Blocksize Iterations Threads Gflops(Mean) 
dpotrf_taskdep 32768 512 1 192 1739.689950
#Experience summarry : avg : 1739.689950 :: std : 0.000000 :: min : 1739.689950 :: max : 1739.689950 :: median : 1739.689950

OPENMP DISPLAY ENVIRONMENT BEGIN
  OMP_NUM_THREADS	=	192	(user-defined)
  OMP_THREAD_LIMIT	=	8192	(libKOMP default)
  OMP_STACKSIZE		=	8388608	(libKOMP default)
  OMP_MAX_ACTIVE_LEVELS	=	256	(libKOMP default)
  OMP_NESTED		=	false	(libKOMP default)
  OMP_DYNAMIC		=	false	(libKOMP default)
  OMP_PROC_BIND		=	true	(libKOMP default)
  OMP_PLACES		=	{0},{1},{2},{3},{4},{5},{6},{7},{8},{9},{10},{11},{12},{13},{14},{15},{16},{17},{18},{19},{20},{21},{22},{23},{24},{25},{26},{27},{28},{29},{30},{31},{32},{33},{34},{35},{36},{37},{38},{39},{40},{41},{42},{43},{44},{45},{46},{47},{48},{49},{50},{51},{52},{53},{54},{55},{56},{57},{58},{59},{60},{61},{62},{63},{64},{65},{66},{67},{68},{69},{70},{71},{72},{73},{74},{75},{76},{77},{78},{79},{80},{81},{82},{83},{84},{85},{86},{87},{88},{89},{90},{91},{92},{93},{94},{95},{96},{97},{98},{99},{100},{101},{102},{103},{104},{105},{106},{107},{108},{109},{110},{111},{112},{113},{114},{115},{116},{117},{118},{119},{120},{121},{122},{123},{124},{125},{126},{127},{128},{129},{130},{131},{132},{133},{134},{135},{136},{137},{138},{139},{140},{141},{142},{143},{144},{145},{146},{147},{148},{149},{150},{151},{152},{153},{154},{155},{156},{157},{158},{159},{160},{161},{162},{163},{164},{165},{166},{167},{168},{169},{170},{171},{172},{173},{174},{175},{176},{177},{178},{179},{180},{181},{182},{183},{184},{185},{186},{187},{188},{189},{190},{191}	(user-defined)
  OMP_SCHEDULE		=	auto	(libKOMP default)
  OMP_CANCELLATION	=	false	(libKOMP default)
  KOMP_DISPLAY_PERF	=	no	(libKOMP default)
  KOMP_STEAL_PROTOCOL	=	noaggr	(libKOMP default)
  KAAPI_WSPUSH_INIT	=	wspush
  KAAPI_WSPUSH		=	numa
  KAAPI_WSSELECT	=	numa
OPENMP DISPLAY ENVIRONMENT END
#Output follows this header :
##Progname Size Blocksize Iterations Threads Gflops(Mean) 
dpotrf_taskdep 32768 512 1 192 1737.655377
#Experience summarry : avg : 1737.655377 :: std : 0.000000 :: min : 1737.655377 :: max : 1737.655377 :: median : 1737.655377

OPENMP DISPLAY ENVIRONMENT BEGIN
  OMP_NUM_THREADS	=	192	(user-defined)
  OMP_THREAD_LIMIT	=	8192	(libKOMP default)
  OMP_STACKSIZE		=	8388608	(libKOMP default)
  OMP_MAX_ACTIVE_LEVELS	=	256	(libKOMP default)
  OMP_NESTED		=	false	(libKOMP default)
  OMP_DYNAMIC		=	false	(libKOMP default)
  OMP_PROC_BIND		=	true	(libKOMP default)
  OMP_PLACES		=	{0},{1},{2},{3},{4},{5},{6},{7},{8},{9},{10},{11},{12},{13},{14},{15},{16},{17},{18},{19},{20},{21},{22},{23},{24},{25},{26},{27},{28},{29},{30},{31},{32},{33},{34},{35},{36},{37},{38},{39},{40},{41},{42},{43},{44},{45},{46},{47},{48},{49},{50},{51},{52},{53},{54},{55},{56},{57},{58},{59},{60},{61},{62},{63},{64},{65},{66},{67},{68},{69},{70},{71},{72},{73},{74},{75},{76},{77},{78},{79},{80},{81},{82},{83},{84},{85},{86},{87},{88},{89},{90},{91},{92},{93},{94},{95},{96},{97},{98},{99},{100},{101},{102},{103},{104},{105},{106},{107},{108},{109},{110},{111},{112},{113},{114},{115},{116},{117},{118},{119},{120},{121},{122},{123},{124},{125},{126},{127},{128},{129},{130},{131},{132},{133},{134},{135},{136},{137},{138},{139},{140},{141},{142},{143},{144},{145},{146},{147},{148},{149},{150},{151},{152},{153},{154},{155},{156},{157},{158},{159},{160},{161},{162},{163},{164},{165},{166},{167},{168},{169},{170},{171},{172},{173},{174},{175},{176},{177},{178},{179},{180},{181},{182},{183},{184},{185},{186},{187},{188},{189},{190},{191}	(user-defined)
  OMP_SCHEDULE		=	auto	(libKOMP default)
  OMP_CANCELLATION	=	false	(libKOMP default)
  KOMP_DISPLAY_PERF	=	no	(libKOMP default)
  KOMP_STEAL_PROTOCOL	=	noaggr	(libKOMP default)
  KAAPI_WSPUSH_INIT	=	wspush
  KAAPI_WSPUSH		=	numa
  KAAPI_WSSELECT	=	numa
OPENMP DISPLAY ENVIRONMENT END
#Output follows this header :
##Progname Size Blocksize Iterations Threads Gflops(Mean) 
dpotrf_taskdep 32768 512 1 192 1737.228101
#Experience summarry : avg : 1737.228101 :: std : 0.000000 :: min : 1737.228101 :: max : 1737.228101 :: median : 1737.228101

OPENMP DISPLAY ENVIRONMENT BEGIN
  OMP_NUM_THREADS	=	192	(user-defined)
  OMP_THREAD_LIMIT	=	8192	(libKOMP default)
  OMP_STACKSIZE		=	8388608	(libKOMP default)
  OMP_MAX_ACTIVE_LEVELS	=	256	(libKOMP default)
  OMP_NESTED		=	false	(libKOMP default)
  OMP_DYNAMIC		=	false	(libKOMP default)
  OMP_PROC_BIND		=	true	(libKOMP default)
  OMP_PLACES		=	{0},{1},{2},{3},{4},{5},{6},{7},{8},{9},{10},{11},{12},{13},{14},{15},{16},{17},{18},{19},{20},{21},{22},{23},{24},{25},{26},{27},{28},{29},{30},{31},{32},{33},{34},{35},{36},{37},{38},{39},{40},{41},{42},{43},{44},{45},{46},{47},{48},{49},{50},{51},{52},{53},{54},{55},{56},{57},{58},{59},{60},{61},{62},{63},{64},{65},{66},{67},{68},{69},{70},{71},{72},{73},{74},{75},{76},{77},{78},{79},{80},{81},{82},{83},{84},{85},{86},{87},{88},{89},{90},{91},{92},{93},{94},{95},{96},{97},{98},{99},{100},{101},{102},{103},{104},{105},{106},{107},{108},{109},{110},{111},{112},{113},{114},{115},{116},{117},{118},{119},{120},{121},{122},{123},{124},{125},{126},{127},{128},{129},{130},{131},{132},{133},{134},{135},{136},{137},{138},{139},{140},{141},{142},{143},{144},{145},{146},{147},{148},{149},{150},{151},{152},{153},{154},{155},{156},{157},{158},{159},{160},{161},{162},{163},{164},{165},{166},{167},{168},{169},{170},{171},{172},{173},{174},{175},{176},{177},{178},{179},{180},{181},{182},{183},{184},{185},{186},{187},{188},{189},{190},{191}	(user-defined)
  OMP_SCHEDULE		=	auto	(libKOMP default)
  OMP_CANCELLATION	=	false	(libKOMP default)
  KOMP_DISPLAY_PERF	=	no	(libKOMP default)
  KOMP_STEAL_PROTOCOL	=	noaggr	(libKOMP default)
  KAAPI_WSPUSH_INIT	=	wspush
  KAAPI_WSPUSH		=	numa
  KAAPI_WSSELECT	=	numa
OPENMP DISPLAY ENVIRONMENT END
#Output follows this header :
##Progname Size Blocksize Iterations Threads Gflops(Mean) 
dpotrf_taskdep 32768 512 1 192 1694.749711
#Experience summarry : avg : 1694.749711 :: std : 0.000000 :: min : 1694.749711 :: max : 1694.749711 :: median : 1694.749711

OPENMP DISPLAY ENVIRONMENT BEGIN
  OMP_NUM_THREADS	=	192	(user-defined)
  OMP_THREAD_LIMIT	=	8192	(libKOMP default)
  OMP_STACKSIZE		=	8388608	(libKOMP default)
  OMP_MAX_ACTIVE_LEVELS	=	256	(libKOMP default)
  OMP_NESTED		=	false	(libKOMP default)
  OMP_DYNAMIC		=	false	(libKOMP default)
  OMP_PROC_BIND		=	true	(libKOMP default)
  OMP_PLACES		=	{0},{1},{2},{3},{4},{5},{6},{7},{8},{9},{10},{11},{12},{13},{14},{15},{16},{17},{18},{19},{20},{21},{22},{23},{24},{25},{26},{27},{28},{29},{30},{31},{32},{33},{34},{35},{36},{37},{38},{39},{40},{41},{42},{43},{44},{45},{46},{47},{48},{49},{50},{51},{52},{53},{54},{55},{56},{57},{58},{59},{60},{61},{62},{63},{64},{65},{66},{67},{68},{69},{70},{71},{72},{73},{74},{75},{76},{77},{78},{79},{80},{81},{82},{83},{84},{85},{86},{87},{88},{89},{90},{91},{92},{93},{94},{95},{96},{97},{98},{99},{100},{101},{102},{103},{104},{105},{106},{107},{108},{109},{110},{111},{112},{113},{114},{115},{116},{117},{118},{119},{120},{121},{122},{123},{124},{125},{126},{127},{128},{129},{130},{131},{132},{133},{134},{135},{136},{137},{138},{139},{140},{141},{142},{143},{144},{145},{146},{147},{148},{149},{150},{151},{152},{153},{154},{155},{156},{157},{158},{159},{160},{161},{162},{163},{164},{165},{166},{167},{168},{169},{170},{171},{172},{173},{174},{175},{176},{177},{178},{179},{180},{181},{182},{183},{184},{185},{186},{187},{188},{189},{190},{191}	(user-defined)
  OMP_SCHEDULE		=	auto	(libKOMP default)
  OMP_CANCELLATION	=	false	(libKOMP default)
  KOMP_DISPLAY_PERF	=	no	(libKOMP default)
  KOMP_STEAL_PROTOCOL	=	noaggr	(libKOMP default)
  KAAPI_WSPUSH_INIT	=	wspush
  KAAPI_WSPUSH		=	numa
  KAAPI_WSSELECT	=	numa
OPENMP DISPLAY ENVIRONMENT END
#Output follows this header :
##Progname Size Blocksize Iterations Threads Gflops(Mean) 
dpotrf_taskdep 32768 512 1 192 1764.320438
#Experience summarry : avg : 1764.320438 :: std : 0.000000 :: min : 1764.320438 :: max : 1764.320438 :: median : 1764.320438

OPENMP DISPLAY ENVIRONMENT BEGIN
  OMP_NUM_THREADS	=	192	(user-defined)
  OMP_THREAD_LIMIT	=	8192	(libKOMP default)
  OMP_STACKSIZE		=	8388608	(libKOMP default)
  OMP_MAX_ACTIVE_LEVELS	=	256	(libKOMP default)
  OMP_NESTED		=	false	(libKOMP default)
  OMP_DYNAMIC		=	false	(libKOMP default)
  OMP_PROC_BIND		=	true	(libKOMP default)
  OMP_PLACES		=	{0},{1},{2},{3},{4},{5},{6},{7},{8},{9},{10},{11},{12},{13},{14},{15},{16},{17},{18},{19},{20},{21},{22},{23},{24},{25},{26},{27},{28},{29},{30},{31},{32},{33},{34},{35},{36},{37},{38},{39},{40},{41},{42},{43},{44},{45},{46},{47},{48},{49},{50},{51},{52},{53},{54},{55},{56},{57},{58},{59},{60},{61},{62},{63},{64},{65},{66},{67},{68},{69},{70},{71},{72},{73},{74},{75},{76},{77},{78},{79},{80},{81},{82},{83},{84},{85},{86},{87},{88},{89},{90},{91},{92},{93},{94},{95},{96},{97},{98},{99},{100},{101},{102},{103},{104},{105},{106},{107},{108},{109},{110},{111},{112},{113},{114},{115},{116},{117},{118},{119},{120},{121},{122},{123},{124},{125},{126},{127},{128},{129},{130},{131},{132},{133},{134},{135},{136},{137},{138},{139},{140},{141},{142},{143},{144},{145},{146},{147},{148},{149},{150},{151},{152},{153},{154},{155},{156},{157},{158},{159},{160},{161},{162},{163},{164},{165},{166},{167},{168},{169},{170},{171},{172},{173},{174},{175},{176},{177},{178},{179},{180},{181},{182},{183},{184},{185},{186},{187},{188},{189},{190},{191}	(user-defined)
  OMP_SCHEDULE		=	auto	(libKOMP default)
  OMP_CANCELLATION	=	false	(libKOMP default)
  KOMP_DISPLAY_PERF	=	no	(libKOMP default)
  KOMP_STEAL_PROTOCOL	=	noaggr	(libKOMP default)
  KAAPI_WSPUSH_INIT	=	wspush
  KAAPI_WSPUSH		=	numa
  KAAPI_WSSELECT	=	numa
OPENMP DISPLAY ENVIRONMENT END
#Output follows this header :
##Progname Size Blocksize Iterations Threads Gflops(Mean) 
dpotrf_taskdep 32768 512 1 192 1715.756243
#Experience summarry : avg : 1715.756243 :: std : 0.000000 :: min : 1715.756243 :: max : 1715.756243 :: median : 1715.756243

OPENMP DISPLAY ENVIRONMENT BEGIN
  OMP_NUM_THREADS	=	192	(user-defined)
  OMP_THREAD_LIMIT	=	8192	(libKOMP default)
  OMP_STACKSIZE		=	8388608	(libKOMP default)
  OMP_MAX_ACTIVE_LEVELS	=	256	(libKOMP default)
  OMP_NESTED		=	false	(libKOMP default)
  OMP_DYNAMIC		=	false	(libKOMP default)
  OMP_PROC_BIND		=	true	(libKOMP default)
  OMP_PLACES		=	{0},{1},{2},{3},{4},{5},{6},{7},{8},{9},{10},{11},{12},{13},{14},{15},{16},{17},{18},{19},{20},{21},{22},{23},{24},{25},{26},{27},{28},{29},{30},{31},{32},{33},{34},{35},{36},{37},{38},{39},{40},{41},{42},{43},{44},{45},{46},{47},{48},{49},{50},{51},{52},{53},{54},{55},{56},{57},{58},{59},{60},{61},{62},{63},{64},{65},{66},{67},{68},{69},{70},{71},{72},{73},{74},{75},{76},{77},{78},{79},{80},{81},{82},{83},{84},{85},{86},{87},{88},{89},{90},{91},{92},{93},{94},{95},{96},{97},{98},{99},{100},{101},{102},{103},{104},{105},{106},{107},{108},{109},{110},{111},{112},{113},{114},{115},{116},{117},{118},{119},{120},{121},{122},{123},{124},{125},{126},{127},{128},{129},{130},{131},{132},{133},{134},{135},{136},{137},{138},{139},{140},{141},{142},{143},{144},{145},{146},{147},{148},{149},{150},{151},{152},{153},{154},{155},{156},{157},{158},{159},{160},{161},{162},{163},{164},{165},{166},{167},{168},{169},{170},{171},{172},{173},{174},{175},{176},{177},{178},{179},{180},{181},{182},{183},{184},{185},{186},{187},{188},{189},{190},{191}	(user-defined)
  OMP_SCHEDULE		=	auto	(libKOMP default)
  OMP_CANCELLATION	=	false	(libKOMP default)
  KOMP_DISPLAY_PERF	=	no	(libKOMP default)
  KOMP_STEAL_PROTOCOL	=	noaggr	(libKOMP default)
  KAAPI_WSPUSH_INIT	=	wspush
  KAAPI_WSPUSH		=	numa
  KAAPI_WSSELECT	=	numa
OPENMP DISPLAY ENVIRONMENT END
#Output follows this header :
##Progname Size Blocksize Iterations Threads Gflops(Mean) 
dpotrf_taskdep 32768 512 1 192 1694.710010
#Experience summarry : avg : 1694.710010 :: std : 0.000000 :: min : 1694.710010 :: max : 1694.710010 :: median : 1694.710010

OPENMP DISPLAY ENVIRONMENT BEGIN
  OMP_NUM_THREADS	=	192	(user-defined)
  OMP_THREAD_LIMIT	=	8192	(libKOMP default)
  OMP_STACKSIZE		=	8388608	(libKOMP default)
  OMP_MAX_ACTIVE_LEVELS	=	256	(libKOMP default)
  OMP_NESTED		=	false	(libKOMP default)
  OMP_DYNAMIC		=	false	(libKOMP default)
  OMP_PROC_BIND		=	true	(libKOMP default)
  OMP_PLACES		=	{0},{1},{2},{3},{4},{5},{6},{7},{8},{9},{10},{11},{12},{13},{14},{15},{16},{17},{18},{19},{20},{21},{22},{23},{24},{25},{26},{27},{28},{29},{30},{31},{32},{33},{34},{35},{36},{37},{38},{39},{40},{41},{42},{43},{44},{45},{46},{47},{48},{49},{50},{51},{52},{53},{54},{55},{56},{57},{58},{59},{60},{61},{62},{63},{64},{65},{66},{67},{68},{69},{70},{71},{72},{73},{74},{75},{76},{77},{78},{79},{80},{81},{82},{83},{84},{85},{86},{87},{88},{89},{90},{91},{92},{93},{94},{95},{96},{97},{98},{99},{100},{101},{102},{103},{104},{105},{106},{107},{108},{109},{110},{111},{112},{113},{114},{115},{116},{117},{118},{119},{120},{121},{122},{123},{124},{125},{126},{127},{128},{129},{130},{131},{132},{133},{134},{135},{136},{137},{138},{139},{140},{141},{142},{143},{144},{145},{146},{147},{148},{149},{150},{151},{152},{153},{154},{155},{156},{157},{158},{159},{160},{161},{162},{163},{164},{165},{166},{167},{168},{169},{170},{171},{172},{173},{174},{175},{176},{177},{178},{179},{180},{181},{182},{183},{184},{185},{186},{187},{188},{189},{190},{191}	(user-defined)
  OMP_SCHEDULE		=	auto	(libKOMP default)
  OMP_CANCELLATION	=	false	(libKOMP default)
  KOMP_DISPLAY_PERF	=	no	(libKOMP default)
  KOMP_STEAL_PROTOCOL	=	noaggr	(libKOMP default)
  KAAPI_WSPUSH_INIT	=	wspush
  KAAPI_WSPUSH		=	numa
  KAAPI_WSSELECT	=	numa
OPENMP DISPLAY ENVIRONMENT END
#Output follows this header :
##Progname Size Blocksize Iterations Threads Gflops(Mean) 
dpotrf_taskdep 32768 512 1 192 1710.434635
#Experience summarry : avg : 1710.434635 :: std : 0.000000 :: min : 1710.434635 :: max : 1710.434635 :: median : 1710.434635

OPENMP DISPLAY ENVIRONMENT BEGIN
  OMP_NUM_THREADS	=	192	(user-defined)
  OMP_THREAD_LIMIT	=	8192	(libKOMP default)
  OMP_STACKSIZE		=	8388608	(libKOMP default)
  OMP_MAX_ACTIVE_LEVELS	=	256	(libKOMP default)
  OMP_NESTED		=	false	(libKOMP default)
  OMP_DYNAMIC		=	false	(libKOMP default)
  OMP_PROC_BIND		=	true	(libKOMP default)
  OMP_PLACES		=	{0},{1},{2},{3},{4},{5},{6},{7},{8},{9},{10},{11},{12},{13},{14},{15},{16},{17},{18},{19},{20},{21},{22},{23},{24},{25},{26},{27},{28},{29},{30},{31},{32},{33},{34},{35},{36},{37},{38},{39},{40},{41},{42},{43},{44},{45},{46},{47},{48},{49},{50},{51},{52},{53},{54},{55},{56},{57},{58},{59},{60},{61},{62},{63},{64},{65},{66},{67},{68},{69},{70},{71},{72},{73},{74},{75},{76},{77},{78},{79},{80},{81},{82},{83},{84},{85},{86},{87},{88},{89},{90},{91},{92},{93},{94},{95},{96},{97},{98},{99},{100},{101},{102},{103},{104},{105},{106},{107},{108},{109},{110},{111},{112},{113},{114},{115},{116},{117},{118},{119},{120},{121},{122},{123},{124},{125},{126},{127},{128},{129},{130},{131},{132},{133},{134},{135},{136},{137},{138},{139},{140},{141},{142},{143},{144},{145},{146},{147},{148},{149},{150},{151},{152},{153},{154},{155},{156},{157},{158},{159},{160},{161},{162},{163},{164},{165},{166},{167},{168},{169},{170},{171},{172},{173},{174},{175},{176},{177},{178},{179},{180},{181},{182},{183},{184},{185},{186},{187},{188},{189},{190},{191}	(user-defined)
  OMP_SCHEDULE		=	auto	(libKOMP default)
  OMP_CANCELLATION	=	false	(libKOMP default)
  KOMP_DISPLAY_PERF	=	no	(libKOMP default)
  KOMP_STEAL_PROTOCOL	=	noaggr	(libKOMP default)
  KAAPI_WSPUSH_INIT	=	wspush
  KAAPI_WSPUSH		=	numa
  KAAPI_WSSELECT	=	numa
OPENMP DISPLAY ENVIRONMENT END
#Output follows this header :
##Progname Size Blocksize Iterations Threads Gflops(Mean) 
dpotrf_taskdep 32768 512 1 192 1643.795630
#Experience summarry : avg : 1643.795630 :: std : 0.000000 :: min : 1643.795630 :: max : 1643.795630 :: median : 1643.795630

OPENMP DISPLAY ENVIRONMENT BEGIN
  OMP_NUM_THREADS	=	192	(user-defined)
  OMP_THREAD_LIMIT	=	8192	(libKOMP default)
  OMP_STACKSIZE		=	8388608	(libKOMP default)
  OMP_MAX_ACTIVE_LEVELS	=	256	(libKOMP default)
  OMP_NESTED		=	false	(libKOMP default)
  OMP_DYNAMIC		=	false	(libKOMP default)
  OMP_PROC_BIND		=	true	(libKOMP default)
  OMP_PLACES		=	{0},{1},{2},{3},{4},{5},{6},{7},{8},{9},{10},{11},{12},{13},{14},{15},{16},{17},{18},{19},{20},{21},{22},{23},{24},{25},{26},{27},{28},{29},{30},{31},{32},{33},{34},{35},{36},{37},{38},{39},{40},{41},{42},{43},{44},{45},{46},{47},{48},{49},{50},{51},{52},{53},{54},{55},{56},{57},{58},{59},{60},{61},{62},{63},{64},{65},{66},{67},{68},{69},{70},{71},{72},{73},{74},{75},{76},{77},{78},{79},{80},{81},{82},{83},{84},{85},{86},{87},{88},{89},{90},{91},{92},{93},{94},{95},{96},{97},{98},{99},{100},{101},{102},{103},{104},{105},{106},{107},{108},{109},{110},{111},{112},{113},{114},{115},{116},{117},{118},{119},{120},{121},{122},{123},{124},{125},{126},{127},{128},{129},{130},{131},{132},{133},{134},{135},{136},{137},{138},{139},{140},{141},{142},{143},{144},{145},{146},{147},{148},{149},{150},{151},{152},{153},{154},{155},{156},{157},{158},{159},{160},{161},{162},{163},{164},{165},{166},{167},{168},{169},{170},{171},{172},{173},{174},{175},{176},{177},{178},{179},{180},{181},{182},{183},{184},{185},{186},{187},{188},{189},{190},{191}	(user-defined)
  OMP_SCHEDULE		=	auto	(libKOMP default)
  OMP_CANCELLATION	=	false	(libKOMP default)
  KOMP_DISPLAY_PERF	=	no	(libKOMP default)
  KOMP_STEAL_PROTOCOL	=	noaggr	(libKOMP default)
  KAAPI_WSPUSH_INIT	=	wspush
  KAAPI_WSPUSH		=	numa
  KAAPI_WSSELECT	=	numa
OPENMP DISPLAY ENVIRONMENT END
#Output follows this header :
##Progname Size Blocksize Iterations Threads Gflops(Mean) 
dpotrf_taskdep 32768 512 1 192 1633.643581
#Experience summarry : avg : 1633.643581 :: std : 0.000000 :: min : 1633.643581 :: max : 1633.643581 :: median : 1633.643581

OPENMP DISPLAY ENVIRONMENT BEGIN
  OMP_NUM_THREADS	=	192	(user-defined)
  OMP_THREAD_LIMIT	=	8192	(libKOMP default)
  OMP_STACKSIZE		=	8388608	(libKOMP default)
  OMP_MAX_ACTIVE_LEVELS	=	256	(libKOMP default)
  OMP_NESTED		=	false	(libKOMP default)
  OMP_DYNAMIC		=	false	(libKOMP default)
  OMP_PROC_BIND		=	true	(libKOMP default)
  OMP_PLACES		=	{0},{1},{2},{3},{4},{5},{6},{7},{8},{9},{10},{11},{12},{13},{14},{15},{16},{17},{18},{19},{20},{21},{22},{23},{24},{25},{26},{27},{28},{29},{30},{31},{32},{33},{34},{35},{36},{37},{38},{39},{40},{41},{42},{43},{44},{45},{46},{47},{48},{49},{50},{51},{52},{53},{54},{55},{56},{57},{58},{59},{60},{61},{62},{63},{64},{65},{66},{67},{68},{69},{70},{71},{72},{73},{74},{75},{76},{77},{78},{79},{80},{81},{82},{83},{84},{85},{86},{87},{88},{89},{90},{91},{92},{93},{94},{95},{96},{97},{98},{99},{100},{101},{102},{103},{104},{105},{106},{107},{108},{109},{110},{111},{112},{113},{114},{115},{116},{117},{118},{119},{120},{121},{122},{123},{124},{125},{126},{127},{128},{129},{130},{131},{132},{133},{134},{135},{136},{137},{138},{139},{140},{141},{142},{143},{144},{145},{146},{147},{148},{149},{150},{151},{152},{153},{154},{155},{156},{157},{158},{159},{160},{161},{162},{163},{164},{165},{166},{167},{168},{169},{170},{171},{172},{173},{174},{175},{176},{177},{178},{179},{180},{181},{182},{183},{184},{185},{186},{187},{188},{189},{190},{191}	(user-defined)
  OMP_SCHEDULE		=	auto	(libKOMP default)
  OMP_CANCELLATION	=	false	(libKOMP default)
  KOMP_DISPLAY_PERF	=	no	(libKOMP default)
  KOMP_STEAL_PROTOCOL	=	noaggr	(libKOMP default)
  KAAPI_WSPUSH_INIT	=	wspush
  KAAPI_WSPUSH		=	numa
  KAAPI_WSSELECT	=	numa
OPENMP DISPLAY ENVIRONMENT END
#Output follows this header :
##Progname Size Blocksize Iterations Threads Gflops(Mean) 
dpotrf_taskdep 32768 512 1 192 1653.208208
#Experience summarry : avg : 1653.208208 :: std : 0.000000 :: min : 1653.208208 :: max : 1653.208208 :: median : 1653.208208

OPENMP DISPLAY ENVIRONMENT BEGIN
  OMP_NUM_THREADS	=	192	(user-defined)
  OMP_THREAD_LIMIT	=	8192	(libKOMP default)
  OMP_STACKSIZE		=	8388608	(libKOMP default)
  OMP_MAX_ACTIVE_LEVELS	=	256	(libKOMP default)
  OMP_NESTED		=	false	(libKOMP default)
  OMP_DYNAMIC		=	false	(libKOMP default)
  OMP_PROC_BIND		=	true	(libKOMP default)
  OMP_PLACES		=	{0},{1},{2},{3},{4},{5},{6},{7},{8},{9},{10},{11},{12},{13},{14},{15},{16},{17},{18},{19},{20},{21},{22},{23},{24},{25},{26},{27},{28},{29},{30},{31},{32},{33},{34},{35},{36},{37},{38},{39},{40},{41},{42},{43},{44},{45},{46},{47},{48},{49},{50},{51},{52},{53},{54},{55},{56},{57},{58},{59},{60},{61},{62},{63},{64},{65},{66},{67},{68},{69},{70},{71},{72},{73},{74},{75},{76},{77},{78},{79},{80},{81},{82},{83},{84},{85},{86},{87},{88},{89},{90},{91},{92},{93},{94},{95},{96},{97},{98},{99},{100},{101},{102},{103},{104},{105},{106},{107},{108},{109},{110},{111},{112},{113},{114},{115},{116},{117},{118},{119},{120},{121},{122},{123},{124},{125},{126},{127},{128},{129},{130},{131},{132},{133},{134},{135},{136},{137},{138},{139},{140},{141},{142},{143},{144},{145},{146},{147},{148},{149},{150},{151},{152},{153},{154},{155},{156},{157},{158},{159},{160},{161},{162},{163},{164},{165},{166},{167},{168},{169},{170},{171},{172},{173},{174},{175},{176},{177},{178},{179},{180},{181},{182},{183},{184},{185},{186},{187},{188},{189},{190},{191}	(user-defined)
  OMP_SCHEDULE		=	auto	(libKOMP default)
  OMP_CANCELLATION	=	false	(libKOMP default)
  KOMP_DISPLAY_PERF	=	no	(libKOMP default)
  KOMP_STEAL_PROTOCOL	=	noaggr	(libKOMP default)
  KAAPI_WSPUSH_INIT	=	wspush
  KAAPI_WSPUSH		=	numa
  KAAPI_WSSELECT	=	numa
OPENMP DISPLAY ENVIRONMENT END
#Output follows this header :
##Progname Size Blocksize Iterations Threads Gflops(Mean) 
dpotrf_taskdep 32768 512 1 192 1725.608557
#Experience summarry : avg : 1725.608557 :: std : 0.000000 :: min : 1725.608557 :: max : 1725.608557 :: median : 1725.608557

OPENMP DISPLAY ENVIRONMENT BEGIN
  OMP_NUM_THREADS	=	192	(user-defined)
  OMP_THREAD_LIMIT	=	8192	(libKOMP default)
  OMP_STACKSIZE		=	8388608	(libKOMP default)
  OMP_MAX_ACTIVE_LEVELS	=	256	(libKOMP default)
  OMP_NESTED		=	false	(libKOMP default)
  OMP_DYNAMIC		=	false	(libKOMP default)
  OMP_PROC_BIND		=	true	(libKOMP default)
  OMP_PLACES		=	{0},{1},{2},{3},{4},{5},{6},{7},{8},{9},{10},{11},{12},{13},{14},{15},{16},{17},{18},{19},{20},{21},{22},{23},{24},{25},{26},{27},{28},{29},{30},{31},{32},{33},{34},{35},{36},{37},{38},{39},{40},{41},{42},{43},{44},{45},{46},{47},{48},{49},{50},{51},{52},{53},{54},{55},{56},{57},{58},{59},{60},{61},{62},{63},{64},{65},{66},{67},{68},{69},{70},{71},{72},{73},{74},{75},{76},{77},{78},{79},{80},{81},{82},{83},{84},{85},{86},{87},{88},{89},{90},{91},{92},{93},{94},{95},{96},{97},{98},{99},{100},{101},{102},{103},{104},{105},{106},{107},{108},{109},{110},{111},{112},{113},{114},{115},{116},{117},{118},{119},{120},{121},{122},{123},{124},{125},{126},{127},{128},{129},{130},{131},{132},{133},{134},{135},{136},{137},{138},{139},{140},{141},{142},{143},{144},{145},{146},{147},{148},{149},{150},{151},{152},{153},{154},{155},{156},{157},{158},{159},{160},{161},{162},{163},{164},{165},{166},{167},{168},{169},{170},{171},{172},{173},{174},{175},{176},{177},{178},{179},{180},{181},{182},{183},{184},{185},{186},{187},{188},{189},{190},{191}	(user-defined)
  OMP_SCHEDULE		=	auto	(libKOMP default)
  OMP_CANCELLATION	=	false	(libKOMP default)
  KOMP_DISPLAY_PERF	=	no	(libKOMP default)
  KOMP_STEAL_PROTOCOL	=	noaggr	(libKOMP default)
  KAAPI_WSPUSH_INIT	=	wspush
  KAAPI_WSPUSH		=	numa
  KAAPI_WSSELECT	=	numa
OPENMP DISPLAY ENVIRONMENT END
#Output follows this header :
##Progname Size Blocksize Iterations Threads Gflops(Mean) 
dpotrf_taskdep 32768 512 1 192 1709.499074
#Experience summarry : avg : 1709.499074 :: std : 0.000000 :: min : 1709.499074 :: max : 1709.499074 :: median : 1709.499074

OPENMP DISPLAY ENVIRONMENT BEGIN
  OMP_NUM_THREADS	=	192	(user-defined)
  OMP_THREAD_LIMIT	=	8192	(libKOMP default)
  OMP_STACKSIZE		=	8388608	(libKOMP default)
  OMP_MAX_ACTIVE_LEVELS	=	256	(libKOMP default)
  OMP_NESTED		=	false	(libKOMP default)
  OMP_DYNAMIC		=	false	(libKOMP default)
  OMP_PROC_BIND		=	true	(libKOMP default)
  OMP_PLACES		=	{0},{1},{2},{3},{4},{5},{6},{7},{8},{9},{10},{11},{12},{13},{14},{15},{16},{17},{18},{19},{20},{21},{22},{23},{24},{25},{26},{27},{28},{29},{30},{31},{32},{33},{34},{35},{36},{37},{38},{39},{40},{41},{42},{43},{44},{45},{46},{47},{48},{49},{50},{51},{52},{53},{54},{55},{56},{57},{58},{59},{60},{61},{62},{63},{64},{65},{66},{67},{68},{69},{70},{71},{72},{73},{74},{75},{76},{77},{78},{79},{80},{81},{82},{83},{84},{85},{86},{87},{88},{89},{90},{91},{92},{93},{94},{95},{96},{97},{98},{99},{100},{101},{102},{103},{104},{105},{106},{107},{108},{109},{110},{111},{112},{113},{114},{115},{116},{117},{118},{119},{120},{121},{122},{123},{124},{125},{126},{127},{128},{129},{130},{131},{132},{133},{134},{135},{136},{137},{138},{139},{140},{141},{142},{143},{144},{145},{146},{147},{148},{149},{150},{151},{152},{153},{154},{155},{156},{157},{158},{159},{160},{161},{162},{163},{164},{165},{166},{167},{168},{169},{170},{171},{172},{173},{174},{175},{176},{177},{178},{179},{180},{181},{182},{183},{184},{185},{186},{187},{188},{189},{190},{191}	(user-defined)
  OMP_SCHEDULE		=	auto	(libKOMP default)
  OMP_CANCELLATION	=	false	(libKOMP default)
  KOMP_DISPLAY_PERF	=	no	(libKOMP default)
  KOMP_STEAL_PROTOCOL	=	noaggr	(libKOMP default)
  KAAPI_WSPUSH_INIT	=	wspush
  KAAPI_WSPUSH		=	numa
  KAAPI_WSSELECT	=	numa
OPENMP DISPLAY ENVIRONMENT END
#Output follows this header :
##Progname Size Blocksize Iterations Threads Gflops(Mean) 
dpotrf_taskdep 32768 512 1 192 1695.868584
#Experience summarry : avg : 1695.868584 :: std : 0.000000 :: min : 1695.868584 :: max : 1695.868584 :: median : 1695.868584

