OPENMP DISPLAY ENVIRONMENT BEGIN
  OMP_NUM_THREADS	=	192	(user-defined)
  OMP_THREAD_LIMIT	=	8192	(libKOMP default)
  OMP_STACKSIZE		=	8388608	(libKOMP default)
  OMP_MAX_ACTIVE_LEVELS	=	256	(libKOMP default)
  OMP_NESTED		=	false	(libKOMP default)
  OMP_DYNAMIC		=	false	(libKOMP default)
  OMP_PROC_BIND		=	true	(libKOMP default)
  OMP_PLACES		=	{0},{1},{2},{3},{4},{5},{6},{7},{8},{9},{10},{11},{12},{13},{14},{15},{16},{17},{18},{19},{20},{21},{22},{23},{24},{25},{26},{27},{28},{29},{30},{31},{32},{33},{34},{35},{36},{37},{38},{39},{40},{41},{42},{43},{44},{45},{46},{47},{48},{49},{50},{51},{52},{53},{54},{55},{56},{57},{58},{59},{60},{61},{62},{63},{64},{65},{66},{67},{68},{69},{70},{71},{72},{73},{74},{75},{76},{77},{78},{79},{80},{81},{82},{83},{84},{85},{86},{87},{88},{89},{90},{91},{92},{93},{94},{95},{96},{97},{98},{99},{100},{101},{102},{103},{104},{105},{106},{107},{108},{109},{110},{111},{112},{113},{114},{115},{116},{117},{118},{119},{120},{121},{122},{123},{124},{125},{126},{127},{128},{129},{130},{131},{132},{133},{134},{135},{136},{137},{138},{139},{140},{141},{142},{143},{144},{145},{146},{147},{148},{149},{150},{151},{152},{153},{154},{155},{156},{157},{158},{159},{160},{161},{162},{163},{164},{165},{166},{167},{168},{169},{170},{171},{172},{173},{174},{175},{176},{177},{178},{179},{180},{181},{182},{183},{184},{185},{186},{187},{188},{189},{190},{191}	(user-defined)
  OMP_SCHEDULE		=	auto	(libKOMP default)
  OMP_CANCELLATION	=	false	(libKOMP default)
  KOMP_DISPLAY_PERF	=	no	(libKOMP default)
  KOMP_STEAL_PROTOCOL	=	noaggr	(libKOMP default)
  KAAPI_WSPUSH_INIT	=	wspush
  KAAPI_WSPUSH		=	Whws
  KAAPI_WSSELECT	=	hws_P
OPENMP DISPLAY ENVIRONMENT END
#Output follows this header :
##Progname Size Blocksize Iterations Threads Gflops(Mean) 
dpotrf_taskdep 32768 512 1 192 1657.877957
#Experience summarry : avg : 1657.877957 :: std : 0.000000 :: min : 1657.877957 :: max : 1657.877957 :: median : 1657.877957

OPENMP DISPLAY ENVIRONMENT BEGIN
  OMP_NUM_THREADS	=	192	(user-defined)
  OMP_THREAD_LIMIT	=	8192	(libKOMP default)
  OMP_STACKSIZE		=	8388608	(libKOMP default)
  OMP_MAX_ACTIVE_LEVELS	=	256	(libKOMP default)
  OMP_NESTED		=	false	(libKOMP default)
  OMP_DYNAMIC		=	false	(libKOMP default)
  OMP_PROC_BIND		=	true	(libKOMP default)
  OMP_PLACES		=	{0},{1},{2},{3},{4},{5},{6},{7},{8},{9},{10},{11},{12},{13},{14},{15},{16},{17},{18},{19},{20},{21},{22},{23},{24},{25},{26},{27},{28},{29},{30},{31},{32},{33},{34},{35},{36},{37},{38},{39},{40},{41},{42},{43},{44},{45},{46},{47},{48},{49},{50},{51},{52},{53},{54},{55},{56},{57},{58},{59},{60},{61},{62},{63},{64},{65},{66},{67},{68},{69},{70},{71},{72},{73},{74},{75},{76},{77},{78},{79},{80},{81},{82},{83},{84},{85},{86},{87},{88},{89},{90},{91},{92},{93},{94},{95},{96},{97},{98},{99},{100},{101},{102},{103},{104},{105},{106},{107},{108},{109},{110},{111},{112},{113},{114},{115},{116},{117},{118},{119},{120},{121},{122},{123},{124},{125},{126},{127},{128},{129},{130},{131},{132},{133},{134},{135},{136},{137},{138},{139},{140},{141},{142},{143},{144},{145},{146},{147},{148},{149},{150},{151},{152},{153},{154},{155},{156},{157},{158},{159},{160},{161},{162},{163},{164},{165},{166},{167},{168},{169},{170},{171},{172},{173},{174},{175},{176},{177},{178},{179},{180},{181},{182},{183},{184},{185},{186},{187},{188},{189},{190},{191}	(user-defined)
  OMP_SCHEDULE		=	auto	(libKOMP default)
  OMP_CANCELLATION	=	false	(libKOMP default)
  KOMP_DISPLAY_PERF	=	no	(libKOMP default)
  KOMP_STEAL_PROTOCOL	=	noaggr	(libKOMP default)
  KAAPI_WSPUSH_INIT	=	wspush
  KAAPI_WSPUSH		=	Whws
  KAAPI_WSSELECT	=	hws_P
OPENMP DISPLAY ENVIRONMENT END
#Output follows this header :
##Progname Size Blocksize Iterations Threads Gflops(Mean) 
dpotrf_taskdep 32768 512 1 192 1612.883448
#Experience summarry : avg : 1612.883448 :: std : 0.000000 :: min : 1612.883448 :: max : 1612.883448 :: median : 1612.883448

OPENMP DISPLAY ENVIRONMENT BEGIN
  OMP_NUM_THREADS	=	192	(user-defined)
  OMP_THREAD_LIMIT	=	8192	(libKOMP default)
  OMP_STACKSIZE		=	8388608	(libKOMP default)
  OMP_MAX_ACTIVE_LEVELS	=	256	(libKOMP default)
  OMP_NESTED		=	false	(libKOMP default)
  OMP_DYNAMIC		=	false	(libKOMP default)
  OMP_PROC_BIND		=	true	(libKOMP default)
  OMP_PLACES		=	{0},{1},{2},{3},{4},{5},{6},{7},{8},{9},{10},{11},{12},{13},{14},{15},{16},{17},{18},{19},{20},{21},{22},{23},{24},{25},{26},{27},{28},{29},{30},{31},{32},{33},{34},{35},{36},{37},{38},{39},{40},{41},{42},{43},{44},{45},{46},{47},{48},{49},{50},{51},{52},{53},{54},{55},{56},{57},{58},{59},{60},{61},{62},{63},{64},{65},{66},{67},{68},{69},{70},{71},{72},{73},{74},{75},{76},{77},{78},{79},{80},{81},{82},{83},{84},{85},{86},{87},{88},{89},{90},{91},{92},{93},{94},{95},{96},{97},{98},{99},{100},{101},{102},{103},{104},{105},{106},{107},{108},{109},{110},{111},{112},{113},{114},{115},{116},{117},{118},{119},{120},{121},{122},{123},{124},{125},{126},{127},{128},{129},{130},{131},{132},{133},{134},{135},{136},{137},{138},{139},{140},{141},{142},{143},{144},{145},{146},{147},{148},{149},{150},{151},{152},{153},{154},{155},{156},{157},{158},{159},{160},{161},{162},{163},{164},{165},{166},{167},{168},{169},{170},{171},{172},{173},{174},{175},{176},{177},{178},{179},{180},{181},{182},{183},{184},{185},{186},{187},{188},{189},{190},{191}	(user-defined)
  OMP_SCHEDULE		=	auto	(libKOMP default)
  OMP_CANCELLATION	=	false	(libKOMP default)
  KOMP_DISPLAY_PERF	=	no	(libKOMP default)
  KOMP_STEAL_PROTOCOL	=	noaggr	(libKOMP default)
  KAAPI_WSPUSH_INIT	=	wspush
  KAAPI_WSPUSH		=	Whws
  KAAPI_WSSELECT	=	hws_P
OPENMP DISPLAY ENVIRONMENT END
#Output follows this header :
##Progname Size Blocksize Iterations Threads Gflops(Mean) 
dpotrf_taskdep 32768 512 1 192 1688.588034
#Experience summarry : avg : 1688.588034 :: std : 0.000000 :: min : 1688.588034 :: max : 1688.588034 :: median : 1688.588034

OPENMP DISPLAY ENVIRONMENT BEGIN
  OMP_NUM_THREADS	=	192	(user-defined)
  OMP_THREAD_LIMIT	=	8192	(libKOMP default)
  OMP_STACKSIZE		=	8388608	(libKOMP default)
  OMP_MAX_ACTIVE_LEVELS	=	256	(libKOMP default)
  OMP_NESTED		=	false	(libKOMP default)
  OMP_DYNAMIC		=	false	(libKOMP default)
  OMP_PROC_BIND		=	true	(libKOMP default)
  OMP_PLACES		=	{0},{1},{2},{3},{4},{5},{6},{7},{8},{9},{10},{11},{12},{13},{14},{15},{16},{17},{18},{19},{20},{21},{22},{23},{24},{25},{26},{27},{28},{29},{30},{31},{32},{33},{34},{35},{36},{37},{38},{39},{40},{41},{42},{43},{44},{45},{46},{47},{48},{49},{50},{51},{52},{53},{54},{55},{56},{57},{58},{59},{60},{61},{62},{63},{64},{65},{66},{67},{68},{69},{70},{71},{72},{73},{74},{75},{76},{77},{78},{79},{80},{81},{82},{83},{84},{85},{86},{87},{88},{89},{90},{91},{92},{93},{94},{95},{96},{97},{98},{99},{100},{101},{102},{103},{104},{105},{106},{107},{108},{109},{110},{111},{112},{113},{114},{115},{116},{117},{118},{119},{120},{121},{122},{123},{124},{125},{126},{127},{128},{129},{130},{131},{132},{133},{134},{135},{136},{137},{138},{139},{140},{141},{142},{143},{144},{145},{146},{147},{148},{149},{150},{151},{152},{153},{154},{155},{156},{157},{158},{159},{160},{161},{162},{163},{164},{165},{166},{167},{168},{169},{170},{171},{172},{173},{174},{175},{176},{177},{178},{179},{180},{181},{182},{183},{184},{185},{186},{187},{188},{189},{190},{191}	(user-defined)
  OMP_SCHEDULE		=	auto	(libKOMP default)
  OMP_CANCELLATION	=	false	(libKOMP default)
  KOMP_DISPLAY_PERF	=	no	(libKOMP default)
  KOMP_STEAL_PROTOCOL	=	noaggr	(libKOMP default)
  KAAPI_WSPUSH_INIT	=	wspush
  KAAPI_WSPUSH		=	Whws
  KAAPI_WSSELECT	=	hws_P
OPENMP DISPLAY ENVIRONMENT END
#Output follows this header :
##Progname Size Blocksize Iterations Threads Gflops(Mean) 
dpotrf_taskdep 32768 512 1 192 1690.406792
#Experience summarry : avg : 1690.406792 :: std : 0.000000 :: min : 1690.406792 :: max : 1690.406792 :: median : 1690.406792

OPENMP DISPLAY ENVIRONMENT BEGIN
  OMP_NUM_THREADS	=	192	(user-defined)
  OMP_THREAD_LIMIT	=	8192	(libKOMP default)
  OMP_STACKSIZE		=	8388608	(libKOMP default)
  OMP_MAX_ACTIVE_LEVELS	=	256	(libKOMP default)
  OMP_NESTED		=	false	(libKOMP default)
  OMP_DYNAMIC		=	false	(libKOMP default)
  OMP_PROC_BIND		=	true	(libKOMP default)
  OMP_PLACES		=	{0},{1},{2},{3},{4},{5},{6},{7},{8},{9},{10},{11},{12},{13},{14},{15},{16},{17},{18},{19},{20},{21},{22},{23},{24},{25},{26},{27},{28},{29},{30},{31},{32},{33},{34},{35},{36},{37},{38},{39},{40},{41},{42},{43},{44},{45},{46},{47},{48},{49},{50},{51},{52},{53},{54},{55},{56},{57},{58},{59},{60},{61},{62},{63},{64},{65},{66},{67},{68},{69},{70},{71},{72},{73},{74},{75},{76},{77},{78},{79},{80},{81},{82},{83},{84},{85},{86},{87},{88},{89},{90},{91},{92},{93},{94},{95},{96},{97},{98},{99},{100},{101},{102},{103},{104},{105},{106},{107},{108},{109},{110},{111},{112},{113},{114},{115},{116},{117},{118},{119},{120},{121},{122},{123},{124},{125},{126},{127},{128},{129},{130},{131},{132},{133},{134},{135},{136},{137},{138},{139},{140},{141},{142},{143},{144},{145},{146},{147},{148},{149},{150},{151},{152},{153},{154},{155},{156},{157},{158},{159},{160},{161},{162},{163},{164},{165},{166},{167},{168},{169},{170},{171},{172},{173},{174},{175},{176},{177},{178},{179},{180},{181},{182},{183},{184},{185},{186},{187},{188},{189},{190},{191}	(user-defined)
  OMP_SCHEDULE		=	auto	(libKOMP default)
  OMP_CANCELLATION	=	false	(libKOMP default)
  KOMP_DISPLAY_PERF	=	no	(libKOMP default)
  KOMP_STEAL_PROTOCOL	=	noaggr	(libKOMP default)
  KAAPI_WSPUSH_INIT	=	wspush
  KAAPI_WSPUSH		=	Whws
  KAAPI_WSSELECT	=	hws_P
OPENMP DISPLAY ENVIRONMENT END
#Output follows this header :
##Progname Size Blocksize Iterations Threads Gflops(Mean) 
dpotrf_taskdep 32768 512 1 192 1507.856079
#Experience summarry : avg : 1507.856079 :: std : 0.000000 :: min : 1507.856079 :: max : 1507.856079 :: median : 1507.856079

OPENMP DISPLAY ENVIRONMENT BEGIN
  OMP_NUM_THREADS	=	192	(user-defined)
  OMP_THREAD_LIMIT	=	8192	(libKOMP default)
  OMP_STACKSIZE		=	8388608	(libKOMP default)
  OMP_MAX_ACTIVE_LEVELS	=	256	(libKOMP default)
  OMP_NESTED		=	false	(libKOMP default)
  OMP_DYNAMIC		=	false	(libKOMP default)
  OMP_PROC_BIND		=	true	(libKOMP default)
  OMP_PLACES		=	{0},{1},{2},{3},{4},{5},{6},{7},{8},{9},{10},{11},{12},{13},{14},{15},{16},{17},{18},{19},{20},{21},{22},{23},{24},{25},{26},{27},{28},{29},{30},{31},{32},{33},{34},{35},{36},{37},{38},{39},{40},{41},{42},{43},{44},{45},{46},{47},{48},{49},{50},{51},{52},{53},{54},{55},{56},{57},{58},{59},{60},{61},{62},{63},{64},{65},{66},{67},{68},{69},{70},{71},{72},{73},{74},{75},{76},{77},{78},{79},{80},{81},{82},{83},{84},{85},{86},{87},{88},{89},{90},{91},{92},{93},{94},{95},{96},{97},{98},{99},{100},{101},{102},{103},{104},{105},{106},{107},{108},{109},{110},{111},{112},{113},{114},{115},{116},{117},{118},{119},{120},{121},{122},{123},{124},{125},{126},{127},{128},{129},{130},{131},{132},{133},{134},{135},{136},{137},{138},{139},{140},{141},{142},{143},{144},{145},{146},{147},{148},{149},{150},{151},{152},{153},{154},{155},{156},{157},{158},{159},{160},{161},{162},{163},{164},{165},{166},{167},{168},{169},{170},{171},{172},{173},{174},{175},{176},{177},{178},{179},{180},{181},{182},{183},{184},{185},{186},{187},{188},{189},{190},{191}	(user-defined)
  OMP_SCHEDULE		=	auto	(libKOMP default)
  OMP_CANCELLATION	=	false	(libKOMP default)
  KOMP_DISPLAY_PERF	=	no	(libKOMP default)
  KOMP_STEAL_PROTOCOL	=	noaggr	(libKOMP default)
  KAAPI_WSPUSH_INIT	=	wspush
  KAAPI_WSPUSH		=	Whws
  KAAPI_WSSELECT	=	hws_P
OPENMP DISPLAY ENVIRONMENT END
#Output follows this header :
##Progname Size Blocksize Iterations Threads Gflops(Mean) 
dpotrf_taskdep 32768 512 1 192 1531.262518
#Experience summarry : avg : 1531.262518 :: std : 0.000000 :: min : 1531.262518 :: max : 1531.262518 :: median : 1531.262518

OPENMP DISPLAY ENVIRONMENT BEGIN
  OMP_NUM_THREADS	=	192	(user-defined)
  OMP_THREAD_LIMIT	=	8192	(libKOMP default)
  OMP_STACKSIZE		=	8388608	(libKOMP default)
  OMP_MAX_ACTIVE_LEVELS	=	256	(libKOMP default)
  OMP_NESTED		=	false	(libKOMP default)
  OMP_DYNAMIC		=	false	(libKOMP default)
  OMP_PROC_BIND		=	true	(libKOMP default)
  OMP_PLACES		=	{0},{1},{2},{3},{4},{5},{6},{7},{8},{9},{10},{11},{12},{13},{14},{15},{16},{17},{18},{19},{20},{21},{22},{23},{24},{25},{26},{27},{28},{29},{30},{31},{32},{33},{34},{35},{36},{37},{38},{39},{40},{41},{42},{43},{44},{45},{46},{47},{48},{49},{50},{51},{52},{53},{54},{55},{56},{57},{58},{59},{60},{61},{62},{63},{64},{65},{66},{67},{68},{69},{70},{71},{72},{73},{74},{75},{76},{77},{78},{79},{80},{81},{82},{83},{84},{85},{86},{87},{88},{89},{90},{91},{92},{93},{94},{95},{96},{97},{98},{99},{100},{101},{102},{103},{104},{105},{106},{107},{108},{109},{110},{111},{112},{113},{114},{115},{116},{117},{118},{119},{120},{121},{122},{123},{124},{125},{126},{127},{128},{129},{130},{131},{132},{133},{134},{135},{136},{137},{138},{139},{140},{141},{142},{143},{144},{145},{146},{147},{148},{149},{150},{151},{152},{153},{154},{155},{156},{157},{158},{159},{160},{161},{162},{163},{164},{165},{166},{167},{168},{169},{170},{171},{172},{173},{174},{175},{176},{177},{178},{179},{180},{181},{182},{183},{184},{185},{186},{187},{188},{189},{190},{191}	(user-defined)
  OMP_SCHEDULE		=	auto	(libKOMP default)
  OMP_CANCELLATION	=	false	(libKOMP default)
  KOMP_DISPLAY_PERF	=	no	(libKOMP default)
  KOMP_STEAL_PROTOCOL	=	noaggr	(libKOMP default)
  KAAPI_WSPUSH_INIT	=	wspush
  KAAPI_WSPUSH		=	Whws
  KAAPI_WSSELECT	=	hws_P
OPENMP DISPLAY ENVIRONMENT END
#Output follows this header :
##Progname Size Blocksize Iterations Threads Gflops(Mean) 
dpotrf_taskdep 32768 512 1 192 1572.923850
#Experience summarry : avg : 1572.923850 :: std : 0.000000 :: min : 1572.923850 :: max : 1572.923850 :: median : 1572.923850

OPENMP DISPLAY ENVIRONMENT BEGIN
  OMP_NUM_THREADS	=	192	(user-defined)
  OMP_THREAD_LIMIT	=	8192	(libKOMP default)
  OMP_STACKSIZE		=	8388608	(libKOMP default)
  OMP_MAX_ACTIVE_LEVELS	=	256	(libKOMP default)
  OMP_NESTED		=	false	(libKOMP default)
  OMP_DYNAMIC		=	false	(libKOMP default)
  OMP_PROC_BIND		=	true	(libKOMP default)
  OMP_PLACES		=	{0},{1},{2},{3},{4},{5},{6},{7},{8},{9},{10},{11},{12},{13},{14},{15},{16},{17},{18},{19},{20},{21},{22},{23},{24},{25},{26},{27},{28},{29},{30},{31},{32},{33},{34},{35},{36},{37},{38},{39},{40},{41},{42},{43},{44},{45},{46},{47},{48},{49},{50},{51},{52},{53},{54},{55},{56},{57},{58},{59},{60},{61},{62},{63},{64},{65},{66},{67},{68},{69},{70},{71},{72},{73},{74},{75},{76},{77},{78},{79},{80},{81},{82},{83},{84},{85},{86},{87},{88},{89},{90},{91},{92},{93},{94},{95},{96},{97},{98},{99},{100},{101},{102},{103},{104},{105},{106},{107},{108},{109},{110},{111},{112},{113},{114},{115},{116},{117},{118},{119},{120},{121},{122},{123},{124},{125},{126},{127},{128},{129},{130},{131},{132},{133},{134},{135},{136},{137},{138},{139},{140},{141},{142},{143},{144},{145},{146},{147},{148},{149},{150},{151},{152},{153},{154},{155},{156},{157},{158},{159},{160},{161},{162},{163},{164},{165},{166},{167},{168},{169},{170},{171},{172},{173},{174},{175},{176},{177},{178},{179},{180},{181},{182},{183},{184},{185},{186},{187},{188},{189},{190},{191}	(user-defined)
  OMP_SCHEDULE		=	auto	(libKOMP default)
  OMP_CANCELLATION	=	false	(libKOMP default)
  KOMP_DISPLAY_PERF	=	no	(libKOMP default)
  KOMP_STEAL_PROTOCOL	=	noaggr	(libKOMP default)
  KAAPI_WSPUSH_INIT	=	wspush
  KAAPI_WSPUSH		=	Whws
  KAAPI_WSSELECT	=	hws_P
OPENMP DISPLAY ENVIRONMENT END
#Output follows this header :
##Progname Size Blocksize Iterations Threads Gflops(Mean) 
dpotrf_taskdep 32768 512 1 192 1703.819085
#Experience summarry : avg : 1703.819085 :: std : 0.000000 :: min : 1703.819085 :: max : 1703.819085 :: median : 1703.819085

OPENMP DISPLAY ENVIRONMENT BEGIN
  OMP_NUM_THREADS	=	192	(user-defined)
  OMP_THREAD_LIMIT	=	8192	(libKOMP default)
  OMP_STACKSIZE		=	8388608	(libKOMP default)
  OMP_MAX_ACTIVE_LEVELS	=	256	(libKOMP default)
  OMP_NESTED		=	false	(libKOMP default)
  OMP_DYNAMIC		=	false	(libKOMP default)
  OMP_PROC_BIND		=	true	(libKOMP default)
  OMP_PLACES		=	{0},{1},{2},{3},{4},{5},{6},{7},{8},{9},{10},{11},{12},{13},{14},{15},{16},{17},{18},{19},{20},{21},{22},{23},{24},{25},{26},{27},{28},{29},{30},{31},{32},{33},{34},{35},{36},{37},{38},{39},{40},{41},{42},{43},{44},{45},{46},{47},{48},{49},{50},{51},{52},{53},{54},{55},{56},{57},{58},{59},{60},{61},{62},{63},{64},{65},{66},{67},{68},{69},{70},{71},{72},{73},{74},{75},{76},{77},{78},{79},{80},{81},{82},{83},{84},{85},{86},{87},{88},{89},{90},{91},{92},{93},{94},{95},{96},{97},{98},{99},{100},{101},{102},{103},{104},{105},{106},{107},{108},{109},{110},{111},{112},{113},{114},{115},{116},{117},{118},{119},{120},{121},{122},{123},{124},{125},{126},{127},{128},{129},{130},{131},{132},{133},{134},{135},{136},{137},{138},{139},{140},{141},{142},{143},{144},{145},{146},{147},{148},{149},{150},{151},{152},{153},{154},{155},{156},{157},{158},{159},{160},{161},{162},{163},{164},{165},{166},{167},{168},{169},{170},{171},{172},{173},{174},{175},{176},{177},{178},{179},{180},{181},{182},{183},{184},{185},{186},{187},{188},{189},{190},{191}	(user-defined)
  OMP_SCHEDULE		=	auto	(libKOMP default)
  OMP_CANCELLATION	=	false	(libKOMP default)
  KOMP_DISPLAY_PERF	=	no	(libKOMP default)
  KOMP_STEAL_PROTOCOL	=	noaggr	(libKOMP default)
  KAAPI_WSPUSH_INIT	=	wspush
  KAAPI_WSPUSH		=	Whws
  KAAPI_WSSELECT	=	hws_P
OPENMP DISPLAY ENVIRONMENT END
#Output follows this header :
##Progname Size Blocksize Iterations Threads Gflops(Mean) 
dpotrf_taskdep 32768 512 1 192 1550.009654
#Experience summarry : avg : 1550.009654 :: std : 0.000000 :: min : 1550.009654 :: max : 1550.009654 :: median : 1550.009654

OPENMP DISPLAY ENVIRONMENT BEGIN
  OMP_NUM_THREADS	=	192	(user-defined)
  OMP_THREAD_LIMIT	=	8192	(libKOMP default)
  OMP_STACKSIZE		=	8388608	(libKOMP default)
  OMP_MAX_ACTIVE_LEVELS	=	256	(libKOMP default)
  OMP_NESTED		=	false	(libKOMP default)
  OMP_DYNAMIC		=	false	(libKOMP default)
  OMP_PROC_BIND		=	true	(libKOMP default)
  OMP_PLACES		=	{0},{1},{2},{3},{4},{5},{6},{7},{8},{9},{10},{11},{12},{13},{14},{15},{16},{17},{18},{19},{20},{21},{22},{23},{24},{25},{26},{27},{28},{29},{30},{31},{32},{33},{34},{35},{36},{37},{38},{39},{40},{41},{42},{43},{44},{45},{46},{47},{48},{49},{50},{51},{52},{53},{54},{55},{56},{57},{58},{59},{60},{61},{62},{63},{64},{65},{66},{67},{68},{69},{70},{71},{72},{73},{74},{75},{76},{77},{78},{79},{80},{81},{82},{83},{84},{85},{86},{87},{88},{89},{90},{91},{92},{93},{94},{95},{96},{97},{98},{99},{100},{101},{102},{103},{104},{105},{106},{107},{108},{109},{110},{111},{112},{113},{114},{115},{116},{117},{118},{119},{120},{121},{122},{123},{124},{125},{126},{127},{128},{129},{130},{131},{132},{133},{134},{135},{136},{137},{138},{139},{140},{141},{142},{143},{144},{145},{146},{147},{148},{149},{150},{151},{152},{153},{154},{155},{156},{157},{158},{159},{160},{161},{162},{163},{164},{165},{166},{167},{168},{169},{170},{171},{172},{173},{174},{175},{176},{177},{178},{179},{180},{181},{182},{183},{184},{185},{186},{187},{188},{189},{190},{191}	(user-defined)
  OMP_SCHEDULE		=	auto	(libKOMP default)
  OMP_CANCELLATION	=	false	(libKOMP default)
  KOMP_DISPLAY_PERF	=	no	(libKOMP default)
  KOMP_STEAL_PROTOCOL	=	noaggr	(libKOMP default)
  KAAPI_WSPUSH_INIT	=	wspush
  KAAPI_WSPUSH		=	Whws
  KAAPI_WSSELECT	=	hws_P
OPENMP DISPLAY ENVIRONMENT END
#Output follows this header :
##Progname Size Blocksize Iterations Threads Gflops(Mean) 
dpotrf_taskdep 32768 512 1 192 1643.180017
#Experience summarry : avg : 1643.180017 :: std : 0.000000 :: min : 1643.180017 :: max : 1643.180017 :: median : 1643.180017

OPENMP DISPLAY ENVIRONMENT BEGIN
  OMP_NUM_THREADS	=	192	(user-defined)
  OMP_THREAD_LIMIT	=	8192	(libKOMP default)
  OMP_STACKSIZE		=	8388608	(libKOMP default)
  OMP_MAX_ACTIVE_LEVELS	=	256	(libKOMP default)
  OMP_NESTED		=	false	(libKOMP default)
  OMP_DYNAMIC		=	false	(libKOMP default)
  OMP_PROC_BIND		=	true	(libKOMP default)
  OMP_PLACES		=	{0},{1},{2},{3},{4},{5},{6},{7},{8},{9},{10},{11},{12},{13},{14},{15},{16},{17},{18},{19},{20},{21},{22},{23},{24},{25},{26},{27},{28},{29},{30},{31},{32},{33},{34},{35},{36},{37},{38},{39},{40},{41},{42},{43},{44},{45},{46},{47},{48},{49},{50},{51},{52},{53},{54},{55},{56},{57},{58},{59},{60},{61},{62},{63},{64},{65},{66},{67},{68},{69},{70},{71},{72},{73},{74},{75},{76},{77},{78},{79},{80},{81},{82},{83},{84},{85},{86},{87},{88},{89},{90},{91},{92},{93},{94},{95},{96},{97},{98},{99},{100},{101},{102},{103},{104},{105},{106},{107},{108},{109},{110},{111},{112},{113},{114},{115},{116},{117},{118},{119},{120},{121},{122},{123},{124},{125},{126},{127},{128},{129},{130},{131},{132},{133},{134},{135},{136},{137},{138},{139},{140},{141},{142},{143},{144},{145},{146},{147},{148},{149},{150},{151},{152},{153},{154},{155},{156},{157},{158},{159},{160},{161},{162},{163},{164},{165},{166},{167},{168},{169},{170},{171},{172},{173},{174},{175},{176},{177},{178},{179},{180},{181},{182},{183},{184},{185},{186},{187},{188},{189},{190},{191}	(user-defined)
  OMP_SCHEDULE		=	auto	(libKOMP default)
  OMP_CANCELLATION	=	false	(libKOMP default)
  KOMP_DISPLAY_PERF	=	no	(libKOMP default)
  KOMP_STEAL_PROTOCOL	=	noaggr	(libKOMP default)
  KAAPI_WSPUSH_INIT	=	wspush
  KAAPI_WSPUSH		=	Whws
  KAAPI_WSSELECT	=	hws_P
OPENMP DISPLAY ENVIRONMENT END
#Output follows this header :
##Progname Size Blocksize Iterations Threads Gflops(Mean) 
dpotrf_taskdep 32768 512 1 192 1348.557209
#Experience summarry : avg : 1348.557209 :: std : 0.000000 :: min : 1348.557209 :: max : 1348.557209 :: median : 1348.557209

OPENMP DISPLAY ENVIRONMENT BEGIN
  OMP_NUM_THREADS	=	192	(user-defined)
  OMP_THREAD_LIMIT	=	8192	(libKOMP default)
  OMP_STACKSIZE		=	8388608	(libKOMP default)
  OMP_MAX_ACTIVE_LEVELS	=	256	(libKOMP default)
  OMP_NESTED		=	false	(libKOMP default)
  OMP_DYNAMIC		=	false	(libKOMP default)
  OMP_PROC_BIND		=	true	(libKOMP default)
  OMP_PLACES		=	{0},{1},{2},{3},{4},{5},{6},{7},{8},{9},{10},{11},{12},{13},{14},{15},{16},{17},{18},{19},{20},{21},{22},{23},{24},{25},{26},{27},{28},{29},{30},{31},{32},{33},{34},{35},{36},{37},{38},{39},{40},{41},{42},{43},{44},{45},{46},{47},{48},{49},{50},{51},{52},{53},{54},{55},{56},{57},{58},{59},{60},{61},{62},{63},{64},{65},{66},{67},{68},{69},{70},{71},{72},{73},{74},{75},{76},{77},{78},{79},{80},{81},{82},{83},{84},{85},{86},{87},{88},{89},{90},{91},{92},{93},{94},{95},{96},{97},{98},{99},{100},{101},{102},{103},{104},{105},{106},{107},{108},{109},{110},{111},{112},{113},{114},{115},{116},{117},{118},{119},{120},{121},{122},{123},{124},{125},{126},{127},{128},{129},{130},{131},{132},{133},{134},{135},{136},{137},{138},{139},{140},{141},{142},{143},{144},{145},{146},{147},{148},{149},{150},{151},{152},{153},{154},{155},{156},{157},{158},{159},{160},{161},{162},{163},{164},{165},{166},{167},{168},{169},{170},{171},{172},{173},{174},{175},{176},{177},{178},{179},{180},{181},{182},{183},{184},{185},{186},{187},{188},{189},{190},{191}	(user-defined)
  OMP_SCHEDULE		=	auto	(libKOMP default)
  OMP_CANCELLATION	=	false	(libKOMP default)
  KOMP_DISPLAY_PERF	=	no	(libKOMP default)
  KOMP_STEAL_PROTOCOL	=	noaggr	(libKOMP default)
  KAAPI_WSPUSH_INIT	=	wspush
  KAAPI_WSPUSH		=	Whws
  KAAPI_WSSELECT	=	hws_P
OPENMP DISPLAY ENVIRONMENT END
#Output follows this header :
##Progname Size Blocksize Iterations Threads Gflops(Mean) 
dpotrf_taskdep 32768 512 1 192 1518.846388
#Experience summarry : avg : 1518.846388 :: std : 0.000000 :: min : 1518.846388 :: max : 1518.846388 :: median : 1518.846388

OPENMP DISPLAY ENVIRONMENT BEGIN
  OMP_NUM_THREADS	=	192	(user-defined)
  OMP_THREAD_LIMIT	=	8192	(libKOMP default)
  OMP_STACKSIZE		=	8388608	(libKOMP default)
  OMP_MAX_ACTIVE_LEVELS	=	256	(libKOMP default)
  OMP_NESTED		=	false	(libKOMP default)
  OMP_DYNAMIC		=	false	(libKOMP default)
  OMP_PROC_BIND		=	true	(libKOMP default)
  OMP_PLACES		=	{0},{1},{2},{3},{4},{5},{6},{7},{8},{9},{10},{11},{12},{13},{14},{15},{16},{17},{18},{19},{20},{21},{22},{23},{24},{25},{26},{27},{28},{29},{30},{31},{32},{33},{34},{35},{36},{37},{38},{39},{40},{41},{42},{43},{44},{45},{46},{47},{48},{49},{50},{51},{52},{53},{54},{55},{56},{57},{58},{59},{60},{61},{62},{63},{64},{65},{66},{67},{68},{69},{70},{71},{72},{73},{74},{75},{76},{77},{78},{79},{80},{81},{82},{83},{84},{85},{86},{87},{88},{89},{90},{91},{92},{93},{94},{95},{96},{97},{98},{99},{100},{101},{102},{103},{104},{105},{106},{107},{108},{109},{110},{111},{112},{113},{114},{115},{116},{117},{118},{119},{120},{121},{122},{123},{124},{125},{126},{127},{128},{129},{130},{131},{132},{133},{134},{135},{136},{137},{138},{139},{140},{141},{142},{143},{144},{145},{146},{147},{148},{149},{150},{151},{152},{153},{154},{155},{156},{157},{158},{159},{160},{161},{162},{163},{164},{165},{166},{167},{168},{169},{170},{171},{172},{173},{174},{175},{176},{177},{178},{179},{180},{181},{182},{183},{184},{185},{186},{187},{188},{189},{190},{191}	(user-defined)
  OMP_SCHEDULE		=	auto	(libKOMP default)
  OMP_CANCELLATION	=	false	(libKOMP default)
  KOMP_DISPLAY_PERF	=	no	(libKOMP default)
  KOMP_STEAL_PROTOCOL	=	noaggr	(libKOMP default)
  KAAPI_WSPUSH_INIT	=	wspush
  KAAPI_WSPUSH		=	Whws
  KAAPI_WSSELECT	=	hws_P
OPENMP DISPLAY ENVIRONMENT END
#Output follows this header :
##Progname Size Blocksize Iterations Threads Gflops(Mean) 
dpotrf_taskdep 32768 512 1 192 1642.413068
#Experience summarry : avg : 1642.413068 :: std : 0.000000 :: min : 1642.413068 :: max : 1642.413068 :: median : 1642.413068

OPENMP DISPLAY ENVIRONMENT BEGIN
  OMP_NUM_THREADS	=	192	(user-defined)
  OMP_THREAD_LIMIT	=	8192	(libKOMP default)
  OMP_STACKSIZE		=	8388608	(libKOMP default)
  OMP_MAX_ACTIVE_LEVELS	=	256	(libKOMP default)
  OMP_NESTED		=	false	(libKOMP default)
  OMP_DYNAMIC		=	false	(libKOMP default)
  OMP_PROC_BIND		=	true	(libKOMP default)
  OMP_PLACES		=	{0},{1},{2},{3},{4},{5},{6},{7},{8},{9},{10},{11},{12},{13},{14},{15},{16},{17},{18},{19},{20},{21},{22},{23},{24},{25},{26},{27},{28},{29},{30},{31},{32},{33},{34},{35},{36},{37},{38},{39},{40},{41},{42},{43},{44},{45},{46},{47},{48},{49},{50},{51},{52},{53},{54},{55},{56},{57},{58},{59},{60},{61},{62},{63},{64},{65},{66},{67},{68},{69},{70},{71},{72},{73},{74},{75},{76},{77},{78},{79},{80},{81},{82},{83},{84},{85},{86},{87},{88},{89},{90},{91},{92},{93},{94},{95},{96},{97},{98},{99},{100},{101},{102},{103},{104},{105},{106},{107},{108},{109},{110},{111},{112},{113},{114},{115},{116},{117},{118},{119},{120},{121},{122},{123},{124},{125},{126},{127},{128},{129},{130},{131},{132},{133},{134},{135},{136},{137},{138},{139},{140},{141},{142},{143},{144},{145},{146},{147},{148},{149},{150},{151},{152},{153},{154},{155},{156},{157},{158},{159},{160},{161},{162},{163},{164},{165},{166},{167},{168},{169},{170},{171},{172},{173},{174},{175},{176},{177},{178},{179},{180},{181},{182},{183},{184},{185},{186},{187},{188},{189},{190},{191}	(user-defined)
  OMP_SCHEDULE		=	auto	(libKOMP default)
  OMP_CANCELLATION	=	false	(libKOMP default)
  KOMP_DISPLAY_PERF	=	no	(libKOMP default)
  KOMP_STEAL_PROTOCOL	=	noaggr	(libKOMP default)
  KAAPI_WSPUSH_INIT	=	wspush
  KAAPI_WSPUSH		=	Whws
  KAAPI_WSSELECT	=	hws_P
OPENMP DISPLAY ENVIRONMENT END
#Output follows this header :
##Progname Size Blocksize Iterations Threads Gflops(Mean) 
dpotrf_taskdep 32768 512 1 192 1592.303113
#Experience summarry : avg : 1592.303113 :: std : 0.000000 :: min : 1592.303113 :: max : 1592.303113 :: median : 1592.303113

OPENMP DISPLAY ENVIRONMENT BEGIN
  OMP_NUM_THREADS	=	192	(user-defined)
  OMP_THREAD_LIMIT	=	8192	(libKOMP default)
  OMP_STACKSIZE		=	8388608	(libKOMP default)
  OMP_MAX_ACTIVE_LEVELS	=	256	(libKOMP default)
  OMP_NESTED		=	false	(libKOMP default)
  OMP_DYNAMIC		=	false	(libKOMP default)
  OMP_PROC_BIND		=	true	(libKOMP default)
  OMP_PLACES		=	{0},{1},{2},{3},{4},{5},{6},{7},{8},{9},{10},{11},{12},{13},{14},{15},{16},{17},{18},{19},{20},{21},{22},{23},{24},{25},{26},{27},{28},{29},{30},{31},{32},{33},{34},{35},{36},{37},{38},{39},{40},{41},{42},{43},{44},{45},{46},{47},{48},{49},{50},{51},{52},{53},{54},{55},{56},{57},{58},{59},{60},{61},{62},{63},{64},{65},{66},{67},{68},{69},{70},{71},{72},{73},{74},{75},{76},{77},{78},{79},{80},{81},{82},{83},{84},{85},{86},{87},{88},{89},{90},{91},{92},{93},{94},{95},{96},{97},{98},{99},{100},{101},{102},{103},{104},{105},{106},{107},{108},{109},{110},{111},{112},{113},{114},{115},{116},{117},{118},{119},{120},{121},{122},{123},{124},{125},{126},{127},{128},{129},{130},{131},{132},{133},{134},{135},{136},{137},{138},{139},{140},{141},{142},{143},{144},{145},{146},{147},{148},{149},{150},{151},{152},{153},{154},{155},{156},{157},{158},{159},{160},{161},{162},{163},{164},{165},{166},{167},{168},{169},{170},{171},{172},{173},{174},{175},{176},{177},{178},{179},{180},{181},{182},{183},{184},{185},{186},{187},{188},{189},{190},{191}	(user-defined)
  OMP_SCHEDULE		=	auto	(libKOMP default)
  OMP_CANCELLATION	=	false	(libKOMP default)
  KOMP_DISPLAY_PERF	=	no	(libKOMP default)
  KOMP_STEAL_PROTOCOL	=	noaggr	(libKOMP default)
  KAAPI_WSPUSH_INIT	=	wspush
  KAAPI_WSPUSH		=	Whws
  KAAPI_WSSELECT	=	hws_P
OPENMP DISPLAY ENVIRONMENT END
#Output follows this header :
##Progname Size Blocksize Iterations Threads Gflops(Mean) 
dpotrf_taskdep 32768 512 1 192 1644.410990
#Experience summarry : avg : 1644.410990 :: std : 0.000000 :: min : 1644.410990 :: max : 1644.410990 :: median : 1644.410990

