OPENMP DISPLAY ENVIRONMENT BEGIN
  OMP_NUM_THREADS	=	192	(user-defined)
  OMP_THREAD_LIMIT	=	8192	(libKOMP default)
  OMP_STACKSIZE		=	8388608	(libKOMP default)
  OMP_MAX_ACTIVE_LEVELS	=	256	(libKOMP default)
  OMP_NESTED		=	false	(libKOMP default)
  OMP_DYNAMIC		=	false	(libKOMP default)
  OMP_PROC_BIND		=	true	(libKOMP default)
  OMP_PLACES		=	{0},{1},{2},{3},{4},{5},{6},{7},{8},{9},{10},{11},{12},{13},{14},{15},{16},{17},{18},{19},{20},{21},{22},{23},{24},{25},{26},{27},{28},{29},{30},{31},{32},{33},{34},{35},{36},{37},{38},{39},{40},{41},{42},{43},{44},{45},{46},{47},{48},{49},{50},{51},{52},{53},{54},{55},{56},{57},{58},{59},{60},{61},{62},{63},{64},{65},{66},{67},{68},{69},{70},{71},{72},{73},{74},{75},{76},{77},{78},{79},{80},{81},{82},{83},{84},{85},{86},{87},{88},{89},{90},{91},{92},{93},{94},{95},{96},{97},{98},{99},{100},{101},{102},{103},{104},{105},{106},{107},{108},{109},{110},{111},{112},{113},{114},{115},{116},{117},{118},{119},{120},{121},{122},{123},{124},{125},{126},{127},{128},{129},{130},{131},{132},{133},{134},{135},{136},{137},{138},{139},{140},{141},{142},{143},{144},{145},{146},{147},{148},{149},{150},{151},{152},{153},{154},{155},{156},{157},{158},{159},{160},{161},{162},{163},{164},{165},{166},{167},{168},{169},{170},{171},{172},{173},{174},{175},{176},{177},{178},{179},{180},{181},{182},{183},{184},{185},{186},{187},{188},{189},{190},{191}	(user-defined)
  OMP_SCHEDULE		=	auto	(libKOMP default)
  OMP_CANCELLATION	=	false	(libKOMP default)
  KOMP_DISPLAY_PERF	=	no	(libKOMP default)
  KOMP_STEAL_PROTOCOL	=	noaggr	(libKOMP default)
  KAAPI_WSPUSH_INIT	=	wspush
  KAAPI_WSPUSH		=	Whws
  KAAPI_WSSELECT	=	hws_N_P
OPENMP DISPLAY ENVIRONMENT END
#Output follows this header :
##Progname Size Blocksize Iterations Threads Gflops(Mean) 
dpotrf_taskdep 16384 128 1 192 116.158109
#Experience summarry : avg : 116.158109 :: std : 0.000000 :: min : 116.158109 :: max : 116.158109 :: median : 116.158109

OPENMP DISPLAY ENVIRONMENT BEGIN
  OMP_NUM_THREADS	=	192	(user-defined)
  OMP_THREAD_LIMIT	=	8192	(libKOMP default)
  OMP_STACKSIZE		=	8388608	(libKOMP default)
  OMP_MAX_ACTIVE_LEVELS	=	256	(libKOMP default)
  OMP_NESTED		=	false	(libKOMP default)
  OMP_DYNAMIC		=	false	(libKOMP default)
  OMP_PROC_BIND		=	true	(libKOMP default)
  OMP_PLACES		=	{0},{1},{2},{3},{4},{5},{6},{7},{8},{9},{10},{11},{12},{13},{14},{15},{16},{17},{18},{19},{20},{21},{22},{23},{24},{25},{26},{27},{28},{29},{30},{31},{32},{33},{34},{35},{36},{37},{38},{39},{40},{41},{42},{43},{44},{45},{46},{47},{48},{49},{50},{51},{52},{53},{54},{55},{56},{57},{58},{59},{60},{61},{62},{63},{64},{65},{66},{67},{68},{69},{70},{71},{72},{73},{74},{75},{76},{77},{78},{79},{80},{81},{82},{83},{84},{85},{86},{87},{88},{89},{90},{91},{92},{93},{94},{95},{96},{97},{98},{99},{100},{101},{102},{103},{104},{105},{106},{107},{108},{109},{110},{111},{112},{113},{114},{115},{116},{117},{118},{119},{120},{121},{122},{123},{124},{125},{126},{127},{128},{129},{130},{131},{132},{133},{134},{135},{136},{137},{138},{139},{140},{141},{142},{143},{144},{145},{146},{147},{148},{149},{150},{151},{152},{153},{154},{155},{156},{157},{158},{159},{160},{161},{162},{163},{164},{165},{166},{167},{168},{169},{170},{171},{172},{173},{174},{175},{176},{177},{178},{179},{180},{181},{182},{183},{184},{185},{186},{187},{188},{189},{190},{191}	(user-defined)
  OMP_SCHEDULE		=	auto	(libKOMP default)
  OMP_CANCELLATION	=	false	(libKOMP default)
  KOMP_DISPLAY_PERF	=	no	(libKOMP default)
  KOMP_STEAL_PROTOCOL	=	noaggr	(libKOMP default)
  KAAPI_WSPUSH_INIT	=	wspush
  KAAPI_WSPUSH		=	Whws
  KAAPI_WSSELECT	=	hws_N_P
OPENMP DISPLAY ENVIRONMENT END
#Output follows this header :
##Progname Size Blocksize Iterations Threads Gflops(Mean) 
dpotrf_taskdep 16384 128 1 192 130.217976
#Experience summarry : avg : 130.217976 :: std : 0.000000 :: min : 130.217976 :: max : 130.217976 :: median : 130.217976

OPENMP DISPLAY ENVIRONMENT BEGIN
  OMP_NUM_THREADS	=	192	(user-defined)
  OMP_THREAD_LIMIT	=	8192	(libKOMP default)
  OMP_STACKSIZE		=	8388608	(libKOMP default)
  OMP_MAX_ACTIVE_LEVELS	=	256	(libKOMP default)
  OMP_NESTED		=	false	(libKOMP default)
  OMP_DYNAMIC		=	false	(libKOMP default)
  OMP_PROC_BIND		=	true	(libKOMP default)
  OMP_PLACES		=	{0},{1},{2},{3},{4},{5},{6},{7},{8},{9},{10},{11},{12},{13},{14},{15},{16},{17},{18},{19},{20},{21},{22},{23},{24},{25},{26},{27},{28},{29},{30},{31},{32},{33},{34},{35},{36},{37},{38},{39},{40},{41},{42},{43},{44},{45},{46},{47},{48},{49},{50},{51},{52},{53},{54},{55},{56},{57},{58},{59},{60},{61},{62},{63},{64},{65},{66},{67},{68},{69},{70},{71},{72},{73},{74},{75},{76},{77},{78},{79},{80},{81},{82},{83},{84},{85},{86},{87},{88},{89},{90},{91},{92},{93},{94},{95},{96},{97},{98},{99},{100},{101},{102},{103},{104},{105},{106},{107},{108},{109},{110},{111},{112},{113},{114},{115},{116},{117},{118},{119},{120},{121},{122},{123},{124},{125},{126},{127},{128},{129},{130},{131},{132},{133},{134},{135},{136},{137},{138},{139},{140},{141},{142},{143},{144},{145},{146},{147},{148},{149},{150},{151},{152},{153},{154},{155},{156},{157},{158},{159},{160},{161},{162},{163},{164},{165},{166},{167},{168},{169},{170},{171},{172},{173},{174},{175},{176},{177},{178},{179},{180},{181},{182},{183},{184},{185},{186},{187},{188},{189},{190},{191}	(user-defined)
  OMP_SCHEDULE		=	auto	(libKOMP default)
  OMP_CANCELLATION	=	false	(libKOMP default)
  KOMP_DISPLAY_PERF	=	no	(libKOMP default)
  KOMP_STEAL_PROTOCOL	=	noaggr	(libKOMP default)
  KAAPI_WSPUSH_INIT	=	wspush
  KAAPI_WSPUSH		=	Whws
  KAAPI_WSSELECT	=	hws_N_P
OPENMP DISPLAY ENVIRONMENT END
#Output follows this header :
##Progname Size Blocksize Iterations Threads Gflops(Mean) 
dpotrf_taskdep 16384 128 1 192 131.338376
#Experience summarry : avg : 131.338376 :: std : 0.000000 :: min : 131.338376 :: max : 131.338376 :: median : 131.338376

OPENMP DISPLAY ENVIRONMENT BEGIN
  OMP_NUM_THREADS	=	192	(user-defined)
  OMP_THREAD_LIMIT	=	8192	(libKOMP default)
  OMP_STACKSIZE		=	8388608	(libKOMP default)
  OMP_MAX_ACTIVE_LEVELS	=	256	(libKOMP default)
  OMP_NESTED		=	false	(libKOMP default)
  OMP_DYNAMIC		=	false	(libKOMP default)
  OMP_PROC_BIND		=	true	(libKOMP default)
  OMP_PLACES		=	{0},{1},{2},{3},{4},{5},{6},{7},{8},{9},{10},{11},{12},{13},{14},{15},{16},{17},{18},{19},{20},{21},{22},{23},{24},{25},{26},{27},{28},{29},{30},{31},{32},{33},{34},{35},{36},{37},{38},{39},{40},{41},{42},{43},{44},{45},{46},{47},{48},{49},{50},{51},{52},{53},{54},{55},{56},{57},{58},{59},{60},{61},{62},{63},{64},{65},{66},{67},{68},{69},{70},{71},{72},{73},{74},{75},{76},{77},{78},{79},{80},{81},{82},{83},{84},{85},{86},{87},{88},{89},{90},{91},{92},{93},{94},{95},{96},{97},{98},{99},{100},{101},{102},{103},{104},{105},{106},{107},{108},{109},{110},{111},{112},{113},{114},{115},{116},{117},{118},{119},{120},{121},{122},{123},{124},{125},{126},{127},{128},{129},{130},{131},{132},{133},{134},{135},{136},{137},{138},{139},{140},{141},{142},{143},{144},{145},{146},{147},{148},{149},{150},{151},{152},{153},{154},{155},{156},{157},{158},{159},{160},{161},{162},{163},{164},{165},{166},{167},{168},{169},{170},{171},{172},{173},{174},{175},{176},{177},{178},{179},{180},{181},{182},{183},{184},{185},{186},{187},{188},{189},{190},{191}	(user-defined)
  OMP_SCHEDULE		=	auto	(libKOMP default)
  OMP_CANCELLATION	=	false	(libKOMP default)
  KOMP_DISPLAY_PERF	=	no	(libKOMP default)
  KOMP_STEAL_PROTOCOL	=	noaggr	(libKOMP default)
  KAAPI_WSPUSH_INIT	=	wspush
  KAAPI_WSPUSH		=	Whws
  KAAPI_WSSELECT	=	hws_N_P
OPENMP DISPLAY ENVIRONMENT END
#Output follows this header :
##Progname Size Blocksize Iterations Threads Gflops(Mean) 
dpotrf_taskdep 16384 128 1 192 133.998932
#Experience summarry : avg : 133.998932 :: std : 0.000000 :: min : 133.998932 :: max : 133.998932 :: median : 133.998932

OPENMP DISPLAY ENVIRONMENT BEGIN
  OMP_NUM_THREADS	=	192	(user-defined)
  OMP_THREAD_LIMIT	=	8192	(libKOMP default)
  OMP_STACKSIZE		=	8388608	(libKOMP default)
  OMP_MAX_ACTIVE_LEVELS	=	256	(libKOMP default)
  OMP_NESTED		=	false	(libKOMP default)
  OMP_DYNAMIC		=	false	(libKOMP default)
  OMP_PROC_BIND		=	true	(libKOMP default)
  OMP_PLACES		=	{0},{1},{2},{3},{4},{5},{6},{7},{8},{9},{10},{11},{12},{13},{14},{15},{16},{17},{18},{19},{20},{21},{22},{23},{24},{25},{26},{27},{28},{29},{30},{31},{32},{33},{34},{35},{36},{37},{38},{39},{40},{41},{42},{43},{44},{45},{46},{47},{48},{49},{50},{51},{52},{53},{54},{55},{56},{57},{58},{59},{60},{61},{62},{63},{64},{65},{66},{67},{68},{69},{70},{71},{72},{73},{74},{75},{76},{77},{78},{79},{80},{81},{82},{83},{84},{85},{86},{87},{88},{89},{90},{91},{92},{93},{94},{95},{96},{97},{98},{99},{100},{101},{102},{103},{104},{105},{106},{107},{108},{109},{110},{111},{112},{113},{114},{115},{116},{117},{118},{119},{120},{121},{122},{123},{124},{125},{126},{127},{128},{129},{130},{131},{132},{133},{134},{135},{136},{137},{138},{139},{140},{141},{142},{143},{144},{145},{146},{147},{148},{149},{150},{151},{152},{153},{154},{155},{156},{157},{158},{159},{160},{161},{162},{163},{164},{165},{166},{167},{168},{169},{170},{171},{172},{173},{174},{175},{176},{177},{178},{179},{180},{181},{182},{183},{184},{185},{186},{187},{188},{189},{190},{191}	(user-defined)
  OMP_SCHEDULE		=	auto	(libKOMP default)
  OMP_CANCELLATION	=	false	(libKOMP default)
  KOMP_DISPLAY_PERF	=	no	(libKOMP default)
  KOMP_STEAL_PROTOCOL	=	noaggr	(libKOMP default)
  KAAPI_WSPUSH_INIT	=	wspush
  KAAPI_WSPUSH		=	Whws
  KAAPI_WSSELECT	=	hws_N_P
OPENMP DISPLAY ENVIRONMENT END
#Output follows this header :
##Progname Size Blocksize Iterations Threads Gflops(Mean) 
dpotrf_taskdep 16384 128 1 192 132.858968
#Experience summarry : avg : 132.858968 :: std : 0.000000 :: min : 132.858968 :: max : 132.858968 :: median : 132.858968

OPENMP DISPLAY ENVIRONMENT BEGIN
  OMP_NUM_THREADS	=	192	(user-defined)
  OMP_THREAD_LIMIT	=	8192	(libKOMP default)
  OMP_STACKSIZE		=	8388608	(libKOMP default)
  OMP_MAX_ACTIVE_LEVELS	=	256	(libKOMP default)
  OMP_NESTED		=	false	(libKOMP default)
  OMP_DYNAMIC		=	false	(libKOMP default)
  OMP_PROC_BIND		=	true	(libKOMP default)
  OMP_PLACES		=	{0},{1},{2},{3},{4},{5},{6},{7},{8},{9},{10},{11},{12},{13},{14},{15},{16},{17},{18},{19},{20},{21},{22},{23},{24},{25},{26},{27},{28},{29},{30},{31},{32},{33},{34},{35},{36},{37},{38},{39},{40},{41},{42},{43},{44},{45},{46},{47},{48},{49},{50},{51},{52},{53},{54},{55},{56},{57},{58},{59},{60},{61},{62},{63},{64},{65},{66},{67},{68},{69},{70},{71},{72},{73},{74},{75},{76},{77},{78},{79},{80},{81},{82},{83},{84},{85},{86},{87},{88},{89},{90},{91},{92},{93},{94},{95},{96},{97},{98},{99},{100},{101},{102},{103},{104},{105},{106},{107},{108},{109},{110},{111},{112},{113},{114},{115},{116},{117},{118},{119},{120},{121},{122},{123},{124},{125},{126},{127},{128},{129},{130},{131},{132},{133},{134},{135},{136},{137},{138},{139},{140},{141},{142},{143},{144},{145},{146},{147},{148},{149},{150},{151},{152},{153},{154},{155},{156},{157},{158},{159},{160},{161},{162},{163},{164},{165},{166},{167},{168},{169},{170},{171},{172},{173},{174},{175},{176},{177},{178},{179},{180},{181},{182},{183},{184},{185},{186},{187},{188},{189},{190},{191}	(user-defined)
  OMP_SCHEDULE		=	auto	(libKOMP default)
  OMP_CANCELLATION	=	false	(libKOMP default)
  KOMP_DISPLAY_PERF	=	no	(libKOMP default)
  KOMP_STEAL_PROTOCOL	=	noaggr	(libKOMP default)
  KAAPI_WSPUSH_INIT	=	wspush
  KAAPI_WSPUSH		=	Whws
  KAAPI_WSSELECT	=	hws_N_P
OPENMP DISPLAY ENVIRONMENT END
#Output follows this header :
##Progname Size Blocksize Iterations Threads Gflops(Mean) 
dpotrf_taskdep 16384 186 1 192 587.950490
#Experience summarry : avg : 587.950490 :: std : 0.000000 :: min : 587.950490 :: max : 587.950490 :: median : 587.950490

OPENMP DISPLAY ENVIRONMENT BEGIN
  OMP_NUM_THREADS	=	192	(user-defined)
  OMP_THREAD_LIMIT	=	8192	(libKOMP default)
  OMP_STACKSIZE		=	8388608	(libKOMP default)
  OMP_MAX_ACTIVE_LEVELS	=	256	(libKOMP default)
  OMP_NESTED		=	false	(libKOMP default)
  OMP_DYNAMIC		=	false	(libKOMP default)
  OMP_PROC_BIND		=	true	(libKOMP default)
  OMP_PLACES		=	{0},{1},{2},{3},{4},{5},{6},{7},{8},{9},{10},{11},{12},{13},{14},{15},{16},{17},{18},{19},{20},{21},{22},{23},{24},{25},{26},{27},{28},{29},{30},{31},{32},{33},{34},{35},{36},{37},{38},{39},{40},{41},{42},{43},{44},{45},{46},{47},{48},{49},{50},{51},{52},{53},{54},{55},{56},{57},{58},{59},{60},{61},{62},{63},{64},{65},{66},{67},{68},{69},{70},{71},{72},{73},{74},{75},{76},{77},{78},{79},{80},{81},{82},{83},{84},{85},{86},{87},{88},{89},{90},{91},{92},{93},{94},{95},{96},{97},{98},{99},{100},{101},{102},{103},{104},{105},{106},{107},{108},{109},{110},{111},{112},{113},{114},{115},{116},{117},{118},{119},{120},{121},{122},{123},{124},{125},{126},{127},{128},{129},{130},{131},{132},{133},{134},{135},{136},{137},{138},{139},{140},{141},{142},{143},{144},{145},{146},{147},{148},{149},{150},{151},{152},{153},{154},{155},{156},{157},{158},{159},{160},{161},{162},{163},{164},{165},{166},{167},{168},{169},{170},{171},{172},{173},{174},{175},{176},{177},{178},{179},{180},{181},{182},{183},{184},{185},{186},{187},{188},{189},{190},{191}	(user-defined)
  OMP_SCHEDULE		=	auto	(libKOMP default)
  OMP_CANCELLATION	=	false	(libKOMP default)
  KOMP_DISPLAY_PERF	=	no	(libKOMP default)
  KOMP_STEAL_PROTOCOL	=	noaggr	(libKOMP default)
  KAAPI_WSPUSH_INIT	=	wspush
  KAAPI_WSPUSH		=	Whws
  KAAPI_WSSELECT	=	hws_N_P
OPENMP DISPLAY ENVIRONMENT END
#Output follows this header :
##Progname Size Blocksize Iterations Threads Gflops(Mean) 
dpotrf_taskdep 16384 186 1 192 608.133808
#Experience summarry : avg : 608.133808 :: std : 0.000000 :: min : 608.133808 :: max : 608.133808 :: median : 608.133808

OPENMP DISPLAY ENVIRONMENT BEGIN
  OMP_NUM_THREADS	=	192	(user-defined)
  OMP_THREAD_LIMIT	=	8192	(libKOMP default)
  OMP_STACKSIZE		=	8388608	(libKOMP default)
  OMP_MAX_ACTIVE_LEVELS	=	256	(libKOMP default)
  OMP_NESTED		=	false	(libKOMP default)
  OMP_DYNAMIC		=	false	(libKOMP default)
  OMP_PROC_BIND		=	true	(libKOMP default)
  OMP_PLACES		=	{0},{1},{2},{3},{4},{5},{6},{7},{8},{9},{10},{11},{12},{13},{14},{15},{16},{17},{18},{19},{20},{21},{22},{23},{24},{25},{26},{27},{28},{29},{30},{31},{32},{33},{34},{35},{36},{37},{38},{39},{40},{41},{42},{43},{44},{45},{46},{47},{48},{49},{50},{51},{52},{53},{54},{55},{56},{57},{58},{59},{60},{61},{62},{63},{64},{65},{66},{67},{68},{69},{70},{71},{72},{73},{74},{75},{76},{77},{78},{79},{80},{81},{82},{83},{84},{85},{86},{87},{88},{89},{90},{91},{92},{93},{94},{95},{96},{97},{98},{99},{100},{101},{102},{103},{104},{105},{106},{107},{108},{109},{110},{111},{112},{113},{114},{115},{116},{117},{118},{119},{120},{121},{122},{123},{124},{125},{126},{127},{128},{129},{130},{131},{132},{133},{134},{135},{136},{137},{138},{139},{140},{141},{142},{143},{144},{145},{146},{147},{148},{149},{150},{151},{152},{153},{154},{155},{156},{157},{158},{159},{160},{161},{162},{163},{164},{165},{166},{167},{168},{169},{170},{171},{172},{173},{174},{175},{176},{177},{178},{179},{180},{181},{182},{183},{184},{185},{186},{187},{188},{189},{190},{191}	(user-defined)
  OMP_SCHEDULE		=	auto	(libKOMP default)
  OMP_CANCELLATION	=	false	(libKOMP default)
  KOMP_DISPLAY_PERF	=	no	(libKOMP default)
  KOMP_STEAL_PROTOCOL	=	noaggr	(libKOMP default)
  KAAPI_WSPUSH_INIT	=	wspush
  KAAPI_WSPUSH		=	Whws
  KAAPI_WSSELECT	=	hws_N_P
OPENMP DISPLAY ENVIRONMENT END
#Output follows this header :
##Progname Size Blocksize Iterations Threads Gflops(Mean) 
dpotrf_taskdep 16384 186 1 192 562.757263
#Experience summarry : avg : 562.757263 :: std : 0.000000 :: min : 562.757263 :: max : 562.757263 :: median : 562.757263

OPENMP DISPLAY ENVIRONMENT BEGIN
  OMP_NUM_THREADS	=	192	(user-defined)
  OMP_THREAD_LIMIT	=	8192	(libKOMP default)
  OMP_STACKSIZE		=	8388608	(libKOMP default)
  OMP_MAX_ACTIVE_LEVELS	=	256	(libKOMP default)
  OMP_NESTED		=	false	(libKOMP default)
  OMP_DYNAMIC		=	false	(libKOMP default)
  OMP_PROC_BIND		=	true	(libKOMP default)
  OMP_PLACES		=	{0},{1},{2},{3},{4},{5},{6},{7},{8},{9},{10},{11},{12},{13},{14},{15},{16},{17},{18},{19},{20},{21},{22},{23},{24},{25},{26},{27},{28},{29},{30},{31},{32},{33},{34},{35},{36},{37},{38},{39},{40},{41},{42},{43},{44},{45},{46},{47},{48},{49},{50},{51},{52},{53},{54},{55},{56},{57},{58},{59},{60},{61},{62},{63},{64},{65},{66},{67},{68},{69},{70},{71},{72},{73},{74},{75},{76},{77},{78},{79},{80},{81},{82},{83},{84},{85},{86},{87},{88},{89},{90},{91},{92},{93},{94},{95},{96},{97},{98},{99},{100},{101},{102},{103},{104},{105},{106},{107},{108},{109},{110},{111},{112},{113},{114},{115},{116},{117},{118},{119},{120},{121},{122},{123},{124},{125},{126},{127},{128},{129},{130},{131},{132},{133},{134},{135},{136},{137},{138},{139},{140},{141},{142},{143},{144},{145},{146},{147},{148},{149},{150},{151},{152},{153},{154},{155},{156},{157},{158},{159},{160},{161},{162},{163},{164},{165},{166},{167},{168},{169},{170},{171},{172},{173},{174},{175},{176},{177},{178},{179},{180},{181},{182},{183},{184},{185},{186},{187},{188},{189},{190},{191}	(user-defined)
  OMP_SCHEDULE		=	auto	(libKOMP default)
  OMP_CANCELLATION	=	false	(libKOMP default)
  KOMP_DISPLAY_PERF	=	no	(libKOMP default)
  KOMP_STEAL_PROTOCOL	=	noaggr	(libKOMP default)
  KAAPI_WSPUSH_INIT	=	wspush
  KAAPI_WSPUSH		=	Whws
  KAAPI_WSSELECT	=	hws_N_P
OPENMP DISPLAY ENVIRONMENT END
#Output follows this header :
##Progname Size Blocksize Iterations Threads Gflops(Mean) 
dpotrf_taskdep 16384 186 1 192 552.857650
#Experience summarry : avg : 552.857650 :: std : 0.000000 :: min : 552.857650 :: max : 552.857650 :: median : 552.857650

OPENMP DISPLAY ENVIRONMENT BEGIN
  OMP_NUM_THREADS	=	192	(user-defined)
  OMP_THREAD_LIMIT	=	8192	(libKOMP default)
  OMP_STACKSIZE		=	8388608	(libKOMP default)
  OMP_MAX_ACTIVE_LEVELS	=	256	(libKOMP default)
  OMP_NESTED		=	false	(libKOMP default)
  OMP_DYNAMIC		=	false	(libKOMP default)
  OMP_PROC_BIND		=	true	(libKOMP default)
  OMP_PLACES		=	{0},{1},{2},{3},{4},{5},{6},{7},{8},{9},{10},{11},{12},{13},{14},{15},{16},{17},{18},{19},{20},{21},{22},{23},{24},{25},{26},{27},{28},{29},{30},{31},{32},{33},{34},{35},{36},{37},{38},{39},{40},{41},{42},{43},{44},{45},{46},{47},{48},{49},{50},{51},{52},{53},{54},{55},{56},{57},{58},{59},{60},{61},{62},{63},{64},{65},{66},{67},{68},{69},{70},{71},{72},{73},{74},{75},{76},{77},{78},{79},{80},{81},{82},{83},{84},{85},{86},{87},{88},{89},{90},{91},{92},{93},{94},{95},{96},{97},{98},{99},{100},{101},{102},{103},{104},{105},{106},{107},{108},{109},{110},{111},{112},{113},{114},{115},{116},{117},{118},{119},{120},{121},{122},{123},{124},{125},{126},{127},{128},{129},{130},{131},{132},{133},{134},{135},{136},{137},{138},{139},{140},{141},{142},{143},{144},{145},{146},{147},{148},{149},{150},{151},{152},{153},{154},{155},{156},{157},{158},{159},{160},{161},{162},{163},{164},{165},{166},{167},{168},{169},{170},{171},{172},{173},{174},{175},{176},{177},{178},{179},{180},{181},{182},{183},{184},{185},{186},{187},{188},{189},{190},{191}	(user-defined)
  OMP_SCHEDULE		=	auto	(libKOMP default)
  OMP_CANCELLATION	=	false	(libKOMP default)
  KOMP_DISPLAY_PERF	=	no	(libKOMP default)
  KOMP_STEAL_PROTOCOL	=	noaggr	(libKOMP default)
  KAAPI_WSPUSH_INIT	=	wspush
  KAAPI_WSPUSH		=	Whws
  KAAPI_WSSELECT	=	hws_N_P
OPENMP DISPLAY ENVIRONMENT END
#Output follows this header :
##Progname Size Blocksize Iterations Threads Gflops(Mean) 
dpotrf_taskdep 16384 186 1 192 447.823292
#Experience summarry : avg : 447.823292 :: std : 0.000000 :: min : 447.823292 :: max : 447.823292 :: median : 447.823292

OPENMP DISPLAY ENVIRONMENT BEGIN
  OMP_NUM_THREADS	=	192	(user-defined)
  OMP_THREAD_LIMIT	=	8192	(libKOMP default)
  OMP_STACKSIZE		=	8388608	(libKOMP default)
  OMP_MAX_ACTIVE_LEVELS	=	256	(libKOMP default)
  OMP_NESTED		=	false	(libKOMP default)
  OMP_DYNAMIC		=	false	(libKOMP default)
  OMP_PROC_BIND		=	true	(libKOMP default)
  OMP_PLACES		=	{0},{1},{2},{3},{4},{5},{6},{7},{8},{9},{10},{11},{12},{13},{14},{15},{16},{17},{18},{19},{20},{21},{22},{23},{24},{25},{26},{27},{28},{29},{30},{31},{32},{33},{34},{35},{36},{37},{38},{39},{40},{41},{42},{43},{44},{45},{46},{47},{48},{49},{50},{51},{52},{53},{54},{55},{56},{57},{58},{59},{60},{61},{62},{63},{64},{65},{66},{67},{68},{69},{70},{71},{72},{73},{74},{75},{76},{77},{78},{79},{80},{81},{82},{83},{84},{85},{86},{87},{88},{89},{90},{91},{92},{93},{94},{95},{96},{97},{98},{99},{100},{101},{102},{103},{104},{105},{106},{107},{108},{109},{110},{111},{112},{113},{114},{115},{116},{117},{118},{119},{120},{121},{122},{123},{124},{125},{126},{127},{128},{129},{130},{131},{132},{133},{134},{135},{136},{137},{138},{139},{140},{141},{142},{143},{144},{145},{146},{147},{148},{149},{150},{151},{152},{153},{154},{155},{156},{157},{158},{159},{160},{161},{162},{163},{164},{165},{166},{167},{168},{169},{170},{171},{172},{173},{174},{175},{176},{177},{178},{179},{180},{181},{182},{183},{184},{185},{186},{187},{188},{189},{190},{191}	(user-defined)
  OMP_SCHEDULE		=	auto	(libKOMP default)
  OMP_CANCELLATION	=	false	(libKOMP default)
  KOMP_DISPLAY_PERF	=	no	(libKOMP default)
  KOMP_STEAL_PROTOCOL	=	noaggr	(libKOMP default)
  KAAPI_WSPUSH_INIT	=	wspush
  KAAPI_WSPUSH		=	Whws
  KAAPI_WSSELECT	=	hws_N_P
OPENMP DISPLAY ENVIRONMENT END
#Output follows this header :
##Progname Size Blocksize Iterations Threads Gflops(Mean) 
dpotrf_taskdep 16384 224 1 192 1110.131643
#Experience summarry : avg : 1110.131643 :: std : 0.000000 :: min : 1110.131643 :: max : 1110.131643 :: median : 1110.131643

OPENMP DISPLAY ENVIRONMENT BEGIN
  OMP_NUM_THREADS	=	192	(user-defined)
  OMP_THREAD_LIMIT	=	8192	(libKOMP default)
  OMP_STACKSIZE		=	8388608	(libKOMP default)
  OMP_MAX_ACTIVE_LEVELS	=	256	(libKOMP default)
  OMP_NESTED		=	false	(libKOMP default)
  OMP_DYNAMIC		=	false	(libKOMP default)
  OMP_PROC_BIND		=	true	(libKOMP default)
  OMP_PLACES		=	{0},{1},{2},{3},{4},{5},{6},{7},{8},{9},{10},{11},{12},{13},{14},{15},{16},{17},{18},{19},{20},{21},{22},{23},{24},{25},{26},{27},{28},{29},{30},{31},{32},{33},{34},{35},{36},{37},{38},{39},{40},{41},{42},{43},{44},{45},{46},{47},{48},{49},{50},{51},{52},{53},{54},{55},{56},{57},{58},{59},{60},{61},{62},{63},{64},{65},{66},{67},{68},{69},{70},{71},{72},{73},{74},{75},{76},{77},{78},{79},{80},{81},{82},{83},{84},{85},{86},{87},{88},{89},{90},{91},{92},{93},{94},{95},{96},{97},{98},{99},{100},{101},{102},{103},{104},{105},{106},{107},{108},{109},{110},{111},{112},{113},{114},{115},{116},{117},{118},{119},{120},{121},{122},{123},{124},{125},{126},{127},{128},{129},{130},{131},{132},{133},{134},{135},{136},{137},{138},{139},{140},{141},{142},{143},{144},{145},{146},{147},{148},{149},{150},{151},{152},{153},{154},{155},{156},{157},{158},{159},{160},{161},{162},{163},{164},{165},{166},{167},{168},{169},{170},{171},{172},{173},{174},{175},{176},{177},{178},{179},{180},{181},{182},{183},{184},{185},{186},{187},{188},{189},{190},{191}	(user-defined)
  OMP_SCHEDULE		=	auto	(libKOMP default)
  OMP_CANCELLATION	=	false	(libKOMP default)
  KOMP_DISPLAY_PERF	=	no	(libKOMP default)
  KOMP_STEAL_PROTOCOL	=	noaggr	(libKOMP default)
  KAAPI_WSPUSH_INIT	=	wspush
  KAAPI_WSPUSH		=	Whws
  KAAPI_WSSELECT	=	hws_N_P
OPENMP DISPLAY ENVIRONMENT END
#Output follows this header :
##Progname Size Blocksize Iterations Threads Gflops(Mean) 
dpotrf_taskdep 16384 224 1 192 1278.094520
#Experience summarry : avg : 1278.094520 :: std : 0.000000 :: min : 1278.094520 :: max : 1278.094520 :: median : 1278.094520

OPENMP DISPLAY ENVIRONMENT BEGIN
  OMP_NUM_THREADS	=	192	(user-defined)
  OMP_THREAD_LIMIT	=	8192	(libKOMP default)
  OMP_STACKSIZE		=	8388608	(libKOMP default)
  OMP_MAX_ACTIVE_LEVELS	=	256	(libKOMP default)
  OMP_NESTED		=	false	(libKOMP default)
  OMP_DYNAMIC		=	false	(libKOMP default)
  OMP_PROC_BIND		=	true	(libKOMP default)
  OMP_PLACES		=	{0},{1},{2},{3},{4},{5},{6},{7},{8},{9},{10},{11},{12},{13},{14},{15},{16},{17},{18},{19},{20},{21},{22},{23},{24},{25},{26},{27},{28},{29},{30},{31},{32},{33},{34},{35},{36},{37},{38},{39},{40},{41},{42},{43},{44},{45},{46},{47},{48},{49},{50},{51},{52},{53},{54},{55},{56},{57},{58},{59},{60},{61},{62},{63},{64},{65},{66},{67},{68},{69},{70},{71},{72},{73},{74},{75},{76},{77},{78},{79},{80},{81},{82},{83},{84},{85},{86},{87},{88},{89},{90},{91},{92},{93},{94},{95},{96},{97},{98},{99},{100},{101},{102},{103},{104},{105},{106},{107},{108},{109},{110},{111},{112},{113},{114},{115},{116},{117},{118},{119},{120},{121},{122},{123},{124},{125},{126},{127},{128},{129},{130},{131},{132},{133},{134},{135},{136},{137},{138},{139},{140},{141},{142},{143},{144},{145},{146},{147},{148},{149},{150},{151},{152},{153},{154},{155},{156},{157},{158},{159},{160},{161},{162},{163},{164},{165},{166},{167},{168},{169},{170},{171},{172},{173},{174},{175},{176},{177},{178},{179},{180},{181},{182},{183},{184},{185},{186},{187},{188},{189},{190},{191}	(user-defined)
  OMP_SCHEDULE		=	auto	(libKOMP default)
  OMP_CANCELLATION	=	false	(libKOMP default)
  KOMP_DISPLAY_PERF	=	no	(libKOMP default)
  KOMP_STEAL_PROTOCOL	=	noaggr	(libKOMP default)
  KAAPI_WSPUSH_INIT	=	wspush
  KAAPI_WSPUSH		=	Whws
  KAAPI_WSSELECT	=	hws_N_P
OPENMP DISPLAY ENVIRONMENT END
#Output follows this header :
##Progname Size Blocksize Iterations Threads Gflops(Mean) 
dpotrf_taskdep 16384 224 1 192 1255.545830
#Experience summarry : avg : 1255.545830 :: std : 0.000000 :: min : 1255.545830 :: max : 1255.545830 :: median : 1255.545830

OPENMP DISPLAY ENVIRONMENT BEGIN
  OMP_NUM_THREADS	=	192	(user-defined)
  OMP_THREAD_LIMIT	=	8192	(libKOMP default)
  OMP_STACKSIZE		=	8388608	(libKOMP default)
  OMP_MAX_ACTIVE_LEVELS	=	256	(libKOMP default)
  OMP_NESTED		=	false	(libKOMP default)
  OMP_DYNAMIC		=	false	(libKOMP default)
  OMP_PROC_BIND		=	true	(libKOMP default)
  OMP_PLACES		=	{0},{1},{2},{3},{4},{5},{6},{7},{8},{9},{10},{11},{12},{13},{14},{15},{16},{17},{18},{19},{20},{21},{22},{23},{24},{25},{26},{27},{28},{29},{30},{31},{32},{33},{34},{35},{36},{37},{38},{39},{40},{41},{42},{43},{44},{45},{46},{47},{48},{49},{50},{51},{52},{53},{54},{55},{56},{57},{58},{59},{60},{61},{62},{63},{64},{65},{66},{67},{68},{69},{70},{71},{72},{73},{74},{75},{76},{77},{78},{79},{80},{81},{82},{83},{84},{85},{86},{87},{88},{89},{90},{91},{92},{93},{94},{95},{96},{97},{98},{99},{100},{101},{102},{103},{104},{105},{106},{107},{108},{109},{110},{111},{112},{113},{114},{115},{116},{117},{118},{119},{120},{121},{122},{123},{124},{125},{126},{127},{128},{129},{130},{131},{132},{133},{134},{135},{136},{137},{138},{139},{140},{141},{142},{143},{144},{145},{146},{147},{148},{149},{150},{151},{152},{153},{154},{155},{156},{157},{158},{159},{160},{161},{162},{163},{164},{165},{166},{167},{168},{169},{170},{171},{172},{173},{174},{175},{176},{177},{178},{179},{180},{181},{182},{183},{184},{185},{186},{187},{188},{189},{190},{191}	(user-defined)
  OMP_SCHEDULE		=	auto	(libKOMP default)
  OMP_CANCELLATION	=	false	(libKOMP default)
  KOMP_DISPLAY_PERF	=	no	(libKOMP default)
  KOMP_STEAL_PROTOCOL	=	noaggr	(libKOMP default)
  KAAPI_WSPUSH_INIT	=	wspush
  KAAPI_WSPUSH		=	Whws
  KAAPI_WSSELECT	=	hws_N_P
OPENMP DISPLAY ENVIRONMENT END
#Output follows this header :
##Progname Size Blocksize Iterations Threads Gflops(Mean) 
dpotrf_taskdep 16384 224 1 192 1007.690008
#Experience summarry : avg : 1007.690008 :: std : 0.000000 :: min : 1007.690008 :: max : 1007.690008 :: median : 1007.690008

OPENMP DISPLAY ENVIRONMENT BEGIN
  OMP_NUM_THREADS	=	192	(user-defined)
  OMP_THREAD_LIMIT	=	8192	(libKOMP default)
  OMP_STACKSIZE		=	8388608	(libKOMP default)
  OMP_MAX_ACTIVE_LEVELS	=	256	(libKOMP default)
  OMP_NESTED		=	false	(libKOMP default)
  OMP_DYNAMIC		=	false	(libKOMP default)
  OMP_PROC_BIND		=	true	(libKOMP default)
  OMP_PLACES		=	{0},{1},{2},{3},{4},{5},{6},{7},{8},{9},{10},{11},{12},{13},{14},{15},{16},{17},{18},{19},{20},{21},{22},{23},{24},{25},{26},{27},{28},{29},{30},{31},{32},{33},{34},{35},{36},{37},{38},{39},{40},{41},{42},{43},{44},{45},{46},{47},{48},{49},{50},{51},{52},{53},{54},{55},{56},{57},{58},{59},{60},{61},{62},{63},{64},{65},{66},{67},{68},{69},{70},{71},{72},{73},{74},{75},{76},{77},{78},{79},{80},{81},{82},{83},{84},{85},{86},{87},{88},{89},{90},{91},{92},{93},{94},{95},{96},{97},{98},{99},{100},{101},{102},{103},{104},{105},{106},{107},{108},{109},{110},{111},{112},{113},{114},{115},{116},{117},{118},{119},{120},{121},{122},{123},{124},{125},{126},{127},{128},{129},{130},{131},{132},{133},{134},{135},{136},{137},{138},{139},{140},{141},{142},{143},{144},{145},{146},{147},{148},{149},{150},{151},{152},{153},{154},{155},{156},{157},{158},{159},{160},{161},{162},{163},{164},{165},{166},{167},{168},{169},{170},{171},{172},{173},{174},{175},{176},{177},{178},{179},{180},{181},{182},{183},{184},{185},{186},{187},{188},{189},{190},{191}	(user-defined)
  OMP_SCHEDULE		=	auto	(libKOMP default)
  OMP_CANCELLATION	=	false	(libKOMP default)
  KOMP_DISPLAY_PERF	=	no	(libKOMP default)
  KOMP_STEAL_PROTOCOL	=	noaggr	(libKOMP default)
  KAAPI_WSPUSH_INIT	=	wspush
  KAAPI_WSPUSH		=	Whws
  KAAPI_WSSELECT	=	hws_N_P
OPENMP DISPLAY ENVIRONMENT END
#Output follows this header :
##Progname Size Blocksize Iterations Threads Gflops(Mean) 
dpotrf_taskdep 16384 224 1 192 1071.204136
#Experience summarry : avg : 1071.204136 :: std : 0.000000 :: min : 1071.204136 :: max : 1071.204136 :: median : 1071.204136

OPENMP DISPLAY ENVIRONMENT BEGIN
  OMP_NUM_THREADS	=	192	(user-defined)
  OMP_THREAD_LIMIT	=	8192	(libKOMP default)
  OMP_STACKSIZE		=	8388608	(libKOMP default)
  OMP_MAX_ACTIVE_LEVELS	=	256	(libKOMP default)
  OMP_NESTED		=	false	(libKOMP default)
  OMP_DYNAMIC		=	false	(libKOMP default)
  OMP_PROC_BIND		=	true	(libKOMP default)
  OMP_PLACES		=	{0},{1},{2},{3},{4},{5},{6},{7},{8},{9},{10},{11},{12},{13},{14},{15},{16},{17},{18},{19},{20},{21},{22},{23},{24},{25},{26},{27},{28},{29},{30},{31},{32},{33},{34},{35},{36},{37},{38},{39},{40},{41},{42},{43},{44},{45},{46},{47},{48},{49},{50},{51},{52},{53},{54},{55},{56},{57},{58},{59},{60},{61},{62},{63},{64},{65},{66},{67},{68},{69},{70},{71},{72},{73},{74},{75},{76},{77},{78},{79},{80},{81},{82},{83},{84},{85},{86},{87},{88},{89},{90},{91},{92},{93},{94},{95},{96},{97},{98},{99},{100},{101},{102},{103},{104},{105},{106},{107},{108},{109},{110},{111},{112},{113},{114},{115},{116},{117},{118},{119},{120},{121},{122},{123},{124},{125},{126},{127},{128},{129},{130},{131},{132},{133},{134},{135},{136},{137},{138},{139},{140},{141},{142},{143},{144},{145},{146},{147},{148},{149},{150},{151},{152},{153},{154},{155},{156},{157},{158},{159},{160},{161},{162},{163},{164},{165},{166},{167},{168},{169},{170},{171},{172},{173},{174},{175},{176},{177},{178},{179},{180},{181},{182},{183},{184},{185},{186},{187},{188},{189},{190},{191}	(user-defined)
  OMP_SCHEDULE		=	auto	(libKOMP default)
  OMP_CANCELLATION	=	false	(libKOMP default)
  KOMP_DISPLAY_PERF	=	no	(libKOMP default)
  KOMP_STEAL_PROTOCOL	=	noaggr	(libKOMP default)
  KAAPI_WSPUSH_INIT	=	wspush
  KAAPI_WSPUSH		=	Whws
  KAAPI_WSSELECT	=	hws_N_P
OPENMP DISPLAY ENVIRONMENT END
#Output follows this header :
##Progname Size Blocksize Iterations Threads Gflops(Mean) 
dpotrf_taskdep 16384 256 1 192 1264.003918
#Experience summarry : avg : 1264.003918 :: std : 0.000000 :: min : 1264.003918 :: max : 1264.003918 :: median : 1264.003918

OPENMP DISPLAY ENVIRONMENT BEGIN
  OMP_NUM_THREADS	=	192	(user-defined)
  OMP_THREAD_LIMIT	=	8192	(libKOMP default)
  OMP_STACKSIZE		=	8388608	(libKOMP default)
  OMP_MAX_ACTIVE_LEVELS	=	256	(libKOMP default)
  OMP_NESTED		=	false	(libKOMP default)
  OMP_DYNAMIC		=	false	(libKOMP default)
  OMP_PROC_BIND		=	true	(libKOMP default)
  OMP_PLACES		=	{0},{1},{2},{3},{4},{5},{6},{7},{8},{9},{10},{11},{12},{13},{14},{15},{16},{17},{18},{19},{20},{21},{22},{23},{24},{25},{26},{27},{28},{29},{30},{31},{32},{33},{34},{35},{36},{37},{38},{39},{40},{41},{42},{43},{44},{45},{46},{47},{48},{49},{50},{51},{52},{53},{54},{55},{56},{57},{58},{59},{60},{61},{62},{63},{64},{65},{66},{67},{68},{69},{70},{71},{72},{73},{74},{75},{76},{77},{78},{79},{80},{81},{82},{83},{84},{85},{86},{87},{88},{89},{90},{91},{92},{93},{94},{95},{96},{97},{98},{99},{100},{101},{102},{103},{104},{105},{106},{107},{108},{109},{110},{111},{112},{113},{114},{115},{116},{117},{118},{119},{120},{121},{122},{123},{124},{125},{126},{127},{128},{129},{130},{131},{132},{133},{134},{135},{136},{137},{138},{139},{140},{141},{142},{143},{144},{145},{146},{147},{148},{149},{150},{151},{152},{153},{154},{155},{156},{157},{158},{159},{160},{161},{162},{163},{164},{165},{166},{167},{168},{169},{170},{171},{172},{173},{174},{175},{176},{177},{178},{179},{180},{181},{182},{183},{184},{185},{186},{187},{188},{189},{190},{191}	(user-defined)
  OMP_SCHEDULE		=	auto	(libKOMP default)
  OMP_CANCELLATION	=	false	(libKOMP default)
  KOMP_DISPLAY_PERF	=	no	(libKOMP default)
  KOMP_STEAL_PROTOCOL	=	noaggr	(libKOMP default)
  KAAPI_WSPUSH_INIT	=	wspush
  KAAPI_WSPUSH		=	Whws
  KAAPI_WSSELECT	=	hws_N_P
OPENMP DISPLAY ENVIRONMENT END
#Output follows this header :
##Progname Size Blocksize Iterations Threads Gflops(Mean) 
dpotrf_taskdep 16384 256 1 192 1355.065357
#Experience summarry : avg : 1355.065357 :: std : 0.000000 :: min : 1355.065357 :: max : 1355.065357 :: median : 1355.065357

OPENMP DISPLAY ENVIRONMENT BEGIN
  OMP_NUM_THREADS	=	192	(user-defined)
  OMP_THREAD_LIMIT	=	8192	(libKOMP default)
  OMP_STACKSIZE		=	8388608	(libKOMP default)
  OMP_MAX_ACTIVE_LEVELS	=	256	(libKOMP default)
  OMP_NESTED		=	false	(libKOMP default)
  OMP_DYNAMIC		=	false	(libKOMP default)
  OMP_PROC_BIND		=	true	(libKOMP default)
  OMP_PLACES		=	{0},{1},{2},{3},{4},{5},{6},{7},{8},{9},{10},{11},{12},{13},{14},{15},{16},{17},{18},{19},{20},{21},{22},{23},{24},{25},{26},{27},{28},{29},{30},{31},{32},{33},{34},{35},{36},{37},{38},{39},{40},{41},{42},{43},{44},{45},{46},{47},{48},{49},{50},{51},{52},{53},{54},{55},{56},{57},{58},{59},{60},{61},{62},{63},{64},{65},{66},{67},{68},{69},{70},{71},{72},{73},{74},{75},{76},{77},{78},{79},{80},{81},{82},{83},{84},{85},{86},{87},{88},{89},{90},{91},{92},{93},{94},{95},{96},{97},{98},{99},{100},{101},{102},{103},{104},{105},{106},{107},{108},{109},{110},{111},{112},{113},{114},{115},{116},{117},{118},{119},{120},{121},{122},{123},{124},{125},{126},{127},{128},{129},{130},{131},{132},{133},{134},{135},{136},{137},{138},{139},{140},{141},{142},{143},{144},{145},{146},{147},{148},{149},{150},{151},{152},{153},{154},{155},{156},{157},{158},{159},{160},{161},{162},{163},{164},{165},{166},{167},{168},{169},{170},{171},{172},{173},{174},{175},{176},{177},{178},{179},{180},{181},{182},{183},{184},{185},{186},{187},{188},{189},{190},{191}	(user-defined)
  OMP_SCHEDULE		=	auto	(libKOMP default)
  OMP_CANCELLATION	=	false	(libKOMP default)
  KOMP_DISPLAY_PERF	=	no	(libKOMP default)
  KOMP_STEAL_PROTOCOL	=	noaggr	(libKOMP default)
  KAAPI_WSPUSH_INIT	=	wspush
  KAAPI_WSPUSH		=	Whws
  KAAPI_WSSELECT	=	hws_N_P
OPENMP DISPLAY ENVIRONMENT END
#Output follows this header :
##Progname Size Blocksize Iterations Threads Gflops(Mean) 
dpotrf_taskdep 16384 256 1 192 1317.681304
#Experience summarry : avg : 1317.681304 :: std : 0.000000 :: min : 1317.681304 :: max : 1317.681304 :: median : 1317.681304

OPENMP DISPLAY ENVIRONMENT BEGIN
  OMP_NUM_THREADS	=	192	(user-defined)
  OMP_THREAD_LIMIT	=	8192	(libKOMP default)
  OMP_STACKSIZE		=	8388608	(libKOMP default)
  OMP_MAX_ACTIVE_LEVELS	=	256	(libKOMP default)
  OMP_NESTED		=	false	(libKOMP default)
  OMP_DYNAMIC		=	false	(libKOMP default)
  OMP_PROC_BIND		=	true	(libKOMP default)
  OMP_PLACES		=	{0},{1},{2},{3},{4},{5},{6},{7},{8},{9},{10},{11},{12},{13},{14},{15},{16},{17},{18},{19},{20},{21},{22},{23},{24},{25},{26},{27},{28},{29},{30},{31},{32},{33},{34},{35},{36},{37},{38},{39},{40},{41},{42},{43},{44},{45},{46},{47},{48},{49},{50},{51},{52},{53},{54},{55},{56},{57},{58},{59},{60},{61},{62},{63},{64},{65},{66},{67},{68},{69},{70},{71},{72},{73},{74},{75},{76},{77},{78},{79},{80},{81},{82},{83},{84},{85},{86},{87},{88},{89},{90},{91},{92},{93},{94},{95},{96},{97},{98},{99},{100},{101},{102},{103},{104},{105},{106},{107},{108},{109},{110},{111},{112},{113},{114},{115},{116},{117},{118},{119},{120},{121},{122},{123},{124},{125},{126},{127},{128},{129},{130},{131},{132},{133},{134},{135},{136},{137},{138},{139},{140},{141},{142},{143},{144},{145},{146},{147},{148},{149},{150},{151},{152},{153},{154},{155},{156},{157},{158},{159},{160},{161},{162},{163},{164},{165},{166},{167},{168},{169},{170},{171},{172},{173},{174},{175},{176},{177},{178},{179},{180},{181},{182},{183},{184},{185},{186},{187},{188},{189},{190},{191}	(user-defined)
  OMP_SCHEDULE		=	auto	(libKOMP default)
  OMP_CANCELLATION	=	false	(libKOMP default)
  KOMP_DISPLAY_PERF	=	no	(libKOMP default)
  KOMP_STEAL_PROTOCOL	=	noaggr	(libKOMP default)
  KAAPI_WSPUSH_INIT	=	wspush
  KAAPI_WSPUSH		=	Whws
  KAAPI_WSSELECT	=	hws_N_P
OPENMP DISPLAY ENVIRONMENT END
#Output follows this header :
##Progname Size Blocksize Iterations Threads Gflops(Mean) 
dpotrf_taskdep 16384 256 1 192 1430.933037
#Experience summarry : avg : 1430.933037 :: std : 0.000000 :: min : 1430.933037 :: max : 1430.933037 :: median : 1430.933037

OPENMP DISPLAY ENVIRONMENT BEGIN
  OMP_NUM_THREADS	=	192	(user-defined)
  OMP_THREAD_LIMIT	=	8192	(libKOMP default)
  OMP_STACKSIZE		=	8388608	(libKOMP default)
  OMP_MAX_ACTIVE_LEVELS	=	256	(libKOMP default)
  OMP_NESTED		=	false	(libKOMP default)
  OMP_DYNAMIC		=	false	(libKOMP default)
  OMP_PROC_BIND		=	true	(libKOMP default)
  OMP_PLACES		=	{0},{1},{2},{3},{4},{5},{6},{7},{8},{9},{10},{11},{12},{13},{14},{15},{16},{17},{18},{19},{20},{21},{22},{23},{24},{25},{26},{27},{28},{29},{30},{31},{32},{33},{34},{35},{36},{37},{38},{39},{40},{41},{42},{43},{44},{45},{46},{47},{48},{49},{50},{51},{52},{53},{54},{55},{56},{57},{58},{59},{60},{61},{62},{63},{64},{65},{66},{67},{68},{69},{70},{71},{72},{73},{74},{75},{76},{77},{78},{79},{80},{81},{82},{83},{84},{85},{86},{87},{88},{89},{90},{91},{92},{93},{94},{95},{96},{97},{98},{99},{100},{101},{102},{103},{104},{105},{106},{107},{108},{109},{110},{111},{112},{113},{114},{115},{116},{117},{118},{119},{120},{121},{122},{123},{124},{125},{126},{127},{128},{129},{130},{131},{132},{133},{134},{135},{136},{137},{138},{139},{140},{141},{142},{143},{144},{145},{146},{147},{148},{149},{150},{151},{152},{153},{154},{155},{156},{157},{158},{159},{160},{161},{162},{163},{164},{165},{166},{167},{168},{169},{170},{171},{172},{173},{174},{175},{176},{177},{178},{179},{180},{181},{182},{183},{184},{185},{186},{187},{188},{189},{190},{191}	(user-defined)
  OMP_SCHEDULE		=	auto	(libKOMP default)
  OMP_CANCELLATION	=	false	(libKOMP default)
  KOMP_DISPLAY_PERF	=	no	(libKOMP default)
  KOMP_STEAL_PROTOCOL	=	noaggr	(libKOMP default)
  KAAPI_WSPUSH_INIT	=	wspush
  KAAPI_WSPUSH		=	Whws
  KAAPI_WSSELECT	=	hws_N_P
OPENMP DISPLAY ENVIRONMENT END
#Output follows this header :
##Progname Size Blocksize Iterations Threads Gflops(Mean) 
dpotrf_taskdep 16384 256 1 192 1353.510568
#Experience summarry : avg : 1353.510568 :: std : 0.000000 :: min : 1353.510568 :: max : 1353.510568 :: median : 1353.510568

OPENMP DISPLAY ENVIRONMENT BEGIN
  OMP_NUM_THREADS	=	192	(user-defined)
  OMP_THREAD_LIMIT	=	8192	(libKOMP default)
  OMP_STACKSIZE		=	8388608	(libKOMP default)
  OMP_MAX_ACTIVE_LEVELS	=	256	(libKOMP default)
  OMP_NESTED		=	false	(libKOMP default)
  OMP_DYNAMIC		=	false	(libKOMP default)
  OMP_PROC_BIND		=	true	(libKOMP default)
  OMP_PLACES		=	{0},{1},{2},{3},{4},{5},{6},{7},{8},{9},{10},{11},{12},{13},{14},{15},{16},{17},{18},{19},{20},{21},{22},{23},{24},{25},{26},{27},{28},{29},{30},{31},{32},{33},{34},{35},{36},{37},{38},{39},{40},{41},{42},{43},{44},{45},{46},{47},{48},{49},{50},{51},{52},{53},{54},{55},{56},{57},{58},{59},{60},{61},{62},{63},{64},{65},{66},{67},{68},{69},{70},{71},{72},{73},{74},{75},{76},{77},{78},{79},{80},{81},{82},{83},{84},{85},{86},{87},{88},{89},{90},{91},{92},{93},{94},{95},{96},{97},{98},{99},{100},{101},{102},{103},{104},{105},{106},{107},{108},{109},{110},{111},{112},{113},{114},{115},{116},{117},{118},{119},{120},{121},{122},{123},{124},{125},{126},{127},{128},{129},{130},{131},{132},{133},{134},{135},{136},{137},{138},{139},{140},{141},{142},{143},{144},{145},{146},{147},{148},{149},{150},{151},{152},{153},{154},{155},{156},{157},{158},{159},{160},{161},{162},{163},{164},{165},{166},{167},{168},{169},{170},{171},{172},{173},{174},{175},{176},{177},{178},{179},{180},{181},{182},{183},{184},{185},{186},{187},{188},{189},{190},{191}	(user-defined)
  OMP_SCHEDULE		=	auto	(libKOMP default)
  OMP_CANCELLATION	=	false	(libKOMP default)
  KOMP_DISPLAY_PERF	=	no	(libKOMP default)
  KOMP_STEAL_PROTOCOL	=	noaggr	(libKOMP default)
  KAAPI_WSPUSH_INIT	=	wspush
  KAAPI_WSPUSH		=	Whws
  KAAPI_WSSELECT	=	hws_N_P
OPENMP DISPLAY ENVIRONMENT END
#Output follows this header :
##Progname Size Blocksize Iterations Threads Gflops(Mean) 
dpotrf_taskdep 16384 512 1 192 911.847500
#Experience summarry : avg : 911.847500 :: std : 0.000000 :: min : 911.847500 :: max : 911.847500 :: median : 911.847500

OPENMP DISPLAY ENVIRONMENT BEGIN
  OMP_NUM_THREADS	=	192	(user-defined)
  OMP_THREAD_LIMIT	=	8192	(libKOMP default)
  OMP_STACKSIZE		=	8388608	(libKOMP default)
  OMP_MAX_ACTIVE_LEVELS	=	256	(libKOMP default)
  OMP_NESTED		=	false	(libKOMP default)
  OMP_DYNAMIC		=	false	(libKOMP default)
  OMP_PROC_BIND		=	true	(libKOMP default)
  OMP_PLACES		=	{0},{1},{2},{3},{4},{5},{6},{7},{8},{9},{10},{11},{12},{13},{14},{15},{16},{17},{18},{19},{20},{21},{22},{23},{24},{25},{26},{27},{28},{29},{30},{31},{32},{33},{34},{35},{36},{37},{38},{39},{40},{41},{42},{43},{44},{45},{46},{47},{48},{49},{50},{51},{52},{53},{54},{55},{56},{57},{58},{59},{60},{61},{62},{63},{64},{65},{66},{67},{68},{69},{70},{71},{72},{73},{74},{75},{76},{77},{78},{79},{80},{81},{82},{83},{84},{85},{86},{87},{88},{89},{90},{91},{92},{93},{94},{95},{96},{97},{98},{99},{100},{101},{102},{103},{104},{105},{106},{107},{108},{109},{110},{111},{112},{113},{114},{115},{116},{117},{118},{119},{120},{121},{122},{123},{124},{125},{126},{127},{128},{129},{130},{131},{132},{133},{134},{135},{136},{137},{138},{139},{140},{141},{142},{143},{144},{145},{146},{147},{148},{149},{150},{151},{152},{153},{154},{155},{156},{157},{158},{159},{160},{161},{162},{163},{164},{165},{166},{167},{168},{169},{170},{171},{172},{173},{174},{175},{176},{177},{178},{179},{180},{181},{182},{183},{184},{185},{186},{187},{188},{189},{190},{191}	(user-defined)
  OMP_SCHEDULE		=	auto	(libKOMP default)
  OMP_CANCELLATION	=	false	(libKOMP default)
  KOMP_DISPLAY_PERF	=	no	(libKOMP default)
  KOMP_STEAL_PROTOCOL	=	noaggr	(libKOMP default)
  KAAPI_WSPUSH_INIT	=	wspush
  KAAPI_WSPUSH		=	Whws
  KAAPI_WSSELECT	=	hws_N_P
OPENMP DISPLAY ENVIRONMENT END
#Output follows this header :
##Progname Size Blocksize Iterations Threads Gflops(Mean) 
dpotrf_taskdep 16384 512 1 192 836.693907
#Experience summarry : avg : 836.693907 :: std : 0.000000 :: min : 836.693907 :: max : 836.693907 :: median : 836.693907

OPENMP DISPLAY ENVIRONMENT BEGIN
  OMP_NUM_THREADS	=	192	(user-defined)
  OMP_THREAD_LIMIT	=	8192	(libKOMP default)
  OMP_STACKSIZE		=	8388608	(libKOMP default)
  OMP_MAX_ACTIVE_LEVELS	=	256	(libKOMP default)
  OMP_NESTED		=	false	(libKOMP default)
  OMP_DYNAMIC		=	false	(libKOMP default)
  OMP_PROC_BIND		=	true	(libKOMP default)
  OMP_PLACES		=	{0},{1},{2},{3},{4},{5},{6},{7},{8},{9},{10},{11},{12},{13},{14},{15},{16},{17},{18},{19},{20},{21},{22},{23},{24},{25},{26},{27},{28},{29},{30},{31},{32},{33},{34},{35},{36},{37},{38},{39},{40},{41},{42},{43},{44},{45},{46},{47},{48},{49},{50},{51},{52},{53},{54},{55},{56},{57},{58},{59},{60},{61},{62},{63},{64},{65},{66},{67},{68},{69},{70},{71},{72},{73},{74},{75},{76},{77},{78},{79},{80},{81},{82},{83},{84},{85},{86},{87},{88},{89},{90},{91},{92},{93},{94},{95},{96},{97},{98},{99},{100},{101},{102},{103},{104},{105},{106},{107},{108},{109},{110},{111},{112},{113},{114},{115},{116},{117},{118},{119},{120},{121},{122},{123},{124},{125},{126},{127},{128},{129},{130},{131},{132},{133},{134},{135},{136},{137},{138},{139},{140},{141},{142},{143},{144},{145},{146},{147},{148},{149},{150},{151},{152},{153},{154},{155},{156},{157},{158},{159},{160},{161},{162},{163},{164},{165},{166},{167},{168},{169},{170},{171},{172},{173},{174},{175},{176},{177},{178},{179},{180},{181},{182},{183},{184},{185},{186},{187},{188},{189},{190},{191}	(user-defined)
  OMP_SCHEDULE		=	auto	(libKOMP default)
  OMP_CANCELLATION	=	false	(libKOMP default)
  KOMP_DISPLAY_PERF	=	no	(libKOMP default)
  KOMP_STEAL_PROTOCOL	=	noaggr	(libKOMP default)
  KAAPI_WSPUSH_INIT	=	wspush
  KAAPI_WSPUSH		=	Whws
  KAAPI_WSSELECT	=	hws_N_P
OPENMP DISPLAY ENVIRONMENT END
#Output follows this header :
##Progname Size Blocksize Iterations Threads Gflops(Mean) 
dpotrf_taskdep 16384 512 1 192 956.727008
#Experience summarry : avg : 956.727008 :: std : 0.000000 :: min : 956.727008 :: max : 956.727008 :: median : 956.727008

OPENMP DISPLAY ENVIRONMENT BEGIN
  OMP_NUM_THREADS	=	192	(user-defined)
  OMP_THREAD_LIMIT	=	8192	(libKOMP default)
  OMP_STACKSIZE		=	8388608	(libKOMP default)
  OMP_MAX_ACTIVE_LEVELS	=	256	(libKOMP default)
  OMP_NESTED		=	false	(libKOMP default)
  OMP_DYNAMIC		=	false	(libKOMP default)
  OMP_PROC_BIND		=	true	(libKOMP default)
  OMP_PLACES		=	{0},{1},{2},{3},{4},{5},{6},{7},{8},{9},{10},{11},{12},{13},{14},{15},{16},{17},{18},{19},{20},{21},{22},{23},{24},{25},{26},{27},{28},{29},{30},{31},{32},{33},{34},{35},{36},{37},{38},{39},{40},{41},{42},{43},{44},{45},{46},{47},{48},{49},{50},{51},{52},{53},{54},{55},{56},{57},{58},{59},{60},{61},{62},{63},{64},{65},{66},{67},{68},{69},{70},{71},{72},{73},{74},{75},{76},{77},{78},{79},{80},{81},{82},{83},{84},{85},{86},{87},{88},{89},{90},{91},{92},{93},{94},{95},{96},{97},{98},{99},{100},{101},{102},{103},{104},{105},{106},{107},{108},{109},{110},{111},{112},{113},{114},{115},{116},{117},{118},{119},{120},{121},{122},{123},{124},{125},{126},{127},{128},{129},{130},{131},{132},{133},{134},{135},{136},{137},{138},{139},{140},{141},{142},{143},{144},{145},{146},{147},{148},{149},{150},{151},{152},{153},{154},{155},{156},{157},{158},{159},{160},{161},{162},{163},{164},{165},{166},{167},{168},{169},{170},{171},{172},{173},{174},{175},{176},{177},{178},{179},{180},{181},{182},{183},{184},{185},{186},{187},{188},{189},{190},{191}	(user-defined)
  OMP_SCHEDULE		=	auto	(libKOMP default)
  OMP_CANCELLATION	=	false	(libKOMP default)
  KOMP_DISPLAY_PERF	=	no	(libKOMP default)
  KOMP_STEAL_PROTOCOL	=	noaggr	(libKOMP default)
  KAAPI_WSPUSH_INIT	=	wspush
  KAAPI_WSPUSH		=	Whws
  KAAPI_WSSELECT	=	hws_N_P
OPENMP DISPLAY ENVIRONMENT END
#Output follows this header :
##Progname Size Blocksize Iterations Threads Gflops(Mean) 
dpotrf_taskdep 16384 512 1 192 933.004107
#Experience summarry : avg : 933.004107 :: std : 0.000000 :: min : 933.004107 :: max : 933.004107 :: median : 933.004107

OPENMP DISPLAY ENVIRONMENT BEGIN
  OMP_NUM_THREADS	=	192	(user-defined)
  OMP_THREAD_LIMIT	=	8192	(libKOMP default)
  OMP_STACKSIZE		=	8388608	(libKOMP default)
  OMP_MAX_ACTIVE_LEVELS	=	256	(libKOMP default)
  OMP_NESTED		=	false	(libKOMP default)
  OMP_DYNAMIC		=	false	(libKOMP default)
  OMP_PROC_BIND		=	true	(libKOMP default)
  OMP_PLACES		=	{0},{1},{2},{3},{4},{5},{6},{7},{8},{9},{10},{11},{12},{13},{14},{15},{16},{17},{18},{19},{20},{21},{22},{23},{24},{25},{26},{27},{28},{29},{30},{31},{32},{33},{34},{35},{36},{37},{38},{39},{40},{41},{42},{43},{44},{45},{46},{47},{48},{49},{50},{51},{52},{53},{54},{55},{56},{57},{58},{59},{60},{61},{62},{63},{64},{65},{66},{67},{68},{69},{70},{71},{72},{73},{74},{75},{76},{77},{78},{79},{80},{81},{82},{83},{84},{85},{86},{87},{88},{89},{90},{91},{92},{93},{94},{95},{96},{97},{98},{99},{100},{101},{102},{103},{104},{105},{106},{107},{108},{109},{110},{111},{112},{113},{114},{115},{116},{117},{118},{119},{120},{121},{122},{123},{124},{125},{126},{127},{128},{129},{130},{131},{132},{133},{134},{135},{136},{137},{138},{139},{140},{141},{142},{143},{144},{145},{146},{147},{148},{149},{150},{151},{152},{153},{154},{155},{156},{157},{158},{159},{160},{161},{162},{163},{164},{165},{166},{167},{168},{169},{170},{171},{172},{173},{174},{175},{176},{177},{178},{179},{180},{181},{182},{183},{184},{185},{186},{187},{188},{189},{190},{191}	(user-defined)
  OMP_SCHEDULE		=	auto	(libKOMP default)
  OMP_CANCELLATION	=	false	(libKOMP default)
  KOMP_DISPLAY_PERF	=	no	(libKOMP default)
  KOMP_STEAL_PROTOCOL	=	noaggr	(libKOMP default)
  KAAPI_WSPUSH_INIT	=	wspush
  KAAPI_WSPUSH		=	Whws
  KAAPI_WSSELECT	=	hws_N_P
OPENMP DISPLAY ENVIRONMENT END
#Output follows this header :
##Progname Size Blocksize Iterations Threads Gflops(Mean) 
dpotrf_taskdep 16384 512 1 192 971.861148
#Experience summarry : avg : 971.861148 :: std : 0.000000 :: min : 971.861148 :: max : 971.861148 :: median : 971.861148

